TpTrace Verbose: 0 : 2676, 1, 2024/04/02, 12:05:48.436, 795616929815, vstest.console.dll, Version: 17.9.0-release-23627-01 Current process architecture: X64
TpTrace Verbose: 0 : 2676, 1, 2024/04/02, 12:05:48.438, 795616955846, vstest.console.dll, Runtime location: C:\Program Files\dotnet\shared\Microsoft.NETCore.App\8.0.2
TpTrace Verbose: 0 : 2676, 1, 2024/04/02, 12:05:48.440, 795616976989, vstest.console.dll, ArtifactProcessingPostProcessModeProcessorExecutor.Initialize: ArtifactProcessingMode.Collect
TpTrace Verbose: 0 : 2676, 1, 2024/04/02, 12:05:48.441, 795616978319, vstest.console.dll, TestSessionCorrelationIdProcessorModeProcessorExecutor.Initialize: TestSessionCorrelationId '11140_f27e9ccc-7c0a-4ae2-b35e-4553e881f6b9'
TpTrace Information: 0 : 2676, 1, 2024/04/02, 12:05:48.447, 795617044663, vstest.console.dll, FilePatternParser: The given file C:\Users\ekrem\Documents\GitHub\HoneyZoneMvc\Honey-Zone\HoneyZoneMvc.Tests\bin\Debug\net6.0\fine-code-coverage\build-output\HoneyZoneMvc.Tests.dll is a full path.
TpTrace Verbose: 0 : 2676, 1, 2024/04/02, 12:05:48.451, 795617087171, vstest.console.dll, TestPluginCache.DiscoverTestExtensions: finding test extensions in assemblies ends with: RuntimeProvider.dll TPluginInfo: Microsoft.VisualStudio.TestPlatform.Common.ExtensionFramework.Utilities.TestRuntimePluginInformation TExtension: Microsoft.VisualStudio.TestPlatform.ObjectModel.Host.ITestRuntimeProvider
TpTrace Verbose: 0 : 2676, 1, 2024/04/02, 12:05:48.452, 795617090169, vstest.console.dll, TestPluginCache.GetExtensionPaths: Filtered extension paths: 
TpTrace Verbose: 0 : 2676, 1, 2024/04/02, 12:05:48.452, 795617090879, vstest.console.dll, TestPluginCache.GetExtensionPaths: Added default extension paths: C:\Program Files\dotnet\sdk\8.0.200\Extensions\Microsoft.Diagnostics.NETCore.Client.dll
C:\Program Files\dotnet\sdk\8.0.200\Extensions\Microsoft.TestPlatform.Extensions.BlameDataCollector.dll
C:\Program Files\dotnet\sdk\8.0.200\Extensions\Microsoft.TestPlatform.Extensions.EventLogCollector.dll
C:\Program Files\dotnet\sdk\8.0.200\Extensions\Microsoft.TestPlatform.TestHostRuntimeProvider.dll
C:\Program Files\dotnet\sdk\8.0.200\Extensions\Microsoft.VisualStudio.TestPlatform.Extensions.Html.TestLogger.dll
C:\Program Files\dotnet\sdk\8.0.200\Extensions\Microsoft.VisualStudio.TestPlatform.Extensions.Trx.TestLogger.dll
TpTrace Verbose: 0 : 2676, 1, 2024/04/02, 12:05:48.452, 795617091235, vstest.console.dll, TestPluginCache.GetExtensionPaths: Added unfilterableExtensionPaths: 
TpTrace Information: 0 : 2676, 1, 2024/04/02, 12:05:48.452, 795617096312, vstest.console.dll, AssemblyResolver.ctor: Creating AssemblyResolver with searchDirectories C:\Program Files\dotnet\sdk\8.0.200\Extensions,C:\Program Files\dotnet\sdk\8.0.200
TpTrace Verbose: 0 : 2676, 1, 2024/04/02, 12:05:48.454, 795617110294, vstest.console.dll, TestPluginCache.DiscoverTestExtensions: Discovering the extensions using extension path.
TpTrace Verbose: 0 : 2676, 1, 2024/04/02, 12:05:48.454, 795617111677, vstest.console.dll, TestPluginCache.GetExtensionPaths: Filtered extension paths: 
TpTrace Verbose: 0 : 2676, 1, 2024/04/02, 12:05:48.454, 795617112097, vstest.console.dll, TestPluginCache.GetExtensionPaths: Added default extension paths: C:\Program Files\dotnet\sdk\8.0.200\Extensions\Microsoft.Diagnostics.NETCore.Client.dll
C:\Program Files\dotnet\sdk\8.0.200\Extensions\Microsoft.TestPlatform.Extensions.BlameDataCollector.dll
C:\Program Files\dotnet\sdk\8.0.200\Extensions\Microsoft.TestPlatform.Extensions.EventLogCollector.dll
C:\Program Files\dotnet\sdk\8.0.200\Extensions\Microsoft.TestPlatform.TestHostRuntimeProvider.dll
C:\Program Files\dotnet\sdk\8.0.200\Extensions\Microsoft.VisualStudio.TestPlatform.Extensions.Html.TestLogger.dll
C:\Program Files\dotnet\sdk\8.0.200\Extensions\Microsoft.VisualStudio.TestPlatform.Extensions.Trx.TestLogger.dll
TpTrace Verbose: 0 : 2676, 1, 2024/04/02, 12:05:48.454, 795617112357, vstest.console.dll, TestPluginCache.GetExtensionPaths: Added unfilterableExtensionPaths: 
TpTrace Verbose: 0 : 2676, 1, 2024/04/02, 12:05:48.454, 795617112958, vstest.console.dll, TestPluginCache.DiscoverTestExtensions: Discovering the extensions using allExtensionPaths: C:\Program Files\dotnet\sdk\8.0.200\Extensions\Microsoft.Diagnostics.NETCore.Client.dll
C:\Program Files\dotnet\sdk\8.0.200\Extensions\Microsoft.TestPlatform.Extensions.BlameDataCollector.dll
C:\Program Files\dotnet\sdk\8.0.200\Extensions\Microsoft.TestPlatform.Extensions.EventLogCollector.dll
C:\Program Files\dotnet\sdk\8.0.200\Extensions\Microsoft.TestPlatform.TestHostRuntimeProvider.dll
C:\Program Files\dotnet\sdk\8.0.200\Extensions\Microsoft.VisualStudio.TestPlatform.Extensions.Html.TestLogger.dll
C:\Program Files\dotnet\sdk\8.0.200\Extensions\Microsoft.VisualStudio.TestPlatform.Extensions.Trx.TestLogger.dll
TpTrace Information: 0 : 2676, 1, 2024/04/02, 12:05:48.454, 795617114395, vstest.console.dll, AssemblyResolver.AddSearchDirectories: Adding more searchDirectories C:\Program Files\dotnet\sdk\8.0.200\Extensions,C:\Program Files\dotnet\sdk\8.0.200
TpTrace Information: 0 : 2676, 1, 2024/04/02, 12:05:48.454, 795617115006, vstest.console.dll, AssemblyResolver.AddSearchDirectories: Adding more searchDirectories C:\Program Files\dotnet\sdk\8.0.200\Extensions,C:\Program Files\dotnet\sdk\8.0.200
TpTrace Information: 0 : 2676, 1, 2024/04/02, 12:05:48.454, 795617115329, vstest.console.dll, AssemblyResolver.AddSearchDirectories: Adding more searchDirectories C:\Program Files\dotnet\sdk\8.0.200\Extensions,C:\Program Files\dotnet\sdk\8.0.200
TpTrace Information: 0 : 2676, 1, 2024/04/02, 12:05:48.454, 795617115604, vstest.console.dll, AssemblyResolver.AddSearchDirectories: Adding more searchDirectories C:\Program Files\dotnet\sdk\8.0.200\Extensions,C:\Program Files\dotnet\sdk\8.0.200
TpTrace Information: 0 : 2676, 1, 2024/04/02, 12:05:48.454, 795617115912, vstest.console.dll, AssemblyResolver.AddSearchDirectories: Adding more searchDirectories C:\Program Files\dotnet\sdk\8.0.200\Extensions,C:\Program Files\dotnet\sdk\8.0.200
TpTrace Information: 0 : 2676, 1, 2024/04/02, 12:05:48.454, 795617116199, vstest.console.dll, AssemblyResolver.AddSearchDirectories: Adding more searchDirectories C:\Program Files\dotnet\sdk\8.0.200\Extensions,C:\Program Files\dotnet\sdk\8.0.200
TpTrace Information: 0 : 2676, 1, 2024/04/02, 12:05:48.455, 795617120354, vstest.console.dll, AssemblyResolver.OnResolve: Microsoft.Diagnostics.NETCore.Client: Resolving assembly.
TpTrace Information: 0 : 2676, 1, 2024/04/02, 12:05:48.455, 795617121007, vstest.console.dll, AssemblyResolver.OnResolve: Microsoft.Diagnostics.NETCore.Client: Searching in: 'C:\Program Files\dotnet\sdk\8.0.200\Extensions'.
TpTrace Information: 0 : 2676, 1, 2024/04/02, 12:05:48.462, 795617194053, vstest.console.dll, AssemblyResolver.OnResolve: Microsoft.Diagnostics.NETCore.Client: Loading assembly 'C:\Program Files\dotnet\sdk\8.0.200\Extensions\Microsoft.Diagnostics.NETCore.Client.dll'.
TpTrace Information: 0 : 2676, 1, 2024/04/02, 12:05:48.463, 795617201930, vstest.console.dll, AssemblyResolver.OnResolve: Resolved assembly: Microsoft.Diagnostics.NETCore.Client, from path: C:\Program Files\dotnet\sdk\8.0.200\Extensions\Microsoft.Diagnostics.NETCore.Client.dll
TpTrace Verbose: 0 : 2676, 1, 2024/04/02, 12:05:48.467, 795617244421, vstest.console.dll, MetadataReaderExtensionsHelper: Discovering extensions inside assembly 'Microsoft.Diagnostics.NETCore.Client, Version=0.2.9.2401, Culture=neutral, PublicKeyToken=31bf3856ad364e35' file path 'C:\Program Files\dotnet\sdk\8.0.200\Extensions\Microsoft.Diagnostics.NETCore.Client.dll'
TpTrace Information: 0 : 2676, 1, 2024/04/02, 12:05:48.471, 795617286608, vstest.console.dll, AssemblyResolver.OnResolve: Microsoft.Bcl.AsyncInterfaces: Resolving assembly.
TpTrace Information: 0 : 2676, 1, 2024/04/02, 12:05:48.472, 795617287480, vstest.console.dll, AssemblyResolver.OnResolve: Microsoft.Bcl.AsyncInterfaces: Searching in: 'C:\Program Files\dotnet\sdk\8.0.200\Extensions'.
TpTrace Information: 0 : 2676, 1, 2024/04/02, 12:05:48.472, 795617288350, vstest.console.dll, AssemblyResolver.OnResolve: Microsoft.Bcl.AsyncInterfaces: Assembly path does not exist: 'C:\Program Files\dotnet\sdk\8.0.200\Extensions\Microsoft.Bcl.AsyncInterfaces.dll', returning.
TpTrace Information: 0 : 2676, 1, 2024/04/02, 12:05:48.472, 795617289480, vstest.console.dll, AssemblyResolver.OnResolve: Microsoft.Bcl.AsyncInterfaces: Assembly path does not exist: 'C:\Program Files\dotnet\sdk\8.0.200\Extensions\Microsoft.Bcl.AsyncInterfaces.exe', returning.
TpTrace Information: 0 : 2676, 1, 2024/04/02, 12:05:48.472, 795617289827, vstest.console.dll, AssemblyResolver.OnResolve: Microsoft.Bcl.AsyncInterfaces: Searching in: 'C:\Program Files\dotnet\sdk\8.0.200'.
TpTrace Information: 0 : 2676, 1, 2024/04/02, 12:05:48.472, 795617290486, vstest.console.dll, AssemblyResolver.OnResolve: Microsoft.Bcl.AsyncInterfaces: Assembly path does not exist: 'C:\Program Files\dotnet\sdk\8.0.200\Microsoft.Bcl.AsyncInterfaces.dll', returning.
TpTrace Information: 0 : 2676, 1, 2024/04/02, 12:05:48.472, 795617291105, vstest.console.dll, AssemblyResolver.OnResolve: Microsoft.Bcl.AsyncInterfaces: Assembly path does not exist: 'C:\Program Files\dotnet\sdk\8.0.200\Microsoft.Bcl.AsyncInterfaces.exe', returning.
TpTrace Information: 0 : 2676, 1, 2024/04/02, 12:05:48.472, 795617291464, vstest.console.dll, AssemblyResolver.OnResolve: Microsoft.Bcl.AsyncInterfaces: Failed to load assembly.
TpTrace Verbose: 0 : 2676, 1, 2024/04/02, 12:05:48.472, 795617291796, vstest.console.dll, CurrentDomainAssemblyResolve: Resolving assembly 'Microsoft.Bcl.AsyncInterfaces'.
TpTrace Information: 0 : 2676, 1, 2024/04/02, 12:05:48.472, 795617292307, vstest.console.dll, AssemblyResolver.OnResolve: Microsoft.Bcl.AsyncInterfaces: Resolving assembly.
TpTrace Information: 0 : 2676, 1, 2024/04/02, 12:05:48.472, 795617292677, vstest.console.dll, AssemblyResolver.OnResolve: Microsoft.Bcl.AsyncInterfaces: Resolved from cache.
TpTrace Verbose: 0 : 2676, 1, 2024/04/02, 12:05:48.472, 795617292924, vstest.console.dll, CurrentDomainAssemblyResolve: Resolving assembly 'Microsoft.Bcl.AsyncInterfaces'.
TpTrace Verbose: 0 : 2676, 1, 2024/04/02, 12:05:48.472, 795617293253, vstest.console.dll, CurrentDomainAssemblyResolve: Failed to resolve assembly 'Microsoft.Bcl.AsyncInterfaces'.
TpTrace Verbose: 0 : 2676, 1, 2024/04/02, 12:05:48.473, 795617300899, vstest.console.dll, CurrentDomainAssemblyResolve: Failed to resolve assembly 'Microsoft.Bcl.AsyncInterfaces'.
TpTrace Warning: 0 : 2676, 1, 2024/04/02, 12:05:48.482, 795617391745, vstest.console.dll, TestPluginDiscoverer: Failed to get types from assembly 'Microsoft.Diagnostics.NETCore.Client, Version=0.2.9.2401, Culture=neutral, PublicKeyToken=31bf3856ad364e35'. Error: System.Reflection.ReflectionTypeLoadException: Unable to load one or more of the requested types.
Could not load file or assembly 'Microsoft.Bcl.AsyncInterfaces, Version=6.0.0.0, Culture=neutral, PublicKeyToken=cc7b13ffcd2ddd51'. The system cannot find the file specified.
   at System.Reflection.RuntimeModule.GetTypes(RuntimeModule module)
   at System.Reflection.RuntimeModule.GetTypes()
   at Microsoft.VisualStudio.TestPlatform.Common.ExtensionFramework.TestPluginDiscoverer.GetTestExtensionsFromAssembly[TPluginInfo,TExtension](Assembly assembly, Dictionary`2 pluginInfos, String filePath) in /_/src/Microsoft.TestPlatform.Common/ExtensionFramework/TestPluginDiscoverer.cs:line 158
System.IO.FileNotFoundException: Could not load file or assembly 'Microsoft.Bcl.AsyncInterfaces, Version=6.0.0.0, Culture=neutral, PublicKeyToken=cc7b13ffcd2ddd51'. The system cannot find the file specified.
File name: 'Microsoft.Bcl.AsyncInterfaces, Version=6.0.0.0, Culture=neutral, PublicKeyToken=cc7b13ffcd2ddd51'
 ---> System.IO.FileNotFoundException: Could not load file or assembly 'Microsoft.Bcl.AsyncInterfaces, Culture=neutral, PublicKeyToken=null'. The system cannot find the file specified.
File name: 'Microsoft.Bcl.AsyncInterfaces, Culture=neutral, PublicKeyToken=null'
   at System.Reflection.RuntimeAssembly.InternalLoad(AssemblyName assemblyName, StackCrawlMark& stackMark, AssemblyLoadContext assemblyLoadContext, RuntimeAssembly requestingAssembly, Boolean throwOnFileNotFound)
   at System.Reflection.Assembly.Load(AssemblyName assemblyRef)
   at Microsoft.VisualStudio.TestPlatform.Common.ExtensionFramework.TestPluginCache.CurrentDomainAssemblyResolve(Object sender, AssemblyResolveEventArgs args) in /_/src/Microsoft.TestPlatform.Common/ExtensionFramework/TestPluginCache.cs:line 513
   at System.Runtime.Loader.AssemblyLoadContext.GetFirstResolvedAssemblyFromResolvingEvent(AssemblyName assemblyName)
   at System.Runtime.Loader.AssemblyLoadContext.ResolveUsingEvent(AssemblyName assemblyName)
   at System.Runtime.Loader.AssemblyLoadContext.ResolveUsingResolvingEvent(IntPtr gchManagedAssemblyLoadContext, AssemblyName assemblyName)
TpTrace Warning: 0 : 2676, 1, 2024/04/02, 12:05:48.482, 795617394815, vstest.console.dll, LoaderExceptions: System.IO.FileNotFoundException: Could not load file or assembly 'Microsoft.Bcl.AsyncInterfaces, Version=6.0.0.0, Culture=neutral, PublicKeyToken=cc7b13ffcd2ddd51'. The system cannot find the file specified.
File name: 'Microsoft.Bcl.AsyncInterfaces, Version=6.0.0.0, Culture=neutral, PublicKeyToken=cc7b13ffcd2ddd51'
 ---> System.IO.FileNotFoundException: Could not load file or assembly 'Microsoft.Bcl.AsyncInterfaces, Culture=neutral, PublicKeyToken=null'. The system cannot find the file specified.
File name: 'Microsoft.Bcl.AsyncInterfaces, Culture=neutral, PublicKeyToken=null'
   at System.Reflection.RuntimeAssembly.InternalLoad(AssemblyName assemblyName, StackCrawlMark& stackMark, AssemblyLoadContext assemblyLoadContext, RuntimeAssembly requestingAssembly, Boolean throwOnFileNotFound)
   at System.Reflection.Assembly.Load(AssemblyName assemblyRef)
   at Microsoft.VisualStudio.TestPlatform.Common.ExtensionFramework.TestPluginCache.CurrentDomainAssemblyResolve(Object sender, AssemblyResolveEventArgs args) in /_/src/Microsoft.TestPlatform.Common/ExtensionFramework/TestPluginCache.cs:line 513
   at System.Runtime.Loader.AssemblyLoadContext.GetFirstResolvedAssemblyFromResolvingEvent(AssemblyName assemblyName)
   at System.Runtime.Loader.AssemblyLoadContext.ResolveUsingEvent(AssemblyName assemblyName)
   at System.Runtime.Loader.AssemblyLoadContext.ResolveUsingResolvingEvent(IntPtr gchManagedAssemblyLoadContext, AssemblyName assemblyName)
TpTrace Information: 0 : 2676, 1, 2024/04/02, 12:05:48.482, 795617395975, vstest.console.dll, AssemblyResolver.OnResolve: Microsoft.TestPlatform.Extensions.BlameDataCollector: Resolving assembly.
TpTrace Information: 0 : 2676, 1, 2024/04/02, 12:05:48.482, 795617396361, vstest.console.dll, AssemblyResolver.OnResolve: Microsoft.TestPlatform.Extensions.BlameDataCollector: Searching in: 'C:\Program Files\dotnet\sdk\8.0.200\Extensions'.
TpTrace Information: 0 : 2676, 1, 2024/04/02, 12:05:48.483, 795617401355, vstest.console.dll, AssemblyResolver.OnResolve: Microsoft.TestPlatform.Extensions.BlameDataCollector: Loading assembly 'C:\Program Files\dotnet\sdk\8.0.200\Extensions\Microsoft.TestPlatform.Extensions.BlameDataCollector.dll'.
TpTrace Information: 0 : 2676, 1, 2024/04/02, 12:05:48.483, 795617406406, vstest.console.dll, AssemblyResolver.OnResolve: Resolved assembly: Microsoft.TestPlatform.Extensions.BlameDataCollector, from path: C:\Program Files\dotnet\sdk\8.0.200\Extensions\Microsoft.TestPlatform.Extensions.BlameDataCollector.dll
TpTrace Verbose: 0 : 2676, 1, 2024/04/02, 12:05:48.483, 795617407237, vstest.console.dll, MetadataReaderExtensionsHelper: Discovering extensions inside assembly 'Microsoft.TestPlatform.Extensions.BlameDataCollector, Version=15.0.0.0, Culture=neutral, PublicKeyToken=b03f5f7f11d50a3a' file path 'C:\Program Files\dotnet\sdk\8.0.200\Extensions\Microsoft.TestPlatform.Extensions.BlameDataCollector.dll'
TpTrace Information: 0 : 2676, 1, 2024/04/02, 12:05:48.485, 795617420207, vstest.console.dll, AssemblyResolver.OnResolve: Microsoft.TestPlatform.Extensions.EventLogCollector: Resolving assembly.
TpTrace Information: 0 : 2676, 1, 2024/04/02, 12:05:48.485, 795617421036, vstest.console.dll, AssemblyResolver.OnResolve: Microsoft.TestPlatform.Extensions.EventLogCollector: Searching in: 'C:\Program Files\dotnet\sdk\8.0.200\Extensions'.
TpTrace Information: 0 : 2676, 1, 2024/04/02, 12:05:48.485, 795617426059, vstest.console.dll, AssemblyResolver.OnResolve: Microsoft.TestPlatform.Extensions.EventLogCollector: Loading assembly 'C:\Program Files\dotnet\sdk\8.0.200\Extensions\Microsoft.TestPlatform.Extensions.EventLogCollector.dll'.
TpTrace Information: 0 : 2676, 1, 2024/04/02, 12:05:48.486, 795617430265, vstest.console.dll, AssemblyResolver.OnResolve: Resolved assembly: Microsoft.TestPlatform.Extensions.EventLogCollector, from path: C:\Program Files\dotnet\sdk\8.0.200\Extensions\Microsoft.TestPlatform.Extensions.EventLogCollector.dll
TpTrace Verbose: 0 : 2676, 1, 2024/04/02, 12:05:48.486, 795617430938, vstest.console.dll, MetadataReaderExtensionsHelper: Discovering extensions inside assembly 'Microsoft.TestPlatform.Extensions.EventLogCollector, Version=15.0.0.0, Culture=neutral, PublicKeyToken=b03f5f7f11d50a3a' file path 'C:\Program Files\dotnet\sdk\8.0.200\Extensions\Microsoft.TestPlatform.Extensions.EventLogCollector.dll'
TpTrace Information: 0 : 2676, 1, 2024/04/02, 12:05:48.488, 795617451522, vstest.console.dll, AssemblyResolver.OnResolve: Microsoft.TestPlatform.TestHostRuntimeProvider: Resolving assembly.
TpTrace Information: 0 : 2676, 1, 2024/04/02, 12:05:48.488, 795617452277, vstest.console.dll, AssemblyResolver.OnResolve: Microsoft.TestPlatform.TestHostRuntimeProvider: Searching in: 'C:\Program Files\dotnet\sdk\8.0.200\Extensions'.
TpTrace Information: 0 : 2676, 1, 2024/04/02, 12:05:48.488, 795617457300, vstest.console.dll, AssemblyResolver.OnResolve: Microsoft.TestPlatform.TestHostRuntimeProvider: Loading assembly 'C:\Program Files\dotnet\sdk\8.0.200\Extensions\Microsoft.TestPlatform.TestHostRuntimeProvider.dll'.
TpTrace Information: 0 : 2676, 1, 2024/04/02, 12:05:48.489, 795617463013, vstest.console.dll, AssemblyResolver.OnResolve: Resolved assembly: Microsoft.TestPlatform.TestHostRuntimeProvider, from path: C:\Program Files\dotnet\sdk\8.0.200\Extensions\Microsoft.TestPlatform.TestHostRuntimeProvider.dll
TpTrace Verbose: 0 : 2676, 1, 2024/04/02, 12:05:48.489, 795617463742, vstest.console.dll, MetadataReaderExtensionsHelper: Discovering extensions inside assembly 'Microsoft.TestPlatform.TestHostRuntimeProvider, Version=15.0.0.0, Culture=neutral, PublicKeyToken=b03f5f7f11d50a3a' file path 'C:\Program Files\dotnet\sdk\8.0.200\Extensions\Microsoft.TestPlatform.TestHostRuntimeProvider.dll'
TpTrace Information: 0 : 2676, 1, 2024/04/02, 12:05:48.491, 795617478405, vstest.console.dll, GetTestExtensionFromType: Register extension with identifier data 'HostProvider://DefaultTestHost' and type 'Microsoft.VisualStudio.TestPlatform.CrossPlatEngine.Hosting.DefaultTestHostManager, Microsoft.TestPlatform.TestHostRuntimeProvider, Version=15.0.0.0, Culture=neutral, PublicKeyToken=b03f5f7f11d50a3a' inside file 'C:\Program Files\dotnet\sdk\8.0.200\Extensions\Microsoft.TestPlatform.TestHostRuntimeProvider.dll'
TpTrace Information: 0 : 2676, 1, 2024/04/02, 12:05:48.491, 795617480670, vstest.console.dll, GetTestExtensionFromType: Register extension with identifier data 'HostProvider://DotnetTestHost' and type 'Microsoft.VisualStudio.TestPlatform.CrossPlatEngine.Hosting.DotnetTestHostManager, Microsoft.TestPlatform.TestHostRuntimeProvider, Version=15.0.0.0, Culture=neutral, PublicKeyToken=b03f5f7f11d50a3a' inside file 'C:\Program Files\dotnet\sdk\8.0.200\Extensions\Microsoft.TestPlatform.TestHostRuntimeProvider.dll'
TpTrace Information: 0 : 2676, 1, 2024/04/02, 12:05:48.491, 795617481358, vstest.console.dll, AssemblyResolver.OnResolve: Microsoft.VisualStudio.TestPlatform.Extensions.Html.TestLogger: Resolving assembly.
TpTrace Information: 0 : 2676, 1, 2024/04/02, 12:05:48.491, 795617481681, vstest.console.dll, AssemblyResolver.OnResolve: Microsoft.VisualStudio.TestPlatform.Extensions.Html.TestLogger: Searching in: 'C:\Program Files\dotnet\sdk\8.0.200\Extensions'.
TpTrace Information: 0 : 2676, 1, 2024/04/02, 12:05:48.491, 795617485834, vstest.console.dll, AssemblyResolver.OnResolve: Microsoft.VisualStudio.TestPlatform.Extensions.Html.TestLogger: Loading assembly 'C:\Program Files\dotnet\sdk\8.0.200\Extensions\Microsoft.VisualStudio.TestPlatform.Extensions.Html.TestLogger.dll'.
TpTrace Information: 0 : 2676, 1, 2024/04/02, 12:05:48.492, 795617490248, vstest.console.dll, AssemblyResolver.OnResolve: Resolved assembly: Microsoft.VisualStudio.TestPlatform.Extensions.Html.TestLogger, from path: C:\Program Files\dotnet\sdk\8.0.200\Extensions\Microsoft.VisualStudio.TestPlatform.Extensions.Html.TestLogger.dll
TpTrace Verbose: 0 : 2676, 1, 2024/04/02, 12:05:48.492, 795617490985, vstest.console.dll, MetadataReaderExtensionsHelper: Discovering extensions inside assembly 'Microsoft.VisualStudio.TestPlatform.Extensions.Html.TestLogger, Version=15.0.0.0, Culture=neutral, PublicKeyToken=b03f5f7f11d50a3a' file path 'C:\Program Files\dotnet\sdk\8.0.200\Extensions\Microsoft.VisualStudio.TestPlatform.Extensions.Html.TestLogger.dll'
TpTrace Information: 0 : 2676, 1, 2024/04/02, 12:05:48.493, 795617500018, vstest.console.dll, AssemblyResolver.OnResolve: Microsoft.VisualStudio.TestPlatform.Extensions.Trx.TestLogger: Resolving assembly.
TpTrace Information: 0 : 2676, 1, 2024/04/02, 12:05:48.493, 795617500852, vstest.console.dll, AssemblyResolver.OnResolve: Microsoft.VisualStudio.TestPlatform.Extensions.Trx.TestLogger: Searching in: 'C:\Program Files\dotnet\sdk\8.0.200\Extensions'.
TpTrace Information: 0 : 2676, 1, 2024/04/02, 12:05:48.493, 795617505746, vstest.console.dll, AssemblyResolver.OnResolve: Microsoft.VisualStudio.TestPlatform.Extensions.Trx.TestLogger: Loading assembly 'C:\Program Files\dotnet\sdk\8.0.200\Extensions\Microsoft.VisualStudio.TestPlatform.Extensions.Trx.TestLogger.dll'.
TpTrace Information: 0 : 2676, 1, 2024/04/02, 12:05:48.494, 795617510655, vstest.console.dll, AssemblyResolver.OnResolve: Resolved assembly: Microsoft.VisualStudio.TestPlatform.Extensions.Trx.TestLogger, from path: C:\Program Files\dotnet\sdk\8.0.200\Extensions\Microsoft.VisualStudio.TestPlatform.Extensions.Trx.TestLogger.dll
TpTrace Verbose: 0 : 2676, 1, 2024/04/02, 12:05:48.494, 795617511384, vstest.console.dll, MetadataReaderExtensionsHelper: Discovering extensions inside assembly 'Microsoft.VisualStudio.TestPlatform.Extensions.Trx.TestLogger, Version=15.0.0.0, Culture=neutral, PublicKeyToken=b03f5f7f11d50a3a' file path 'C:\Program Files\dotnet\sdk\8.0.200\Extensions\Microsoft.VisualStudio.TestPlatform.Extensions.Trx.TestLogger.dll'
TpTrace Verbose: 0 : 2676, 1, 2024/04/02, 12:05:48.495, 795617522175, vstest.console.dll, TestPluginCache: Discovered the extensions using extension path ''.
TpTrace Verbose: 0 : 2676, 1, 2024/04/02, 12:05:48.495, 795617522989, vstest.console.dll, TestPluginCache: Discoverers are ''.
TpTrace Verbose: 0 : 2676, 1, 2024/04/02, 12:05:48.495, 795617523250, vstest.console.dll, TestPluginCache: Executors are ''.
TpTrace Verbose: 0 : 2676, 1, 2024/04/02, 12:05:48.495, 795617523475, vstest.console.dll, TestPluginCache: Executors2 are ''.
TpTrace Verbose: 0 : 2676, 1, 2024/04/02, 12:05:48.495, 795617523697, vstest.console.dll, TestPluginCache: Setting providers are ''.
TpTrace Verbose: 0 : 2676, 1, 2024/04/02, 12:05:48.495, 795617523915, vstest.console.dll, TestPluginCache: Loggers are ''.
TpTrace Verbose: 0 : 2676, 1, 2024/04/02, 12:05:48.495, 795617525416, vstest.console.dll, TestPluginCache: TestHosts are 'HostProvider://DefaultTestHost,HostProvider://DotnetTestHost'.
TpTrace Verbose: 0 : 2676, 1, 2024/04/02, 12:05:48.495, 795617525851, vstest.console.dll, TestPluginCache: DataCollectors are ''.
TpTrace Information: 0 : 2676, 1, 2024/04/02, 12:05:48.507, 795617639049, vstest.console.dll, RunTestsArgumentProcessor:Execute: Test run is starting.
TpTrace Verbose: 0 : 2676, 1, 2024/04/02, 12:05:48.507, 795617639898, vstest.console.dll, RunTestsArgumentProcessor:Execute: Queuing Test run.
TpTrace Information: 0 : 2676, 1, 2024/04/02, 12:05:48.507, 795617641871, vstest.console.dll, TestRequestManager.RunTests: run tests started.
TpTrace Information: 0 : 2676, 1, 2024/04/02, 12:05:48.508, 795617651688, vstest.console.dll, AssemblyMetadataProvider.GetFrameworkName: Determined framework:'.NETCoreApp,Version=v6.0' for source: 'C:\Users\ekrem\Documents\GitHub\HoneyZoneMvc\Honey-Zone\HoneyZoneMvc.Tests\bin\Debug\net6.0\fine-code-coverage\build-output\HoneyZoneMvc.Tests.dll'
TpTrace Information: 0 : 2676, 1, 2024/04/02, 12:05:48.508, 795617653424, vstest.console.dll, Determined framework for all sources: .NETCoreApp,Version=v6.0
TpTrace Verbose: 0 : 2676, 1, 2024/04/02, 12:05:48.508, 795617656609, vstest.console.dll, TestRequestManager.UpdateRunSettingsIfRequired: Default architecture: X64 IsDefaultTargetArchitecture: True, Current process architecture: X64 OperatingSystem: Windows.
TpTrace Information: 0 : 2676, 1, 2024/04/02, 12:05:48.510, 795617670624, vstest.console.dll, AssemblyMetadataProvider.GetArchitecture: Determined architecture:AnyCPU info for assembly: C:\Users\ekrem\Documents\GitHub\HoneyZoneMvc\Honey-Zone\HoneyZoneMvc.Tests\bin\Debug\net6.0\fine-code-coverage\build-output\HoneyZoneMvc.Tests.dll
TpTrace Information: 0 : 2676, 1, 2024/04/02, 12:05:48.510, 795617671277, vstest.console.dll, Determined platform for source 'C:\Users\ekrem\Documents\GitHub\HoneyZoneMvc\Honey-Zone\HoneyZoneMvc.Tests\bin\Debug\net6.0\fine-code-coverage\build-output\HoneyZoneMvc.Tests.dll' was AnyCPU and it will use the default plaform X64.
TpTrace Information: 0 : 2676, 1, 2024/04/02, 12:05:48.510, 795617671537, vstest.console.dll, None of the sources provided any runnable platform, using the default platform: X64
TpTrace Information: 0 : 2676, 1, 2024/04/02, 12:05:48.510, 795617672413, vstest.console.dll, Platform was updated to 'X64'.
TpTrace Information: 0 : 2676, 1, 2024/04/02, 12:05:48.513, 795617698883, vstest.console.dll, InferRunSettingsHelper.IsTestSettingsEnabled: Unable to navigate to RunSettings/MSTest. Current node: RunSettings
TpTrace Information: 0 : 2676, 1, 2024/04/02, 12:05:48.513, 795617704249, vstest.console.dll, AssemblyResolver.OnResolve: Microsoft.VisualStudio.TestPlatform.Fakes: Resolving assembly.
TpTrace Information: 0 : 2676, 1, 2024/04/02, 12:05:48.513, 795617704795, vstest.console.dll, AssemblyResolver.OnResolve: Microsoft.VisualStudio.TestPlatform.Fakes: Searching in: 'C:\Program Files\dotnet\sdk\8.0.200\Extensions'.
TpTrace Information: 0 : 2676, 1, 2024/04/02, 12:05:48.513, 795617705855, vstest.console.dll, AssemblyResolver.OnResolve: Microsoft.VisualStudio.TestPlatform.Fakes: Assembly path does not exist: 'C:\Program Files\dotnet\sdk\8.0.200\Extensions\Microsoft.VisualStudio.TestPlatform.Fakes.dll', returning.
TpTrace Information: 0 : 2676, 1, 2024/04/02, 12:05:48.513, 795617706521, vstest.console.dll, AssemblyResolver.OnResolve: Microsoft.VisualStudio.TestPlatform.Fakes: Assembly path does not exist: 'C:\Program Files\dotnet\sdk\8.0.200\Extensions\Microsoft.VisualStudio.TestPlatform.Fakes.exe', returning.
TpTrace Information: 0 : 2676, 1, 2024/04/02, 12:05:48.513, 795617706901, vstest.console.dll, AssemblyResolver.OnResolve: Microsoft.VisualStudio.TestPlatform.Fakes: Searching in: 'C:\Program Files\dotnet\sdk\8.0.200'.
TpTrace Information: 0 : 2676, 1, 2024/04/02, 12:05:48.514, 795617707585, vstest.console.dll, AssemblyResolver.OnResolve: Microsoft.VisualStudio.TestPlatform.Fakes: Assembly path does not exist: 'C:\Program Files\dotnet\sdk\8.0.200\Microsoft.VisualStudio.TestPlatform.Fakes.dll', returning.
TpTrace Information: 0 : 2676, 1, 2024/04/02, 12:05:48.514, 795617708236, vstest.console.dll, AssemblyResolver.OnResolve: Microsoft.VisualStudio.TestPlatform.Fakes: Assembly path does not exist: 'C:\Program Files\dotnet\sdk\8.0.200\Microsoft.VisualStudio.TestPlatform.Fakes.exe', returning.
TpTrace Information: 0 : 2676, 1, 2024/04/02, 12:05:48.514, 795617708534, vstest.console.dll, AssemblyResolver.OnResolve: Microsoft.VisualStudio.TestPlatform.Fakes: Failed to load assembly.
TpTrace Information: 0 : 2676, 1, 2024/04/02, 12:05:48.514, 795617710769, vstest.console.dll, Failed to load assembly Microsoft.VisualStudio.TestPlatform.Fakes, Version=17.0.0.0, Culture=neutral. Reason:System.IO.FileNotFoundException: Could not load file or assembly 'Microsoft.VisualStudio.TestPlatform.Fakes, Version=17.0.0.0, Culture=neutral, PublicKeyToken=null'. The system cannot find the file specified.
File name: 'Microsoft.VisualStudio.TestPlatform.Fakes, Version=17.0.0.0, Culture=neutral, PublicKeyToken=null'
   at System.Reflection.RuntimeAssembly.InternalLoad(AssemblyName assemblyName, StackCrawlMark& stackMark, AssemblyLoadContext assemblyLoadContext, RuntimeAssembly requestingAssembly, Boolean throwOnFileNotFound)
   at System.Reflection.Assembly.Load(AssemblyName assemblyRef)
   at Microsoft.VisualStudio.TestPlatform.Common.Utilities.FakesUtilities.LoadTestPlatformAssembly() in /_/src/Microsoft.TestPlatform.Common/Utilities/FakesUtilities.cs:line 272
TpTrace Verbose: 0 : 2676, 1, 2024/04/02, 12:05:48.517, 795617739746, vstest.console.dll, TestPluginCache.DiscoverTestExtensions: finding test extensions in assemblies ends with: TestLogger.dll TPluginInfo: Microsoft.VisualStudio.TestPlatform.Common.ExtensionFramework.Utilities.TestLoggerPluginInformation TExtension: Microsoft.VisualStudio.TestPlatform.ObjectModel.Client.ITestLogger
TpTrace Verbose: 0 : 2676, 1, 2024/04/02, 12:05:48.517, 795617741240, vstest.console.dll, TestPluginCache.GetExtensionPaths: Filtered extension paths: 
TpTrace Verbose: 0 : 2676, 1, 2024/04/02, 12:05:48.517, 795617741759, vstest.console.dll, TestPluginCache.GetExtensionPaths: Added default extension paths: C:\Program Files\dotnet\sdk\8.0.200\Extensions\Microsoft.Diagnostics.NETCore.Client.dll
C:\Program Files\dotnet\sdk\8.0.200\Extensions\Microsoft.TestPlatform.Extensions.BlameDataCollector.dll
C:\Program Files\dotnet\sdk\8.0.200\Extensions\Microsoft.TestPlatform.Extensions.EventLogCollector.dll
C:\Program Files\dotnet\sdk\8.0.200\Extensions\Microsoft.TestPlatform.TestHostRuntimeProvider.dll
C:\Program Files\dotnet\sdk\8.0.200\Extensions\Microsoft.VisualStudio.TestPlatform.Extensions.Html.TestLogger.dll
C:\Program Files\dotnet\sdk\8.0.200\Extensions\Microsoft.VisualStudio.TestPlatform.Extensions.Trx.TestLogger.dll
TpTrace Verbose: 0 : 2676, 1, 2024/04/02, 12:05:48.517, 795617742144, vstest.console.dll, TestPluginCache.GetExtensionPaths: Added unfilterableExtensionPaths: 
TpTrace Information: 0 : 2676, 1, 2024/04/02, 12:05:48.517, 795617743935, vstest.console.dll, AssemblyResolver.AddSearchDirectories: Adding more searchDirectories C:\Program Files\dotnet\sdk\8.0.200\Extensions,C:\Program Files\dotnet\sdk\8.0.200
TpTrace Verbose: 0 : 2676, 1, 2024/04/02, 12:05:48.517, 795617744572, vstest.console.dll, TestPluginCache.DiscoverTestExtensions: Discovering the extensions using extension path.
TpTrace Verbose: 0 : 2676, 1, 2024/04/02, 12:05:48.517, 795617745113, vstest.console.dll, TestPluginCache.GetExtensionPaths: Filtered extension paths: 
TpTrace Verbose: 0 : 2676, 1, 2024/04/02, 12:05:48.517, 795617745557, vstest.console.dll, TestPluginCache.GetExtensionPaths: Added default extension paths: C:\Program Files\dotnet\sdk\8.0.200\Extensions\Microsoft.Diagnostics.NETCore.Client.dll
C:\Program Files\dotnet\sdk\8.0.200\Extensions\Microsoft.TestPlatform.Extensions.BlameDataCollector.dll
C:\Program Files\dotnet\sdk\8.0.200\Extensions\Microsoft.TestPlatform.Extensions.EventLogCollector.dll
C:\Program Files\dotnet\sdk\8.0.200\Extensions\Microsoft.TestPlatform.TestHostRuntimeProvider.dll
C:\Program Files\dotnet\sdk\8.0.200\Extensions\Microsoft.VisualStudio.TestPlatform.Extensions.Html.TestLogger.dll
C:\Program Files\dotnet\sdk\8.0.200\Extensions\Microsoft.VisualStudio.TestPlatform.Extensions.Trx.TestLogger.dll
TpTrace Verbose: 0 : 2676, 1, 2024/04/02, 12:05:48.517, 795617745938, vstest.console.dll, TestPluginCache.GetExtensionPaths: Added unfilterableExtensionPaths: 
TpTrace Verbose: 0 : 2676, 1, 2024/04/02, 12:05:48.517, 795617746366, vstest.console.dll, TestPluginCache.DiscoverTestExtensions: Discovering the extensions using allExtensionPaths: C:\Program Files\dotnet\sdk\8.0.200\Extensions\Microsoft.Diagnostics.NETCore.Client.dll
C:\Program Files\dotnet\sdk\8.0.200\Extensions\Microsoft.TestPlatform.Extensions.BlameDataCollector.dll
C:\Program Files\dotnet\sdk\8.0.200\Extensions\Microsoft.TestPlatform.Extensions.EventLogCollector.dll
C:\Program Files\dotnet\sdk\8.0.200\Extensions\Microsoft.TestPlatform.TestHostRuntimeProvider.dll
C:\Program Files\dotnet\sdk\8.0.200\Extensions\Microsoft.VisualStudio.TestPlatform.Extensions.Html.TestLogger.dll
C:\Program Files\dotnet\sdk\8.0.200\Extensions\Microsoft.VisualStudio.TestPlatform.Extensions.Trx.TestLogger.dll
TpTrace Information: 0 : 2676, 1, 2024/04/02, 12:05:48.518, 795617747786, vstest.console.dll, AssemblyResolver.AddSearchDirectories: Adding more searchDirectories C:\Program Files\dotnet\sdk\8.0.200\Extensions,C:\Program Files\dotnet\sdk\8.0.200
TpTrace Information: 0 : 2676, 1, 2024/04/02, 12:05:48.518, 795617748413, vstest.console.dll, AssemblyResolver.AddSearchDirectories: Adding more searchDirectories C:\Program Files\dotnet\sdk\8.0.200\Extensions,C:\Program Files\dotnet\sdk\8.0.200
TpTrace Information: 0 : 2676, 1, 2024/04/02, 12:05:48.518, 795617748849, vstest.console.dll, AssemblyResolver.AddSearchDirectories: Adding more searchDirectories C:\Program Files\dotnet\sdk\8.0.200\Extensions,C:\Program Files\dotnet\sdk\8.0.200
TpTrace Information: 0 : 2676, 1, 2024/04/02, 12:05:48.518, 795617749244, vstest.console.dll, AssemblyResolver.AddSearchDirectories: Adding more searchDirectories C:\Program Files\dotnet\sdk\8.0.200\Extensions,C:\Program Files\dotnet\sdk\8.0.200
TpTrace Information: 0 : 2676, 1, 2024/04/02, 12:05:48.518, 795617749633, vstest.console.dll, AssemblyResolver.AddSearchDirectories: Adding more searchDirectories C:\Program Files\dotnet\sdk\8.0.200\Extensions,C:\Program Files\dotnet\sdk\8.0.200
TpTrace Information: 0 : 2676, 1, 2024/04/02, 12:05:48.518, 795617750165, vstest.console.dll, AssemblyResolver.AddSearchDirectories: Adding more searchDirectories C:\Program Files\dotnet\sdk\8.0.200\Extensions,C:\Program Files\dotnet\sdk\8.0.200
TpTrace Verbose: 0 : 2676, 1, 2024/04/02, 12:05:48.518, 795617751736, vstest.console.dll, MetadataReaderExtensionsHelper: Discovering extensions inside assembly 'Microsoft.Diagnostics.NETCore.Client, Version=0.2.9.2401, Culture=neutral, PublicKeyToken=31bf3856ad364e35' file path 'C:\Program Files\dotnet\sdk\8.0.200\Extensions\Microsoft.Diagnostics.NETCore.Client.dll'
TpTrace Information: 0 : 2676, 1, 2024/04/02, 12:05:48.519, 795617761654, vstest.console.dll, AssemblyResolver.OnResolve: Microsoft.Bcl.AsyncInterfaces: Resolving assembly.
TpTrace Information: 0 : 2676, 1, 2024/04/02, 12:05:48.519, 795617762612, vstest.console.dll, AssemblyResolver.OnResolve: Microsoft.Bcl.AsyncInterfaces: Resolved from cache.
TpTrace Verbose: 0 : 2676, 1, 2024/04/02, 12:05:48.519, 795617762959, vstest.console.dll, CurrentDomainAssemblyResolve: Resolving assembly 'Microsoft.Bcl.AsyncInterfaces'.
TpTrace Information: 0 : 2676, 1, 2024/04/02, 12:05:48.519, 795617763515, vstest.console.dll, AssemblyResolver.OnResolve: Microsoft.Bcl.AsyncInterfaces: Resolving assembly.
TpTrace Information: 0 : 2676, 1, 2024/04/02, 12:05:48.519, 795617763912, vstest.console.dll, AssemblyResolver.OnResolve: Microsoft.Bcl.AsyncInterfaces: Resolved from cache.
TpTrace Verbose: 0 : 2676, 1, 2024/04/02, 12:05:48.519, 795617764222, vstest.console.dll, CurrentDomainAssemblyResolve: Resolving assembly 'Microsoft.Bcl.AsyncInterfaces'.
TpTrace Verbose: 0 : 2676, 1, 2024/04/02, 12:05:48.519, 795617764505, vstest.console.dll, CurrentDomainAssemblyResolve: Failed to resolve assembly 'Microsoft.Bcl.AsyncInterfaces'.
TpTrace Verbose: 0 : 2676, 1, 2024/04/02, 12:05:48.519, 795617766080, vstest.console.dll, CurrentDomainAssemblyResolve: Failed to resolve assembly 'Microsoft.Bcl.AsyncInterfaces'.
TpTrace Warning: 0 : 2676, 1, 2024/04/02, 12:05:48.520, 795617769928, vstest.console.dll, TestPluginDiscoverer: Failed to get types from assembly 'Microsoft.Diagnostics.NETCore.Client, Version=0.2.9.2401, Culture=neutral, PublicKeyToken=31bf3856ad364e35'. Error: System.Reflection.ReflectionTypeLoadException: Unable to load one or more of the requested types.
Could not load file or assembly 'Microsoft.Bcl.AsyncInterfaces, Version=6.0.0.0, Culture=neutral, PublicKeyToken=cc7b13ffcd2ddd51'. The system cannot find the file specified.
   at System.Reflection.RuntimeModule.GetTypes(RuntimeModule module)
   at System.Reflection.RuntimeModule.GetTypes()
   at Microsoft.VisualStudio.TestPlatform.Common.ExtensionFramework.TestPluginDiscoverer.GetTestExtensionsFromAssembly[TPluginInfo,TExtension](Assembly assembly, Dictionary`2 pluginInfos, String filePath) in /_/src/Microsoft.TestPlatform.Common/ExtensionFramework/TestPluginDiscoverer.cs:line 158
System.IO.FileNotFoundException: Could not load file or assembly 'Microsoft.Bcl.AsyncInterfaces, Version=6.0.0.0, Culture=neutral, PublicKeyToken=cc7b13ffcd2ddd51'. The system cannot find the file specified.
File name: 'Microsoft.Bcl.AsyncInterfaces, Version=6.0.0.0, Culture=neutral, PublicKeyToken=cc7b13ffcd2ddd51'
 ---> System.IO.FileNotFoundException: Could not load file or assembly 'Microsoft.Bcl.AsyncInterfaces, Culture=neutral, PublicKeyToken=null'. The system cannot find the file specified.
File name: 'Microsoft.Bcl.AsyncInterfaces, Culture=neutral, PublicKeyToken=null'
   at System.Reflection.RuntimeAssembly.InternalLoad(AssemblyName assemblyName, StackCrawlMark& stackMark, AssemblyLoadContext assemblyLoadContext, RuntimeAssembly requestingAssembly, Boolean throwOnFileNotFound)
   at System.Reflection.Assembly.Load(AssemblyName assemblyRef)
   at Microsoft.VisualStudio.TestPlatform.Common.ExtensionFramework.TestPluginCache.CurrentDomainAssemblyResolve(Object sender, AssemblyResolveEventArgs args) in /_/src/Microsoft.TestPlatform.Common/ExtensionFramework/TestPluginCache.cs:line 513
   at System.Runtime.Loader.AssemblyLoadContext.GetFirstResolvedAssemblyFromResolvingEvent(AssemblyName assemblyName)
   at System.Runtime.Loader.AssemblyLoadContext.ResolveUsingEvent(AssemblyName assemblyName)
   at System.Runtime.Loader.AssemblyLoadContext.ResolveUsingResolvingEvent(IntPtr gchManagedAssemblyLoadContext, AssemblyName assemblyName)
TpTrace Warning: 0 : 2676, 1, 2024/04/02, 12:05:48.520, 795617771805, vstest.console.dll, LoaderExceptions: System.IO.FileNotFoundException: Could not load file or assembly 'Microsoft.Bcl.AsyncInterfaces, Version=6.0.0.0, Culture=neutral, PublicKeyToken=cc7b13ffcd2ddd51'. The system cannot find the file specified.
File name: 'Microsoft.Bcl.AsyncInterfaces, Version=6.0.0.0, Culture=neutral, PublicKeyToken=cc7b13ffcd2ddd51'
 ---> System.IO.FileNotFoundException: Could not load file or assembly 'Microsoft.Bcl.AsyncInterfaces, Culture=neutral, PublicKeyToken=null'. The system cannot find the file specified.
File name: 'Microsoft.Bcl.AsyncInterfaces, Culture=neutral, PublicKeyToken=null'
   at System.Reflection.RuntimeAssembly.InternalLoad(AssemblyName assemblyName, StackCrawlMark& stackMark, AssemblyLoadContext assemblyLoadContext, RuntimeAssembly requestingAssembly, Boolean throwOnFileNotFound)
   at System.Reflection.Assembly.Load(AssemblyName assemblyRef)
   at Microsoft.VisualStudio.TestPlatform.Common.ExtensionFramework.TestPluginCache.CurrentDomainAssemblyResolve(Object sender, AssemblyResolveEventArgs args) in /_/src/Microsoft.TestPlatform.Common/ExtensionFramework/TestPluginCache.cs:line 513
   at System.Runtime.Loader.AssemblyLoadContext.GetFirstResolvedAssemblyFromResolvingEvent(AssemblyName assemblyName)
   at System.Runtime.Loader.AssemblyLoadContext.ResolveUsingEvent(AssemblyName assemblyName)
   at System.Runtime.Loader.AssemblyLoadContext.ResolveUsingResolvingEvent(IntPtr gchManagedAssemblyLoadContext, AssemblyName assemblyName)
TpTrace Verbose: 0 : 2676, 1, 2024/04/02, 12:05:48.520, 795617772867, vstest.console.dll, MetadataReaderExtensionsHelper: Discovering extensions inside assembly 'Microsoft.TestPlatform.Extensions.BlameDataCollector, Version=15.0.0.0, Culture=neutral, PublicKeyToken=b03f5f7f11d50a3a' file path 'C:\Program Files\dotnet\sdk\8.0.200\Extensions\Microsoft.TestPlatform.Extensions.BlameDataCollector.dll'
TpTrace Information: 0 : 2676, 1, 2024/04/02, 12:05:48.521, 795617779427, vstest.console.dll, GetTestExtensionFromType: Register extension with identifier data 'logger://Microsoft/TestPlatform/Extensions/Blame/v1' and type 'Microsoft.TestPlatform.Extensions.BlameDataCollector.BlameLogger, Microsoft.TestPlatform.Extensions.BlameDataCollector, Version=15.0.0.0, Culture=neutral, PublicKeyToken=b03f5f7f11d50a3a' inside file 'C:\Program Files\dotnet\sdk\8.0.200\Extensions\Microsoft.TestPlatform.Extensions.BlameDataCollector.dll'
TpTrace Verbose: 0 : 2676, 1, 2024/04/02, 12:05:48.521, 795617780490, vstest.console.dll, MetadataReaderExtensionsHelper: Discovering extensions inside assembly 'Microsoft.TestPlatform.Extensions.EventLogCollector, Version=15.0.0.0, Culture=neutral, PublicKeyToken=b03f5f7f11d50a3a' file path 'C:\Program Files\dotnet\sdk\8.0.200\Extensions\Microsoft.TestPlatform.Extensions.EventLogCollector.dll'
TpTrace Verbose: 0 : 2676, 1, 2024/04/02, 12:05:48.521, 795617786842, vstest.console.dll, MetadataReaderExtensionsHelper: Discovering extensions inside assembly 'Microsoft.TestPlatform.TestHostRuntimeProvider, Version=15.0.0.0, Culture=neutral, PublicKeyToken=b03f5f7f11d50a3a' file path 'C:\Program Files\dotnet\sdk\8.0.200\Extensions\Microsoft.TestPlatform.TestHostRuntimeProvider.dll'
TpTrace Verbose: 0 : 2676, 1, 2024/04/02, 12:05:48.522, 795617792965, vstest.console.dll, MetadataReaderExtensionsHelper: Discovering extensions inside assembly 'Microsoft.VisualStudio.TestPlatform.Extensions.Html.TestLogger, Version=15.0.0.0, Culture=neutral, PublicKeyToken=b03f5f7f11d50a3a' file path 'C:\Program Files\dotnet\sdk\8.0.200\Extensions\Microsoft.VisualStudio.TestPlatform.Extensions.Html.TestLogger.dll'
TpTrace Information: 0 : 2676, 1, 2024/04/02, 12:05:48.523, 795617800588, vstest.console.dll, GetTestExtensionFromType: Register extension with identifier data 'logger://Microsoft/TestPlatform/HtmlLogger/v1' and type 'Microsoft.VisualStudio.TestPlatform.Extensions.HtmlLogger.HtmlLogger, Microsoft.VisualStudio.TestPlatform.Extensions.Html.TestLogger, Version=15.0.0.0, Culture=neutral, PublicKeyToken=b03f5f7f11d50a3a' inside file 'C:\Program Files\dotnet\sdk\8.0.200\Extensions\Microsoft.VisualStudio.TestPlatform.Extensions.Html.TestLogger.dll'
TpTrace Verbose: 0 : 2676, 1, 2024/04/02, 12:05:48.523, 795617801478, vstest.console.dll, MetadataReaderExtensionsHelper: Discovering extensions inside assembly 'Microsoft.VisualStudio.TestPlatform.Extensions.Trx.TestLogger, Version=15.0.0.0, Culture=neutral, PublicKeyToken=b03f5f7f11d50a3a' file path 'C:\Program Files\dotnet\sdk\8.0.200\Extensions\Microsoft.VisualStudio.TestPlatform.Extensions.Trx.TestLogger.dll'
TpTrace Information: 0 : 2676, 1, 2024/04/02, 12:05:48.523, 795617807180, vstest.console.dll, GetTestExtensionFromType: Register extension with identifier data 'logger://Microsoft/TestPlatform/TrxLogger/v1' and type 'Microsoft.VisualStudio.TestPlatform.Extensions.TrxLogger.TrxLogger, Microsoft.VisualStudio.TestPlatform.Extensions.Trx.TestLogger, Version=15.0.0.0, Culture=neutral, PublicKeyToken=b03f5f7f11d50a3a' inside file 'C:\Program Files\dotnet\sdk\8.0.200\Extensions\Microsoft.VisualStudio.TestPlatform.Extensions.Trx.TestLogger.dll'
TpTrace Verbose: 0 : 2676, 1, 2024/04/02, 12:05:48.524, 795617808065, vstest.console.dll, TestPluginCache: Discovered the extensions using extension path ''.
TpTrace Verbose: 0 : 2676, 1, 2024/04/02, 12:05:48.524, 795617808389, vstest.console.dll, TestPluginCache: Discoverers are ''.
TpTrace Verbose: 0 : 2676, 1, 2024/04/02, 12:05:48.524, 795617808625, vstest.console.dll, TestPluginCache: Executors are ''.
TpTrace Verbose: 0 : 2676, 1, 2024/04/02, 12:05:48.524, 795617808850, vstest.console.dll, TestPluginCache: Executors2 are ''.
TpTrace Verbose: 0 : 2676, 1, 2024/04/02, 12:05:48.524, 795617809067, vstest.console.dll, TestPluginCache: Setting providers are ''.
TpTrace Verbose: 0 : 2676, 1, 2024/04/02, 12:05:48.524, 795617809784, vstest.console.dll, TestPluginCache: Loggers are 'logger://Microsoft/TestPlatform/Extensions/Blame/v1,logger://Microsoft/TestPlatform/HtmlLogger/v1,logger://Microsoft/TestPlatform/TrxLogger/v1'.
TpTrace Verbose: 0 : 2676, 1, 2024/04/02, 12:05:48.524, 795617810265, vstest.console.dll, TestPluginCache: TestHosts are 'HostProvider://DefaultTestHost,HostProvider://DotnetTestHost'.
TpTrace Verbose: 0 : 2676, 1, 2024/04/02, 12:05:48.524, 795617810555, vstest.console.dll, TestPluginCache: DataCollectors are ''.
TpTrace Information: 0 : 2676, 1, 2024/04/02, 12:05:48.525, 795617818845, vstest.console.dll, TestPluginManager.CreateTestExtension: Attempting to load test extension: Microsoft.TestPlatform.Extensions.BlameDataCollector.BlameLogger
TpTrace Verbose: 0 : 2676, 1, 2024/04/02, 12:05:48.531, 795617886939, vstest.console.dll, TestEngine: Initializing Parallel Execution as MaxCpuCount is set to: 1
TpTrace Information: 0 : 2676, 1, 2024/04/02, 12:05:48.533, 795617899152, vstest.console.dll, TestPluginManager.CreateTestExtension: Attempting to load test extension: Microsoft.VisualStudio.TestPlatform.CrossPlatEngine.Hosting.DefaultTestHostManager
TpTrace Information: 0 : 2676, 1, 2024/04/02, 12:05:48.534, 795617909071, vstest.console.dll, TestPluginManager.CreateTestExtension: Attempting to load test extension: Microsoft.VisualStudio.TestPlatform.CrossPlatEngine.Hosting.DotnetTestHostManager
TpTrace Information: 0 : 2676, 1, 2024/04/02, 12:05:48.534, 795617914479, vstest.console.dll, InferRunSettingsHelper.IsTestSettingsEnabled: Unable to navigate to RunSettings/MSTest. Current node: RunSettings
TpTrace Verbose: 0 : 2676, 1, 2024/04/02, 12:05:48.535, 795617919095, vstest.console.dll, ParallelOperationManager.ClearSlots: Clearing all slots. Slots should accept more work: True
TpTrace Verbose: 0 : 2676, 1, 2024/04/02, 12:05:48.535, 795617924415, vstest.console.dll, ParallelOperationManager.SetOccupiedSlotCount: Setting slot counts AvailableSlotCount = 3, OccupiedSlotCount = 0.
TpTrace Verbose: 0 : 2676, 1, 2024/04/02, 12:05:48.535, 795617927295, vstest.console.dll, Occupied slots:

TpTrace Verbose: 0 : 2676, 1, 2024/04/02, 12:05:48.538, 795617955416, vstest.console.dll, TestEngine.GetExecutionManager: Chosen execution manager 'Microsoft.VisualStudio.TestPlatform.CrossPlatEngine.Client.Parallel.ParallelProxyExecutionManager, Microsoft.TestPlatform.CrossPlatEngine, Version=15.0.0.0, Culture=neutral, PublicKeyToken=b03f5f7f11d50a3a' ParallelLevel '1'.
TpTrace Verbose: 0 : 2676, 1, 2024/04/02, 12:05:48.538, 795617956750, vstest.console.dll, TestRunRequest.ExecuteAsync: Creating test run request.
TpTrace Verbose: 0 : 2676, 1, 2024/04/02, 12:05:48.539, 795617958620, vstest.console.dll, TestRunRequest.ExecuteAsync: Starting.
TpTrace Information: 0 : 2676, 1, 2024/04/02, 12:05:48.541, 795617981256, vstest.console.dll, TestRunRequest.ExecuteAsync: Starting run with settings:TestRunCriteria:
   KeepAlive=False,FrequencyOfRunStatsChangeEvent=10,RunStatsChangeEventTimeout=00:00:01.5000000,TestCaseFilter=,TestExecutorLauncher=
   Settingsxml=<RunSettings>
  <RunConfiguration>
    <ResultsDirectory>C:\Users\ekrem\Documents\GitHub\HoneyZoneMvc\Honey-Zone\HoneyZoneMvc.Tests\bin\Debug\net6.0\fine-code-coverage\coverage-tool-output</ResultsDirectory>
    <TargetPlatform>X64</TargetPlatform>
    <TargetFrameworkVersion>.NETCoreApp,Version=v6.0</TargetFrameworkVersion>
    <DesignMode>False</DesignMode>
    <CollectSourceInformation>False</CollectSourceInformation>
  </RunConfiguration>
  <LoggerRunSettings>
    <Loggers>
      <Logger friendlyName="blame" enabled="True" />
      <Logger friendlyName="Console" uri="logger://microsoft/TestPlatform/ConsoleLogger/v1" assemblyQualifiedName="Microsoft.VisualStudio.TestPlatform.CommandLine.Internal.ConsoleLogger, vstest.console, Version=15.0.0.0, Culture=neutral, PublicKeyToken=b03f5f7f11d50a3a" codeBase="C:\Program Files\dotnet\sdk\8.0.200\vstest.console.dll" enabled="True" />
    </Loggers>
  </LoggerRunSettings>
  <DataCollectionRunSettings>
    <DataCollectors>
      <DataCollector friendlyName="blame" enabled="True">
        <Configuration>
          <ResultsDirectory>C:\Users\ekrem\Documents\GitHub\HoneyZoneMvc\Honey-Zone\HoneyZoneMvc.Tests\bin\Debug\net6.0\fine-code-coverage\coverage-tool-output</ResultsDirectory>
        </Configuration>
      </DataCollector>
    </DataCollectors>
  </DataCollectionRunSettings>
</RunSettings>

TpTrace Verbose: 0 : 2676, 1, 2024/04/02, 12:05:48.541, 795617982562, vstest.console.dll, TestRunRequest.ExecuteAsync: Wait for the first run request is over.
TpTrace Verbose: 0 : 2676, 1, 2024/04/02, 12:05:48.541, 795617985630, vstest.console.dll, MulticastDelegateUtilities.SafeInvoke: TestRun.TestRunStart: Invoking callbacks was skipped because there are no subscribers.
TpTrace Verbose: 0 : 2676, 4, 2024/04/02, 12:05:48.541, 795617986975, vstest.console.dll, MulticastDelegateUtilities.SafeInvoke: InternalTestLoggerEvents.SendTestRunStart: Invoking callback 1/1 for Microsoft.VisualStudio.TestPlatform.CommandLine.Internal.ConsoleLogger., took 0 ms.
TpTrace Verbose: 0 : 2676, 1, 2024/04/02, 12:05:48.542, 795617996202, vstest.console.dll, ParallelProxyExecutionManager: Start execution. Total sources: 1
TpTrace Verbose: 0 : 2676, 1, 2024/04/02, 12:05:48.543, 795617999886, vstest.console.dll, ParallelOperationManager.StartWork: Starting adding 1 workloads.
TpTrace Verbose: 0 : 2676, 1, 2024/04/02, 12:05:48.543, 795618000627, vstest.console.dll, ParallelOperationManager.ClearSlots: Clearing all slots. Slots should accept more work: True
TpTrace Verbose: 0 : 2676, 1, 2024/04/02, 12:05:48.543, 795618001347, vstest.console.dll, ParallelOperationManager.SetOccupiedSlotCount: Setting slot counts AvailableSlotCount = 3, OccupiedSlotCount = 0.
TpTrace Verbose: 0 : 2676, 1, 2024/04/02, 12:05:48.543, 795618001775, vstest.console.dll, Occupied slots:

TpTrace Verbose: 0 : 2676, 1, 2024/04/02, 12:05:48.544, 795618014922, vstest.console.dll, TestRequestSender is acting as server.
TpTrace Verbose: 0 : 2676, 1, 2024/04/02, 12:05:48.545, 795618023232, vstest.console.dll, ParallelOperationManager.RunWorkInParallel: Adding 1 workload to slot, remaining workloads 0.
TpTrace Verbose: 0 : 2676, 1, 2024/04/02, 12:05:48.545, 795618023791, vstest.console.dll, ParallelOperationManager.SetOccupiedSlotCount: Setting slot counts AvailableSlotCount = 2, OccupiedSlotCount = 1.
TpTrace Verbose: 0 : 2676, 1, 2024/04/02, 12:05:48.545, 795618024791, vstest.console.dll, Occupied slots:
0: C:\Users\ekrem\Documents\GitHub\HoneyZoneMvc\Honey-Zone\HoneyZoneMvc.Tests\bin\Debug\net6.0\fine-code-coverage\build-output\HoneyZoneMvc.Tests.dll
TpTrace Verbose: 0 : 2676, 1, 2024/04/02, 12:05:48.546, 795618033738, vstest.console.dll, ParallelOperationManager.RunWorkInParallel: Started host in slot number 0 for work (source): C:\Users\ekrem\Documents\GitHub\HoneyZoneMvc\Honey-Zone\HoneyZoneMvc.Tests\bin\Debug\net6.0\fine-code-coverage\build-output\HoneyZoneMvc.Tests.dll.
TpTrace Verbose: 0 : 2676, 1, 2024/04/02, 12:05:48.547, 795618039254, vstest.console.dll, ParallelOperationManager.RunWorkInParallel: We started 1 work items, which is the max parallel level. Won't start more work.
TpTrace Verbose: 0 : 2676, 1, 2024/04/02, 12:05:48.547, 795618039850, vstest.console.dll, ParallelOperationManager.RunWorkInParallel: We started 1 work items in here, returning True.
TpTrace Information: 0 : 2676, 1, 2024/04/02, 12:05:48.547, 795618040202, vstest.console.dll, TestRunRequest.ExecuteAsync: Started.
TpTrace Verbose: 0 : 2676, 5, 2024/04/02, 12:05:48.547, 795618041537, vstest.console.dll, ParallelProxyExecutionManager.StartTestRunOnConcurrentManager: Initializing uninitialized client. Started clients: 0
TpTrace Verbose: 0 : 2676, 5, 2024/04/02, 12:05:48.547, 795618043075, vstest.console.dll, DataCollectionRequestSender.InitializeCommunication : Initialize communication. 
TpTrace Verbose: 0 : 2676, 1, 2024/04/02, 12:05:48.547, 795618045430, vstest.console.dll, TestRunRequest.WaitForCompletion: Waiting with timeout -1.
TpTrace Information: 0 : 2676, 5, 2024/04/02, 12:05:48.554, 795618109071, vstest.console.dll, Listening on Endpoint : 127.0.0.1:56116
TpTrace Verbose: 0 : 2676, 5, 2024/04/02, 12:05:48.560, 795618170793, vstest.console.dll, DotnetDataCollectionLauncher: Adding  --runtimeconfig "C:\Program Files\dotnet\sdk\8.0.200\datacollector.runtimeconfig.json" in args
TpTrace Verbose: 0 : 2676, 5, 2024/04/02, 12:05:48.560, 795618172429, vstest.console.dll, DotnetDataCollectionLauncher: Adding  --depsfile "C:\Program Files\dotnet\sdk\8.0.200\datacollector.deps.json" in args
TpTrace Verbose: 0 : 2676, 5, 2024/04/02, 12:05:48.560, 795618174257, vstest.console.dll, DotnetDataCollectionLauncher: Full path of dotnet.exe is C:\Program Files\dotnet\dotnet.exe
TpTrace Information: 0 : 2676, 5, 2024/04/02, 12:05:48.566, 795618232969, vstest.console.dll, ProxyDataCollectionManager.Initialize: Launched datacollector processId: 10104 port: 56116
TpTrace Information: 0 : 2676, 5, 2024/04/02, 12:05:48.566, 795618234211, vstest.console.dll, ProxyDataCollectionManager.Initialize: waiting for connection with timeout: 90 seconds
TpTrace Verbose: 0 : 2676, 5, 2024/04/02, 12:05:48.566, 795618234689, vstest.console.dll, DataCollectionRequestSender.WaitForRequestHandlerConnection : Waiting for connection with timeout: 90000
TpTrace Verbose: 0 : 2676, 5, 2024/04/02, 12:05:48.688, 795619452296, vstest.console.dll, SocketCommunicationManager.WaitForClientConnection took: 121 ms, with 90000 ms timeout, and finished with True.
TpTrace Information: 0 : 2676, 7, 2024/04/02, 12:05:48.688, 795619452235, vstest.console.dll, Using the buffer size of 16384 bytes
TpTrace Verbose: 0 : 2676, 5, 2024/04/02, 12:05:48.688, 795619453532, vstest.console.dll, ProxyDataCollectionManager.InvokeDataCollectionServiceAction: Starting.
TpTrace Information: 0 : 2676, 7, 2024/04/02, 12:05:48.688, 795619454089, vstest.console.dll, Accepted Client request and set the flag
TpTrace Information: 0 : 2676, 5, 2024/04/02, 12:05:48.688, 795619454238, vstest.console.dll, ProxyDataCollectionManager.BeforeTestRunStart: Get environment variable and port for datacollector processId: 10104 port: 56116
TpTrace Verbose: 0 : 2676, 5, 2024/04/02, 12:05:48.688, 795619455554, vstest.console.dll, DataCollectionRequestSender.SendBeforeTestRunStartAndGetResult: Send BeforeTestRunStart message with settingsXml <RunSettings><RunConfiguration><ResultsDirectory>C:\Users\ekrem\Documents\GitHub\HoneyZoneMvc\Honey-Zone\HoneyZoneMvc.Tests\bin\Debug\net6.0\fine-code-coverage\coverage-tool-output</ResultsDirectory><TargetPlatform>X64</TargetPlatform><TargetFrameworkVersion>.NETCoreApp,Version=v6.0</TargetFrameworkVersion><DesignMode>False</DesignMode><CollectSourceInformation>False</CollectSourceInformation><TestAdaptersPaths>C:\Program Files\dotnet\sdk\8.0.200\Extensions</TestAdaptersPaths></RunConfiguration><LoggerRunSettings><Loggers><Logger friendlyName="blame" enabled="True" /><Logger friendlyName="Console" uri="logger://microsoft/TestPlatform/ConsoleLogger/v1" assemblyQualifiedName="Microsoft.VisualStudio.TestPlatform.CommandLine.Internal.ConsoleLogger, vstest.console, Version=15.0.0.0, Culture=neutral, PublicKeyToken=b03f5f7f11d50a3a" codeBase="C:\Program Files\dotnet\sdk\8.0.200\vstest.console.dll" enabled="True" /></Loggers></LoggerRunSettings><DataCollectionRunSettings><DataCollectors><DataCollector friendlyName="blame" enabled="True"><Configuration><ResultsDirectory>C:\Users\ekrem\Documents\GitHub\HoneyZoneMvc\Honey-Zone\HoneyZoneMvc.Tests\bin\Debug\net6.0\fine-code-coverage\coverage-tool-output</ResultsDirectory></Configuration></DataCollector></DataCollectors></DataCollectionRunSettings></RunSettings> and sources System.Collections.Generic.List`1[System.String]: 
TpTrace Verbose: 0 : 2676, 5, 2024/04/02, 12:05:48.739, 795619965089, vstest.console.dll, DataCollectionRequestSender.SendBeforeTestRunStartAndGetResult: Received message: (DataCollection.SendMessage) -> {"MessageType":"DataCollection.SendMessage","Payload":{"FriendlyName":null,"Uri":null,"TestCaseId":"00000000-0000-0000-0000-000000000000","Message":"Logging DataCollector Diagnostics in file: C:\\Users\\ekrem\\Documents\\GitHub\\HoneyZoneMvc\\Honey-Zone\\HoneyZoneMvc.Tests\\bin\\Debug\\net6.0\\fine-code-coverage\\coverage-tool-output\\diagnostics.datacollector.24-04-02_12-05-48_56006_5.log","Level":0}}
TpTrace Verbose: 0 : 2676, 5, 2024/04/02, 12:05:48.814, 795620716488, vstest.console.dll, DataCollectionRequestSender.SendBeforeTestRunStartAndGetResult: Received message: (DataCollection.BeforeTestRunStartResult) -> {"MessageType":"DataCollection.BeforeTestRunStartResult","Payload":{"EnvironmentVariables":{},"DataCollectionEventsPort":56118}}
TpTrace Information: 0 : 2676, 5, 2024/04/02, 12:05:48.820, 795620767720, vstest.console.dll, ProxyDataCollectionManager.BeforeTestRunStart: SendBeforeTestRunStartAndGetResult successful, env variable from datacollector:   and testhost port: 56118
TpTrace Information: 0 : 2676, 5, 2024/04/02, 12:05:48.820, 795620768836, vstest.console.dll, ProxyDataCollectionManager.InvokeDataCollectionServiceAction: Completed.
TpTrace Verbose: 0 : 2676, 5, 2024/04/02, 12:05:48.820, 795620769315, vstest.console.dll, ParallelProxyExecutionManager.StartTestRunOnConcurrentManager: Initializing test run. Started clients: 0
TpTrace Verbose: 0 : 2676, 5, 2024/04/02, 12:05:48.820, 795620770286, vstest.console.dll, ProxyExecutionManager: Test host is always Lazy initialize.
TpTrace Verbose: 0 : 2676, 5, 2024/04/02, 12:05:48.820, 795620772477, vstest.console.dll, TestRequestSender.InitializeCommunication: initialize communication. 
TpTrace Information: 0 : 2676, 5, 2024/04/02, 12:05:48.821, 795620777379, vstest.console.dll, SocketServer.Start: Listening on endpoint : 127.0.0.1:56119
TpTrace Verbose: 0 : 2676, 5, 2024/04/02, 12:05:48.821, 795620783782, vstest.console.dll, DotnetTestHostmanager.GetTestHostProcessStartInfo: Platform environment 'X64' target architecture 'X64' framework '.NETCoreApp,Version=v6.0' OS 'Windows'
TpTrace Verbose: 0 : 2676, 5, 2024/04/02, 12:05:48.821, 795620785637, vstest.console.dll, DotnetTestHostmanager: Adding  --runtimeconfig "C:\Users\ekrem\Documents\GitHub\HoneyZoneMvc\Honey-Zone\HoneyZoneMvc.Tests\bin\Debug\net6.0\fine-code-coverage\build-output\HoneyZoneMvc.Tests.runtimeconfig.json" in args
TpTrace Verbose: 0 : 2676, 5, 2024/04/02, 12:05:48.821, 795620786495, vstest.console.dll, DotnetTestHostmanager: Adding  --depsfile "C:\Users\ekrem\Documents\GitHub\HoneyZoneMvc\Honey-Zone\HoneyZoneMvc.Tests\bin\Debug\net6.0\fine-code-coverage\build-output\HoneyZoneMvc.Tests.deps.json" in args
TpTrace Verbose: 0 : 2676, 5, 2024/04/02, 12:05:48.822, 795620787875, vstest.console.dll, DotnetTestHostmanager.IsWinOnArm: Current PROCESSOR_ARCHITECTURE from environment variable 'AMD64'
TpTrace Verbose: 0 : 2676, 5, 2024/04/02, 12:05:48.822, 795620788358, vstest.console.dll, DotnetTestHostmanager.IsWinOnArm: Is Windows on ARM 'False'
TpTrace Verbose: 0 : 2676, 5, 2024/04/02, 12:05:48.822, 795620789161, vstest.console.dll, DotnetTestHostManager: testhost.exe found at path: C:\Users\ekrem\Documents\GitHub\HoneyZoneMvc\Honey-Zone\HoneyZoneMvc.Tests\bin\Debug\net6.0\fine-code-coverage\build-output\testhost.exe
TpTrace Verbose: 0 : 2676, 5, 2024/04/02, 12:05:48.822, 795620789535, vstest.console.dll, DotnetTestHostmanager: Full path of host exe is C:\Users\ekrem\Documents\GitHub\HoneyZoneMvc\Honey-Zone\HoneyZoneMvc.Tests\bin\Debug\net6.0\fine-code-coverage\build-output\testhost.exe
TpTrace Verbose: 0 : 2676, 5, 2024/04/02, 12:05:48.822, 795620790520, vstest.console.dll, DotnetTestHostmanager.LaunchTestHostAsync: Found 'VSTEST_WINAPPHOST_DOTNET_ROOT' in env variables, value 'C:\Program Files\dotnet', forwarding to 'DOTNET_ROOT'
TpTrace Verbose: 0 : 2676, 5, 2024/04/02, 12:05:48.822, 795620791643, vstest.console.dll, DotnetTestHostManager: Starting process 'C:\Users\ekrem\Documents\GitHub\HoneyZoneMvc\Honey-Zone\HoneyZoneMvc.Tests\bin\Debug\net6.0\fine-code-coverage\build-output\testhost.exe' with command line ' --runtimeconfig "C:\Users\ekrem\Documents\GitHub\HoneyZoneMvc\Honey-Zone\HoneyZoneMvc.Tests\bin\Debug\net6.0\fine-code-coverage\build-output\HoneyZoneMvc.Tests.runtimeconfig.json" --depsfile "C:\Users\ekrem\Documents\GitHub\HoneyZoneMvc\Honey-Zone\HoneyZoneMvc.Tests\bin\Debug\net6.0\fine-code-coverage\build-output\HoneyZoneMvc.Tests.deps.json" --port 56119 --endpoint 127.0.0.1:056119 --role client --parentprocessid 2676 --diag "C:\Users\ekrem\Documents\GitHub\HoneyZoneMvc\Honey-Zone\HoneyZoneMvc.Tests\bin\Debug\net6.0\fine-code-coverage\coverage-tool-output\diagnostics.host.24-04-02_12-05-48_82136_5.log" --tracelevel 4 --datacollectionport 56118 --telemetryoptedin false'
TpTrace Verbose: 0 : 2676, 5, 2024/04/02, 12:05:48.828, 795620847946, vstest.console.dll, MulticastDelegateUtilities.SafeInvoke: HostProviderEvents.OnHostLaunched: Invoking callback 1/2 for Microsoft.VisualStudio.TestPlatform.CrossPlatEngine.Client.ProxyExecutionManagerWithDataCollection., took 0 ms.
TpTrace Verbose: 0 : 2676, 5, 2024/04/02, 12:05:48.828, 795620851488, vstest.console.dll, Test Runtime launched
TpTrace Verbose: 0 : 2676, 5, 2024/04/02, 12:05:48.828, 795620852306, vstest.console.dll, MulticastDelegateUtilities.SafeInvoke: HostProviderEvents.OnHostLaunched: Invoking callback 2/2 for Microsoft.VisualStudio.TestPlatform.CrossPlatEngine.Client.ProxyOperationManager., took 0 ms.
TpTrace Verbose: 0 : 2676, 5, 2024/04/02, 12:05:48.828, 795620853750, vstest.console.dll, TestRequestSender.WaitForRequestHandlerConnection: waiting for connection with timeout: 90000.
TpTrace Verbose: 0 : 2676, 5, 2024/04/02, 12:05:48.976, 795622333864, vstest.console.dll, TestRequestSender.WaitForRequestHandlerConnection: waiting took 148 ms, with timeout 90000 ms, and result 0, which is success.
TpTrace Verbose: 0 : 2676, 11, 2024/04/02, 12:05:48.976, 795622333864, vstest.console.dll, MulticastDelegateUtilities.SafeInvoke: SocketServer: ClientConnected: Invoking callback 1/1 for Microsoft.VisualStudio.TestPlatform.CommunicationUtilities.TestRequestSender., took 0 ms.
TpTrace Verbose: 0 : 2676, 11, 2024/04/02, 12:05:48.976, 795622335270, vstest.console.dll, SocketServer.OnClientConnected: Client connected for endPoint: 127.0.0.1:56119, starting MessageLoopAsync:
TpTrace Verbose: 0 : 2676, 11, 2024/04/02, 12:05:48.977, 795622338979, vstest.console.dll, TcpClientExtensions.MessageLoopAsync: Polling on remoteEndPoint: 127.0.0.1:56120 localEndPoint: 127.0.0.1:56119 after 0 ms
TpTrace Verbose: 0 : 2676, 5, 2024/04/02, 12:05:48.977, 795622341168, vstest.console.dll, TestRequestSender.CheckVersionWithTestHost: Sending check version message: {"MessageType":"ProtocolVersion","Payload":7}
TpTrace Verbose: 0 : 2676, 11, 2024/04/02, 12:05:49.116, 795623737075, vstest.console.dll, TcpClientExtensions.MessageLoopAsync: NotifyDataAvailable remoteEndPoint: 127.0.0.1:56120 localEndPoint: 127.0.0.1:56119
TpTrace Verbose: 0 : 2676, 11, 2024/04/02, 12:05:49.117, 795623739107, vstest.console.dll, TestRequestSender.CheckVersionWithTestHost: onMessageReceived received message: (ProtocolVersion) -> {"MessageType":"ProtocolVersion","Payload":7}
TpTrace Verbose: 0 : 2676, 11, 2024/04/02, 12:05:49.117, 795623744531, vstest.console.dll, MulticastDelegateUtilities.SafeInvoke: LengthPrefixCommunicationChannel: MessageReceived: Invoking callback 1/1 for Microsoft.VisualStudio.TestPlatform.CommunicationUtilities.TestRequestSender+<>c__DisplayClass29_0., took 0 ms.
TpTrace Verbose: 0 : 2676, 11, 2024/04/02, 12:05:49.117, 795623745555, vstest.console.dll, TcpClientExtensions.MessageLoopAsync: Polling on remoteEndPoint: 127.0.0.1:56120 localEndPoint: 127.0.0.1:56119 after 140 ms
TpTrace Verbose: 0 : 2676, 5, 2024/04/02, 12:05:49.117, 795623745670, vstest.console.dll, TestPluginCache.GetExtensionPaths: Filtered extension paths: 
TpTrace Verbose: 0 : 2676, 5, 2024/04/02, 12:05:49.117, 795623746475, vstest.console.dll, TestPluginCache.GetExtensionPaths: Added default extension paths: C:\Program Files\dotnet\sdk\8.0.200\Extensions\Microsoft.Diagnostics.NETCore.Client.dll
C:\Program Files\dotnet\sdk\8.0.200\Extensions\Microsoft.TestPlatform.Extensions.BlameDataCollector.dll
C:\Program Files\dotnet\sdk\8.0.200\Extensions\Microsoft.TestPlatform.Extensions.EventLogCollector.dll
C:\Program Files\dotnet\sdk\8.0.200\Extensions\Microsoft.TestPlatform.TestHostRuntimeProvider.dll
C:\Program Files\dotnet\sdk\8.0.200\Extensions\Microsoft.VisualStudio.TestPlatform.Extensions.Html.TestLogger.dll
C:\Program Files\dotnet\sdk\8.0.200\Extensions\Microsoft.VisualStudio.TestPlatform.Extensions.Trx.TestLogger.dll
TpTrace Verbose: 0 : 2676, 5, 2024/04/02, 12:05:49.118, 795623747625, vstest.console.dll, TestPluginCache.GetExtensionPaths: Added unfilterableExtensionPaths: 
TpTrace Verbose: 0 : 2676, 5, 2024/04/02, 12:05:49.121, 795623779459, vstest.console.dll, TestRequestSender.InitializeExecution: Sending initialize execution with message: {"Version":7,"MessageType":"TestExecution.Initialize","Payload":["C:\\Users\\ekrem\\Documents\\GitHub\\HoneyZoneMvc\\Honey-Zone\\HoneyZoneMvc.Tests\\bin\\Debug\\net6.0\\fine-code-coverage\\build-output\\NUnit3.TestAdapter.dll"]}
TpTrace Verbose: 0 : 2676, 5, 2024/04/02, 12:05:49.121, 795623781395, vstest.console.dll, ParallelProxyExecutionManager.StartTestRunOnConcurrentManager: Execution starting. Started clients: 1
TpTrace Verbose: 0 : 2676, 5, 2024/04/02, 12:05:49.121, 795623784189, vstest.console.dll, TestRunRequest:SendTestRunMessage: Starting.
TpTrace Verbose: 0 : 2676, 5, 2024/04/02, 12:05:49.121, 795623785915, vstest.console.dll, MulticastDelegateUtilities.SafeInvoke: TestRun.LogMessages: Invoking callback 1/1 for Microsoft.VisualStudio.TestPlatform.CommandLine.TestRunResultAggregator., took 0 ms.
TpTrace Information: 0 : 2676, 5, 2024/04/02, 12:05:49.121, 795623786364, vstest.console.dll, TestRunRequest:SendTestRunMessage: Completed.
TpTrace Verbose: 0 : 2676, 4, 2024/04/02, 12:05:49.122, 795623787821, vstest.console.dll, MulticastDelegateUtilities.SafeInvoke: InternalTestLoggerEvents.SendTestRunMessage: Invoking callback 1/1 for Microsoft.VisualStudio.TestPlatform.CommandLine.Internal.ConsoleLogger., took 0 ms.
TpTrace Warning: 0 : 2676, 5, 2024/04/02, 12:05:49.122, 795623789366, vstest.console.dll, InferRunSettingsHelper.MakeRunsettingsCompatible: Removing the following settings: TargetPlatform from RunSettings file. To use those settings please move to latest version of Microsoft.NET.Test.Sdk
TpTrace Verbose: 0 : 2676, 11, 2024/04/02, 12:05:49.125, 795623818310, vstest.console.dll, TcpClientExtensions.MessageLoopAsync: NotifyDataAvailable remoteEndPoint: 127.0.0.1:56120 localEndPoint: 127.0.0.1:56119
TpTrace Verbose: 0 : 2676, 11, 2024/04/02, 12:05:49.125, 795623821052, vstest.console.dll, TestRequestSender.OnExecutionMessageReceived: Received message: {"Version":7,"MessageType":"TestSession.Message","Payload":{"MessageLevel":0,"Message":"Logging TestHost Diagnostics in file: C:\\Users\\ekrem\\Documents\\GitHub\\HoneyZoneMvc\\Honey-Zone\\HoneyZoneMvc.Tests\\bin\\Debug\\net6.0\\fine-code-coverage\\coverage-tool-output\\diagnostics.host.24-04-02_12-05-48_82136_5.log"}}
TpTrace Verbose: 0 : 2676, 11, 2024/04/02, 12:05:49.127, 795623842128, vstest.console.dll, TestRunRequest:SendTestRunMessage: Starting.
TpTrace Verbose: 0 : 2676, 11, 2024/04/02, 12:05:49.127, 795623843401, vstest.console.dll, MulticastDelegateUtilities.SafeInvoke: TestRun.LogMessages: Invoking callback 1/1 for Microsoft.VisualStudio.TestPlatform.CommandLine.TestRunResultAggregator., took 0 ms.
TpTrace Verbose: 0 : 2676, 4, 2024/04/02, 12:05:49.127, 795623843557, vstest.console.dll, MulticastDelegateUtilities.SafeInvoke: InternalTestLoggerEvents.SendTestRunMessage: Invoking callback 1/1 for Microsoft.VisualStudio.TestPlatform.CommandLine.Internal.ConsoleLogger., took 0 ms.
TpTrace Information: 0 : 2676, 11, 2024/04/02, 12:05:49.127, 795623844162, vstest.console.dll, TestRunRequest:SendTestRunMessage: Completed.
TpTrace Verbose: 0 : 2676, 11, 2024/04/02, 12:05:49.127, 795623844588, vstest.console.dll, MulticastDelegateUtilities.SafeInvoke: LengthPrefixCommunicationChannel: MessageReceived: Invoking callback 1/1 for Microsoft.VisualStudio.TestPlatform.CommunicationUtilities.TestRequestSender+<>c__DisplayClass34_0., took 2 ms.
TpTrace Verbose: 0 : 2676, 11, 2024/04/02, 12:05:49.127, 795623844885, vstest.console.dll, TcpClientExtensions.MessageLoopAsync: Polling on remoteEndPoint: 127.0.0.1:56120 localEndPoint: 127.0.0.1:56119 after 9 ms
TpTrace Verbose: 0 : 2676, 5, 2024/04/02, 12:05:49.127, 795623845863, vstest.console.dll, TestRequestSender.StartTestRun: Sending test run with message: {"Version":7,"MessageType":"TestExecution.StartWithSources","Payload":{"AdapterSourceMap":{"_none_":["C:\\Users\\ekrem\\Documents\\GitHub\\HoneyZoneMvc\\Honey-Zone\\HoneyZoneMvc.Tests\\bin\\Debug\\net6.0\\fine-code-coverage\\build-output\\HoneyZoneMvc.Tests.dll"]},"RunSettings":"<RunSettings>\r\n  <RunConfiguration>\r\n    <ResultsDirectory>C:\\Users\\ekrem\\Documents\\GitHub\\HoneyZoneMvc\\Honey-Zone\\HoneyZoneMvc.Tests\\bin\\Debug\\net6.0\\fine-code-coverage\\coverage-tool-output</ResultsDirectory>\r\n    <TargetFrameworkVersion>.NETCoreApp,Version=v6.0</TargetFrameworkVersion>\r\n    <DesignMode>False</DesignMode>\r\n    <CollectSourceInformation>False</CollectSourceInformation>\r\n  </RunConfiguration>\r\n  <LoggerRunSettings>\r\n    <Loggers>\r\n      <Logger friendlyName=\"blame\" enabled=\"True\" />\r\n      <Logger friendlyName=\"Console\" uri=\"logger://microsoft/TestPlatform/ConsoleLogger/v1\" assemblyQualifiedName=\"Microsoft.VisualStudio.TestPlatform.CommandLine.Internal.ConsoleLogger, vstest.console, Version=15.0.0.0, Culture=neutral, PublicKeyToken=b03f5f7f11d50a3a\" codeBase=\"C:\\Program Files\\dotnet\\sdk\\8.0.200\\vstest.console.dll\" enabled=\"True\" />\r\n    </Loggers>\r\n  </LoggerRunSettings>\r\n  <DataCollectionRunSettings>\r\n    <DataCollectors>\r\n      <DataCollector friendlyName=\"blame\" enabled=\"True\">\r\n        <Configuration>\r\n          <ResultsDirectory>C:\\Users\\ekrem\\Documents\\GitHub\\HoneyZoneMvc\\Honey-Zone\\HoneyZoneMvc.Tests\\bin\\Debug\\net6.0\\fine-code-coverage\\coverage-tool-output</ResultsDirectory>\r\n        </Configuration>\r\n      </DataCollector>\r\n    </DataCollectors>\r\n  </DataCollectionRunSettings>\r\n</RunSettings>","TestExecutionContext":{"FrequencyOfRunStatsChangeEvent":10,"RunStatsChangeEventTimeout":"00:00:01.5000000","InIsolation":false,"KeepAlive":false,"AreTestCaseLevelEventsRequired":false,"IsDebug":false,"TestCaseFilter":null,"FilterOptions":null},"Package":null}}
TpTrace Verbose: 0 : 2676, 5, 2024/04/02, 12:05:49.127, 795623847103, vstest.console.dll, ParallelProxyExecutionManager.StartTestRunOnConcurrentManager: Execution started. Started clients: 1
TpTrace Verbose: 0 : 2676, 11, 2024/04/02, 12:05:49.311, 795625685636, vstest.console.dll, TcpClientExtensions.MessageLoopAsync: NotifyDataAvailable remoteEndPoint: 127.0.0.1:56120 localEndPoint: 127.0.0.1:56119
TpTrace Verbose: 0 : 2676, 11, 2024/04/02, 12:05:49.311, 795625687051, vstest.console.dll, TestRequestSender.OnExecutionMessageReceived: Received message: {"Version":7,"MessageType":"TestSession.Message","Payload":{"MessageLevel":0,"Message":"NUnit Adapter 4.4.0.0: Test execution started"}}
TpTrace Verbose: 0 : 2676, 11, 2024/04/02, 12:05:49.312, 795625689074, vstest.console.dll, TestRunRequest:SendTestRunMessage: Starting.
TpTrace Verbose: 0 : 2676, 11, 2024/04/02, 12:05:49.312, 795625689744, vstest.console.dll, MulticastDelegateUtilities.SafeInvoke: TestRun.LogMessages: Invoking callback 1/1 for Microsoft.VisualStudio.TestPlatform.CommandLine.TestRunResultAggregator., took 0 ms.
TpTrace Verbose: 0 : 2676, 4, 2024/04/02, 12:05:49.312, 795625689943, vstest.console.dll, MulticastDelegateUtilities.SafeInvoke: InternalTestLoggerEvents.SendTestRunMessage: Invoking callback 1/1 for Microsoft.VisualStudio.TestPlatform.CommandLine.Internal.ConsoleLogger., took 0 ms.
TpTrace Information: 0 : 2676, 11, 2024/04/02, 12:05:49.312, 795625690129, vstest.console.dll, TestRunRequest:SendTestRunMessage: Completed.
TpTrace Verbose: 0 : 2676, 11, 2024/04/02, 12:05:49.312, 795625691137, vstest.console.dll, MulticastDelegateUtilities.SafeInvoke: LengthPrefixCommunicationChannel: MessageReceived: Invoking callback 1/1 for Microsoft.VisualStudio.TestPlatform.CommunicationUtilities.TestRequestSender+<>c__DisplayClass34_0., took 0 ms.
TpTrace Verbose: 0 : 2676, 11, 2024/04/02, 12:05:49.312, 795625691515, vstest.console.dll, TcpClientExtensions.MessageLoopAsync: Polling on remoteEndPoint: 127.0.0.1:56120 localEndPoint: 127.0.0.1:56119 after 184 ms
TpTrace Verbose: 0 : 2676, 11, 2024/04/02, 12:05:49.340, 795625977004, vstest.console.dll, TcpClientExtensions.MessageLoopAsync: NotifyDataAvailable remoteEndPoint: 127.0.0.1:56120 localEndPoint: 127.0.0.1:56119
TpTrace Verbose: 0 : 2676, 11, 2024/04/02, 12:05:49.341, 795625978872, vstest.console.dll, TestRequestSender.OnExecutionMessageReceived: Received message: {"Version":7,"MessageType":"TestSession.Message","Payload":{"MessageLevel":0,"Message":"Running all tests in C:\\Users\\ekrem\\Documents\\GitHub\\HoneyZoneMvc\\Honey-Zone\\HoneyZoneMvc.Tests\\bin\\Debug\\net6.0\\fine-code-coverage\\build-output\\HoneyZoneMvc.Tests.dll"}}
TpTrace Verbose: 0 : 2676, 11, 2024/04/02, 12:05:49.341, 795625980418, vstest.console.dll, TestRunRequest:SendTestRunMessage: Starting.
TpTrace Verbose: 0 : 2676, 11, 2024/04/02, 12:05:49.341, 795625981246, vstest.console.dll, MulticastDelegateUtilities.SafeInvoke: TestRun.LogMessages: Invoking callback 1/1 for Microsoft.VisualStudio.TestPlatform.CommandLine.TestRunResultAggregator., took 0 ms.
TpTrace Verbose: 0 : 2676, 4, 2024/04/02, 12:05:49.341, 795625981453, vstest.console.dll, MulticastDelegateUtilities.SafeInvoke: InternalTestLoggerEvents.SendTestRunMessage: Invoking callback 1/1 for Microsoft.VisualStudio.TestPlatform.CommandLine.Internal.ConsoleLogger., took 0 ms.
TpTrace Information: 0 : 2676, 11, 2024/04/02, 12:05:49.341, 795625981699, vstest.console.dll, TestRunRequest:SendTestRunMessage: Completed.
TpTrace Verbose: 0 : 2676, 11, 2024/04/02, 12:05:49.341, 795625982673, vstest.console.dll, MulticastDelegateUtilities.SafeInvoke: LengthPrefixCommunicationChannel: MessageReceived: Invoking callback 1/1 for Microsoft.VisualStudio.TestPlatform.CommunicationUtilities.TestRequestSender+<>c__DisplayClass34_0., took 0 ms.
TpTrace Verbose: 0 : 2676, 11, 2024/04/02, 12:05:49.341, 795625983138, vstest.console.dll, TcpClientExtensions.MessageLoopAsync: Polling on remoteEndPoint: 127.0.0.1:56120 localEndPoint: 127.0.0.1:56119 after 29 ms
TpTrace Verbose: 0 : 2676, 11, 2024/04/02, 12:05:49.484, 795627407434, vstest.console.dll, TcpClientExtensions.MessageLoopAsync: NotifyDataAvailable remoteEndPoint: 127.0.0.1:56120 localEndPoint: 127.0.0.1:56119
TpTrace Verbose: 0 : 2676, 11, 2024/04/02, 12:05:49.484, 795627409595, vstest.console.dll, TestRequestSender.OnExecutionMessageReceived: Received message: {"Version":7,"MessageType":"TestSession.Message","Payload":{"MessageLevel":0,"Message":"   NUnit3TestExecutor discovered 37 of 37 NUnit test cases using Current Discovery mode, Non-Explicit run"}}
TpTrace Verbose: 0 : 2676, 11, 2024/04/02, 12:05:49.484, 795627410954, vstest.console.dll, TestRunRequest:SendTestRunMessage: Starting.
TpTrace Verbose: 0 : 2676, 11, 2024/04/02, 12:05:49.484, 795627411711, vstest.console.dll, MulticastDelegateUtilities.SafeInvoke: TestRun.LogMessages: Invoking callback 1/1 for Microsoft.VisualStudio.TestPlatform.CommandLine.TestRunResultAggregator., took 0 ms.
TpTrace Verbose: 0 : 2676, 4, 2024/04/02, 12:05:49.484, 795627411958, vstest.console.dll, MulticastDelegateUtilities.SafeInvoke: InternalTestLoggerEvents.SendTestRunMessage: Invoking callback 1/1 for Microsoft.VisualStudio.TestPlatform.CommandLine.Internal.ConsoleLogger., took 0 ms.
TpTrace Information: 0 : 2676, 11, 2024/04/02, 12:05:49.484, 795627412078, vstest.console.dll, TestRunRequest:SendTestRunMessage: Completed.
TpTrace Verbose: 0 : 2676, 11, 2024/04/02, 12:05:49.484, 795627412975, vstest.console.dll, MulticastDelegateUtilities.SafeInvoke: LengthPrefixCommunicationChannel: MessageReceived: Invoking callback 1/1 for Microsoft.VisualStudio.TestPlatform.CommunicationUtilities.TestRequestSender+<>c__DisplayClass34_0., took 0 ms.
TpTrace Verbose: 0 : 2676, 11, 2024/04/02, 12:05:49.484, 795627413477, vstest.console.dll, TcpClientExtensions.MessageLoopAsync: Polling on remoteEndPoint: 127.0.0.1:56120 localEndPoint: 127.0.0.1:56119 after 142 ms
TpTrace Verbose: 0 : 2676, 11, 2024/04/02, 12:05:50.498, 795637556515, vstest.console.dll, TcpClientExtensions.MessageLoopAsync: Polling on remoteEndPoint: 127.0.0.1:56120 localEndPoint: 127.0.0.1:56119 after 1014 ms
TpTrace Verbose: 0 : 2676, 11, 2024/04/02, 12:05:50.749, 795640064750, vstest.console.dll, TcpClientExtensions.MessageLoopAsync: NotifyDataAvailable remoteEndPoint: 127.0.0.1:56120 localEndPoint: 127.0.0.1:56119
TpTrace Verbose: 0 : 2676, 11, 2024/04/02, 12:05:50.749, 795640066491, vstest.console.dll, TestRequestSender.OnExecutionMessageReceived: Received message: {"Version":7,"MessageType":"TestExecution.StatsChange","Payload":{"NewTestResults":[],"TestRunStatistics":{"ExecutedTests":0,"Stats":{}},"ActiveTests":[{"Id":"2c506e57-006f-c3de-93d5-b04e2c1e70e3","FullyQualifiedName":"HoneyZoneMvc.Tests.OrderServiceTests.AddOrderAsync_ShouldAddOrder","DisplayName":"AddOrderAsync_ShouldAddOrder","ExecutorUri":"executor://NUnit3TestExecutor","Source":"C:\\Users\\ekrem\\Documents\\GitHub\\HoneyZoneMvc\\Honey-Zone\\HoneyZoneMvc.Tests\\bin\\Debug\\net6.0\\fine-code-coverage\\build-output\\HoneyZoneMvc.Tests.dll","CodeFilePath":null,"LineNumber":0,"Properties":[{"Key":{"Id":"NUnit.Seed","Label":"Seed","Category":"","Description":"","Attributes":0,"ValueType":"System.String"},"Value":"1423611876"}]}]}}
TpTrace Verbose: 0 : 2676, 11, 2024/04/02, 12:05:50.765, 795640225225, vstest.console.dll, TestRunRequest:SendTestRunStatsChange: Starting.
TpTrace Verbose: 0 : 2676, 11, 2024/04/02, 12:05:50.765, 795640226922, vstest.console.dll, InProgress is AddOrderAsync_ShouldAddOrder
TpTrace Verbose: 0 : 2676, 11, 2024/04/02, 12:05:50.766, 795640227923, vstest.console.dll, MulticastDelegateUtilities.SafeInvoke: TestRun.RunStatsChanged: Invoking callbacks was skipped because there are no subscribers.
TpTrace Information: 0 : 2676, 11, 2024/04/02, 12:05:50.766, 795640228319, vstest.console.dll, TestRunRequest:SendTestRunStatsChange: Completed.
TpTrace Verbose: 0 : 2676, 11, 2024/04/02, 12:05:50.766, 795640228603, vstest.console.dll, MulticastDelegateUtilities.SafeInvoke: LengthPrefixCommunicationChannel: MessageReceived: Invoking callback 1/1 for Microsoft.VisualStudio.TestPlatform.CommunicationUtilities.TestRequestSender+<>c__DisplayClass34_0., took 16 ms.
TpTrace Verbose: 0 : 2676, 11, 2024/04/02, 12:05:50.766, 795640228903, vstest.console.dll, TcpClientExtensions.MessageLoopAsync: Polling on remoteEndPoint: 127.0.0.1:56120 localEndPoint: 127.0.0.1:56119 after 267 ms
TpTrace Verbose: 0 : 2676, 11, 2024/04/02, 12:05:51.115, 795643717791, vstest.console.dll, TcpClientExtensions.MessageLoopAsync: NotifyDataAvailable remoteEndPoint: 127.0.0.1:56120 localEndPoint: 127.0.0.1:56119
TpTrace Verbose: 0 : 2676, 11, 2024/04/02, 12:05:51.115, 795643721400, vstest.console.dll, TestRequestSender.OnExecutionMessageReceived: Received message: {"Version":7,"MessageType":"TestExecution.StatsChange","Payload":{"NewTestResults":[{"TestCase":{"Id":"2c506e57-006f-c3de-93d5-b04e2c1e70e3","FullyQualifiedName":"HoneyZoneMvc.Tests.OrderServiceTests.AddOrderAsync_ShouldAddOrder","DisplayName":"AddOrderAsync_ShouldAddOrder","ExecutorUri":"executor://NUnit3TestExecutor","Source":"C:\\Users\\ekrem\\Documents\\GitHub\\HoneyZoneMvc\\Honey-Zone\\HoneyZoneMvc.Tests\\bin\\Debug\\net6.0\\fine-code-coverage\\build-output\\HoneyZoneMvc.Tests.dll","CodeFilePath":null,"LineNumber":0,"Properties":[{"Key":{"Id":"NUnit.Seed","Label":"Seed","Category":"","Description":"","Attributes":0,"ValueType":"System.String"},"Value":"1423611876"}]},"Attachments":[],"Outcome":1,"ErrorMessage":null,"ErrorStackTrace":null,"DisplayName":"AddOrderAsync_ShouldAddOrder","Messages":[],"ComputerName":"DESKTOP-JGRNGUF","Duration":"00:00:01.1218760","StartTime":"2024-04-02T09:05:49.7201709+00:00","EndTime":"2024-04-02T09:05:50.8419218+00:00","Properties":[{"Key":{"Id":"NUnit.Seed","Label":"Seed","Category":"","Description":"","Attributes":0,"ValueType":"System.String"},"Value":"1423611876"}]},{"TestCase":{"Id":"b2dceb93-cd5e-64ab-b365-2986bcb78508","FullyQualifiedName":"HoneyZoneMvc.Tests.OrderServiceTests.AllAsync_ShouldReturnAllOrders","DisplayName":"AllAsync_ShouldReturnAllOrders","ExecutorUri":"executor://NUnit3TestExecutor","Source":"C:\\Users\\ekrem\\Documents\\GitHub\\HoneyZoneMvc\\Honey-Zone\\HoneyZoneMvc.Tests\\bin\\Debug\\net6.0\\fine-code-coverage\\build-output\\HoneyZoneMvc.Tests.dll","CodeFilePath":null,"LineNumber":0,"Properties":[{"Key":{"Id":"NUnit.Seed","Label":"Seed","Category":"","Description":"","Attributes":0,"ValueType":"System.String"},"Value":"1299426801"}]},"Attachments":[],"Outcome":1,"ErrorMessage":null,"ErrorStackTrace":null,"DisplayName":"AllAsync_ShouldReturnAllOrders","Messages":[],"ComputerName":"DESKTOP-JGRNGUF","Duration":"00:00:00.0897080","StartTime":"2024-04-02T09:05:50.843989+00:00","EndTime":"2024-04-02T09:05:50.9336966+00:00","Properties":[{"Key":{"Id":"NUnit.Seed","Label":"Seed","Category":"","Description":"","Attributes":0,"ValueType":"System.String"},"Value":"1299426801"}]},{"TestCase":{"Id":"bd2d66a6-28c7-89c3-e44a-e9134686cf35","FullyQualifiedName":"HoneyZoneMvc.Tests.OrderServiceTests.ChangeStatusAsync_ShouldChangeStatus","DisplayName":"ChangeStatusAsync_ShouldChangeStatus","ExecutorUri":"executor://NUnit3TestExecutor","Source":"C:\\Users\\ekrem\\Documents\\GitHub\\HoneyZoneMvc\\Honey-Zone\\HoneyZoneMvc.Tests\\bin\\Debug\\net6.0\\fine-code-coverage\\build-output\\HoneyZoneMvc.Tests.dll","CodeFilePath":null,"LineNumber":0,"Properties":[{"Key":{"Id":"NUnit.Seed","Label":"Seed","Category":"","Description":"","Attributes":0,"ValueType":"System.String"},"Value":"349973555"}]},"Attachments":[],"Outcome":1,"ErrorMessage":null,"ErrorStackTrace":null,"DisplayName":"ChangeStatusAsync_ShouldChangeStatus","Messages":[],"ComputerName":"DESKTOP-JGRNGUF","Duration":"00:00:00.0288280","StartTime":"2024-04-02T09:05:50.9337366+00:00","EndTime":"2024-04-02T09:05:50.9625641+00:00","Properties":[{"Key":{"Id":"NUnit.Seed","Label":"Seed","Category":"","Description":"","Attributes":0,"ValueType":"System.String"},"Value":"349973555"}]},{"TestCase":{"Id":"653832bd-7068-01f3-cbf7-5c6b30c20373","FullyQualifiedName":"HoneyZoneMvc.Tests.OrderServiceTests.ChangeStatusAsync_ShouldThrowException","DisplayName":"ChangeStatusAsync_ShouldThrowException","ExecutorUri":"executor://NUnit3TestExecutor","Source":"C:\\Users\\ekrem\\Documents\\GitHub\\HoneyZoneMvc\\Honey-Zone\\HoneyZoneMvc.Tests\\bin\\Debug\\net6.0\\fine-code-coverage\\build-output\\HoneyZoneMvc.Tests.dll","CodeFilePath":null,"LineNumber":0,"Properties":[{"Key":{"Id":"NUnit.Seed","Label":"Seed","Category":"","Description":"","Attributes":0,"ValueType":"System.String"},"Value":"863688899"}]},"Attachments":[],"Outcome":1,"ErrorMessage":null,"ErrorStackTrace":null,"DisplayName":"ChangeStatusAsync_ShouldThrowException","Messages":[],"ComputerName":"DESKTOP-JGRNGUF","Duration":"00:00:00.0107950","StartTime":"2024-04-02T09:05:50.9625918+00:00","EndTime":"2024-04-02T09:05:50.9733864+00:00","Properties":[{"Key":{"Id":"NUnit.Seed","Label":"Seed","Category":"","Description":"","Attributes":0,"ValueType":"System.String"},"Value":"863688899"}]},{"TestCase":{"Id":"74beaf3a-cea3-2562-cbf5-5253c0805ed8","FullyQualifiedName":"HoneyZoneMvc.Tests.OrderServiceTests.DeleteAsync_ShouldDeleteOrder","DisplayName":"DeleteAsync_ShouldDeleteOrder","ExecutorUri":"executor://NUnit3TestExecutor","Source":"C:\\Users\\ekrem\\Documents\\GitHub\\HoneyZoneMvc\\Honey-Zone\\HoneyZoneMvc.Tests\\bin\\Debug\\net6.0\\fine-code-coverage\\build-output\\HoneyZoneMvc.Tests.dll","CodeFilePath":null,"LineNumber":0,"Properties":[{"Key":{"Id":"NUnit.Seed","Label":"Seed","Category":"","Description":"","Attributes":0,"ValueType":"System.String"},"Value":"107583077"}]},"Attachments":[],"Outcome":1,"ErrorMessage":null,"ErrorStackTrace":null,"DisplayName":"DeleteAsync_ShouldDeleteOrder","Messages":[],"ComputerName":"DESKTOP-JGRNGUF","Duration":"00:00:00.0315720","StartTime":"2024-04-02T09:05:50.9734183+00:00","EndTime":"2024-04-02T09:05:51.0049896+00:00","Properties":[{"Key":{"Id":"NUnit.Seed","Label":"Seed","Category":"","Description":"","Attributes":0,"ValueType":"System.String"},"Value":"107583077"}]},{"TestCase":{"Id":"f5f08742-1f61-5320-032c-841e8b33d1ba","FullyQualifiedName":"HoneyZoneMvc.Tests.OrderServiceTests.DeleteAsync_ShouldThrowException","DisplayName":"DeleteAsync_ShouldThrowException","ExecutorUri":"executor://NUnit3TestExecutor","Source":"C:\\Users\\ekrem\\Documents\\GitHub\\HoneyZoneMvc\\Honey-Zone\\HoneyZoneMvc.Tests\\bin\\Debug\\net6.0\\fine-code-coverage\\build-output\\HoneyZoneMvc.Tests.dll","CodeFilePath":null,"LineNumber":0,"Properties":[{"Key":{"Id":"NUnit.Seed","Label":"Seed","Category":"","Description":"","Attributes":0,"ValueType":"System.String"},"Value":"1350180544"}]},"Attachments":[],"Outcome":1,"ErrorMessage":null,"ErrorStackTrace":null,"DisplayName":"DeleteAsync_ShouldThrowException","Messages":[],"ComputerName":"DESKTOP-JGRNGUF","Duration":"00:00:00.0082600","StartTime":"2024-04-02T09:05:51.0050146+00:00","EndTime":"2024-04-02T09:05:51.0132741+00:00","Properties":[{"Key":{"Id":"NUnit.Seed","Label":"Seed","Category":"","Description":"","Attributes":0,"ValueType":"System.String"},"Value":"1350180544"}]},{"TestCase":{"Id":"e40d6d36-fe36-ec58-5ea7-dea9a545e032","FullyQualifiedName":"HoneyZoneMvc.Tests.OrderServiceTests.DetailsAsync_ShouldReturnOrderDetails","DisplayName":"DetailsAsync_ShouldReturnOrderDetails","ExecutorUri":"executor://NUnit3TestExecutor","Source":"C:\\Users\\ekrem\\Documents\\GitHub\\HoneyZoneMvc\\Honey-Zone\\HoneyZoneMvc.Tests\\bin\\Debug\\net6.0\\fine-code-coverage\\build-output\\HoneyZoneMvc.Tests.dll","CodeFilePath":null,"LineNumber":0,"Properties":[{"Key":{"Id":"NUnit.Seed","Label":"Seed","Category":"","Description":"","Attributes":0,"ValueType":"System.String"},"Value":"494536165"}]},"Attachments":[],"Outcome":1,"ErrorMessage":null,"ErrorStackTrace":null,"DisplayName":"DetailsAsync_ShouldReturnOrderDetails","Messages":[],"ComputerName":"DESKTOP-JGRNGUF","Duration":"00:00:00.0706190","StartTime":"2024-04-02T09:05:51.01338+00:00","EndTime":"2024-04-02T09:05:51.0839985+00:00","Properties":[{"Key":{"Id":"NUnit.Seed","Label":"Seed","Category":"","Description":"","Attributes":0,"ValueType":"System.String"},"Value":"494536165"}]},{"TestCase":{"Id":"36b5fc7e-6a27-1dd4-6c4d-4fcb192ba2d8","FullyQualifiedName":"HoneyZoneMvc.Tests.OrderServiceTests.DetailsAsync_ShouldThrowException","DisplayName":"DetailsAsync_ShouldThrowException","ExecutorUri":"executor://NUnit3TestExecutor","Source":"C:\\Users\\ekrem\\Documents\\GitHub\\HoneyZoneMvc\\Honey-Zone\\HoneyZoneMvc.Tests\\bin\\Debug\\net6.0\\fine-code-coverage\\build-output\\HoneyZoneMvc.Tests.dll","CodeFilePath":null,"LineNumber":0,"Properties":[{"Key":{"Id":"NUnit.Seed","Label":"Seed","Category":"","Description":"","Attributes":0,"ValueType":"System.String"},"Value":"1080933280"}]},"Attachments":[],"Outcome":1,"ErrorMessage":null,"ErrorStackTrace":null,"DisplayName":"DetailsAsync_ShouldThrowException","Messages":[],"ComputerName":"DESKTOP-JGRNGUF","Duration":"00:00:00.0038880","StartTime":"2024-04-02T09:05:51.0840237+00:00","EndTime":"2024-04-02T09:05:51.087911+00:00","Properties":[{"Key":{"Id":"NUnit.Seed","Label":"Seed","Category":"","Description":"","Attributes":0,"ValueType":"System.String"},"Value":"1080933280"}]},{"TestCase":{"Id":"f1c95823-009d-f287-f172-b01862800dc3","FullyQualifiedName":"HoneyZoneMvc.Tests.OrderServiceTests.OrderByIdAsync_ShouldReturnOrder","DisplayName":"OrderByIdAsync_ShouldReturnOrder","ExecutorUri":"executor://NUnit3TestExecutor","Source":"C:\\Users\\ekrem\\Documents\\GitHub\\HoneyZoneMvc\\Honey-Zone\\HoneyZoneMvc.Tests\\bin\\Debug\\net6.0\\fine-code-coverage\\build-output\\HoneyZoneMvc.Tests.dll","CodeFilePath":null,"LineNumber":0,"Properties":[{"Key":{"Id":"NUnit.Seed","Label":"Seed","Category":"","Description":"","Attributes":0,"ValueType":"System.String"},"Value":"1052265653"}]},"Attachments":[],"Outcome":1,"ErrorMessage":null,"ErrorStackTrace":null,"DisplayName":"OrderByIdAsync_ShouldReturnOrder","Messages":[],"ComputerName":"DESKTOP-JGRNGUF","Duration":"00:00:00.0163950","StartTime":"2024-04-02T09:05:51.0881026+00:00","EndTime":"2024-04-02T09:05:51.1044972+00:00","Properties":[{"Key":{"Id":"NUnit.Seed","Label":"Seed","Category":"","Description":"","Attributes":0,"ValueType":"System.String"},"Value":"1052265653"}]}],"TestRunStatistics":{"ExecutedTests":9,"Stats":{"Passed":9}},"ActiveTests":[{"Id":"77f6234b-87a7-b1c9-e222-7133fe7749fb","FullyQualifiedName":"HoneyZoneMvc.Tests.OrderServiceTests.OrderByIdAsync_ShouldThrowException","DisplayName":"OrderByIdAsync_ShouldThrowException","ExecutorUri":"executor://NUnit3TestExecutor","Source":"C:\\Users\\ekrem\\Documents\\GitHub\\HoneyZoneMvc\\Honey-Zone\\HoneyZoneMvc.Tests\\bin\\Debug\\net6.0\\fine-code-coverage\\build-output\\HoneyZoneMvc.Tests.dll","CodeFilePath":null,"LineNumber":0,"Properties":[{"Key":{"Id":"NUnit.Seed","Label":"Seed","Category":"","Description":"","Attributes":0,"ValueType":"System.String"},"Value":"1304619132"}]}]}}
TpTrace Verbose: 0 : 2676, 11, 2024/04/02, 12:05:51.125, 795643823554, vstest.console.dll, TestRunRequest:SendTestRunStatsChange: Starting.
TpTrace Verbose: 0 : 2676, 11, 2024/04/02, 12:05:51.125, 795643824533, vstest.console.dll, InProgress is OrderByIdAsync_ShouldThrowException
TpTrace Verbose: 0 : 2676, 11, 2024/04/02, 12:05:51.125, 795643826234, vstest.console.dll, MulticastDelegateUtilities.SafeInvoke: TestRun.RunStatsChanged: Invoking callbacks was skipped because there are no subscribers.
TpTrace Information: 0 : 2676, 11, 2024/04/02, 12:05:51.125, 795643826820, vstest.console.dll, TestRunRequest:SendTestRunStatsChange: Completed.
TpTrace Verbose: 0 : 2676, 11, 2024/04/02, 12:05:51.125, 795643827181, vstest.console.dll, MulticastDelegateUtilities.SafeInvoke: LengthPrefixCommunicationChannel: MessageReceived: Invoking callback 1/1 for Microsoft.VisualStudio.TestPlatform.CommunicationUtilities.TestRequestSender+<>c__DisplayClass34_0., took 10 ms.
TpTrace Verbose: 0 : 2676, 11, 2024/04/02, 12:05:51.126, 795643827567, vstest.console.dll, TcpClientExtensions.MessageLoopAsync: Polling on remoteEndPoint: 127.0.0.1:56120 localEndPoint: 127.0.0.1:56119 after 359 ms
TpTrace Verbose: 0 : 2676, 4, 2024/04/02, 12:05:51.127, 795643845046, vstest.console.dll, MulticastDelegateUtilities.SafeInvoke: InternalTestLoggerEvents.SendTestResult: Invoking callback 1/1 for Microsoft.VisualStudio.TestPlatform.CommandLine.Internal.ConsoleLogger., took 1 ms.
TpTrace Verbose: 0 : 2676, 4, 2024/04/02, 12:05:51.128, 795643848143, vstest.console.dll, MulticastDelegateUtilities.SafeInvoke: InternalTestLoggerEvents.SendTestResult: Invoking callback 1/1 for Microsoft.VisualStudio.TestPlatform.CommandLine.Internal.ConsoleLogger., took 0 ms.
TpTrace Verbose: 0 : 2676, 4, 2024/04/02, 12:05:51.128, 795643848976, vstest.console.dll, MulticastDelegateUtilities.SafeInvoke: InternalTestLoggerEvents.SendTestResult: Invoking callback 1/1 for Microsoft.VisualStudio.TestPlatform.CommandLine.Internal.ConsoleLogger., took 0 ms.
TpTrace Verbose: 0 : 2676, 4, 2024/04/02, 12:05:51.128, 795643849444, vstest.console.dll, MulticastDelegateUtilities.SafeInvoke: InternalTestLoggerEvents.SendTestResult: Invoking callback 1/1 for Microsoft.VisualStudio.TestPlatform.CommandLine.Internal.ConsoleLogger., took 0 ms.
TpTrace Verbose: 0 : 2676, 4, 2024/04/02, 12:05:51.128, 795643849890, vstest.console.dll, MulticastDelegateUtilities.SafeInvoke: InternalTestLoggerEvents.SendTestResult: Invoking callback 1/1 for Microsoft.VisualStudio.TestPlatform.CommandLine.Internal.ConsoleLogger., took 0 ms.
TpTrace Verbose: 0 : 2676, 4, 2024/04/02, 12:05:51.128, 795643850428, vstest.console.dll, MulticastDelegateUtilities.SafeInvoke: InternalTestLoggerEvents.SendTestResult: Invoking callback 1/1 for Microsoft.VisualStudio.TestPlatform.CommandLine.Internal.ConsoleLogger., took 0 ms.
TpTrace Verbose: 0 : 2676, 4, 2024/04/02, 12:05:51.128, 795643850863, vstest.console.dll, MulticastDelegateUtilities.SafeInvoke: InternalTestLoggerEvents.SendTestResult: Invoking callback 1/1 for Microsoft.VisualStudio.TestPlatform.CommandLine.Internal.ConsoleLogger., took 0 ms.
TpTrace Verbose: 0 : 2676, 4, 2024/04/02, 12:05:51.128, 795643851283, vstest.console.dll, MulticastDelegateUtilities.SafeInvoke: InternalTestLoggerEvents.SendTestResult: Invoking callback 1/1 for Microsoft.VisualStudio.TestPlatform.CommandLine.Internal.ConsoleLogger., took 0 ms.
TpTrace Verbose: 0 : 2676, 4, 2024/04/02, 12:05:51.128, 795643852651, vstest.console.dll, MulticastDelegateUtilities.SafeInvoke: InternalTestLoggerEvents.SendTestResult: Invoking callback 1/1 for Microsoft.VisualStudio.TestPlatform.CommandLine.Internal.ConsoleLogger., took 0 ms.
TpTrace Verbose: 0 : 2676, 11, 2024/04/02, 12:05:51.691, 795649481374, vstest.console.dll, TcpClientExtensions.MessageLoopAsync: NotifyDataAvailable remoteEndPoint: 127.0.0.1:56120 localEndPoint: 127.0.0.1:56119
TpTrace Verbose: 0 : 2676, 11, 2024/04/02, 12:05:51.691, 795649484750, vstest.console.dll, TestRequestSender.OnExecutionMessageReceived: Received message: {"Version":7,"MessageType":"TestExecution.StatsChange","Payload":{"NewTestResults":[{"TestCase":{"Id":"77f6234b-87a7-b1c9-e222-7133fe7749fb","FullyQualifiedName":"HoneyZoneMvc.Tests.OrderServiceTests.OrderByIdAsync_ShouldThrowException","DisplayName":"OrderByIdAsync_ShouldThrowException","ExecutorUri":"executor://NUnit3TestExecutor","Source":"C:\\Users\\ekrem\\Documents\\GitHub\\HoneyZoneMvc\\Honey-Zone\\HoneyZoneMvc.Tests\\bin\\Debug\\net6.0\\fine-code-coverage\\build-output\\HoneyZoneMvc.Tests.dll","CodeFilePath":null,"LineNumber":0,"Properties":[{"Key":{"Id":"NUnit.Seed","Label":"Seed","Category":"","Description":"","Attributes":0,"ValueType":"System.String"},"Value":"1304619132"}]},"Attachments":[],"Outcome":1,"ErrorMessage":null,"ErrorStackTrace":null,"DisplayName":"OrderByIdAsync_ShouldThrowException","Messages":[],"ComputerName":"DESKTOP-JGRNGUF","Duration":"00:00:00.0034950","StartTime":"2024-04-02T09:05:51.1045235+00:00","EndTime":"2024-04-02T09:05:51.1080181+00:00","Properties":[{"Key":{"Id":"NUnit.Seed","Label":"Seed","Category":"","Description":"","Attributes":0,"ValueType":"System.String"},"Value":"1304619132"}]},{"TestCase":{"Id":"d46cb6ee-0ce2-7800-3b68-f3e4ee261a24","FullyQualifiedName":"HoneyZoneMvc.Tests.OrderServiceTests.OrdersByUserIdAsync_ShouldThrowException","DisplayName":"OrdersByUserIdAsync_ShouldThrowException","ExecutorUri":"executor://NUnit3TestExecutor","Source":"C:\\Users\\ekrem\\Documents\\GitHub\\HoneyZoneMvc\\Honey-Zone\\HoneyZoneMvc.Tests\\bin\\Debug\\net6.0\\fine-code-coverage\\build-output\\HoneyZoneMvc.Tests.dll","CodeFilePath":null,"LineNumber":0,"Properties":[{"Key":{"Id":"NUnit.Seed","Label":"Seed","Category":"","Description":"","Attributes":0,"ValueType":"System.String"},"Value":"1450416348"}]},"Attachments":[],"Outcome":1,"ErrorMessage":null,"ErrorStackTrace":null,"DisplayName":"OrdersByUserIdAsync_ShouldThrowException","Messages":[],"ComputerName":"DESKTOP-JGRNGUF","Duration":"00:00:00.0046360","StartTime":"2024-04-02T09:05:51.1080391+00:00","EndTime":"2024-04-02T09:05:51.1126749+00:00","Properties":[{"Key":{"Id":"NUnit.Seed","Label":"Seed","Category":"","Description":"","Attributes":0,"ValueType":"System.String"},"Value":"1450416348"}]},{"TestCase":{"Id":"8b7d0c28-2ecc-3889-86ef-9c7c9497347f","FullyQualifiedName":"HoneyZoneMvc.Tests.OrderServiceTests.OrdersByUserIdAsync_ShouldWorkCorrectly","DisplayName":"OrdersByUserIdAsync_ShouldWorkCorrectly","ExecutorUri":"executor://NUnit3TestExecutor","Source":"C:\\Users\\ekrem\\Documents\\GitHub\\HoneyZoneMvc\\Honey-Zone\\HoneyZoneMvc.Tests\\bin\\Debug\\net6.0\\fine-code-coverage\\build-output\\HoneyZoneMvc.Tests.dll","CodeFilePath":null,"LineNumber":0,"Properties":[{"Key":{"Id":"NUnit.Seed","Label":"Seed","Category":"","Description":"","Attributes":0,"ValueType":"System.String"},"Value":"1602122269"}]},"Attachments":[],"Outcome":1,"ErrorMessage":null,"ErrorStackTrace":null,"DisplayName":"OrdersByUserIdAsync_ShouldWorkCorrectly","Messages":[],"ComputerName":"DESKTOP-JGRNGUF","Duration":"00:00:00.0605470","StartTime":"2024-04-02T09:05:51.1126965+00:00","EndTime":"2024-04-02T09:05:51.173243+00:00","Properties":[{"Key":{"Id":"NUnit.Seed","Label":"Seed","Category":"","Description":"","Attributes":0,"ValueType":"System.String"},"Value":"1602122269"}]},{"TestCase":{"Id":"7cb4e7fe-e481-262e-8c73-38f1e541b3fe","FullyQualifiedName":"HoneyZoneMvc.Tests.OrderServiceTests.OrderSorting_ShouldSortOrders","DisplayName":"OrderSorting_ShouldSortOrders","ExecutorUri":"executor://NUnit3TestExecutor","Source":"C:\\Users\\ekrem\\Documents\\GitHub\\HoneyZoneMvc\\Honey-Zone\\HoneyZoneMvc.Tests\\bin\\Debug\\net6.0\\fine-code-coverage\\build-output\\HoneyZoneMvc.Tests.dll","CodeFilePath":null,"LineNumber":0,"Properties":[{"Key":{"Id":"NUnit.Seed","Label":"Seed","Category":"","Description":"","Attributes":0,"ValueType":"System.String"},"Value":"1419134971"}]},"Attachments":[],"Outcome":1,"ErrorMessage":null,"ErrorStackTrace":null,"DisplayName":"OrderSorting_ShouldSortOrders","Messages":[],"ComputerName":"DESKTOP-JGRNGUF","Duration":"00:00:00.1612650","StartTime":"2024-04-02T09:05:51.1732708+00:00","EndTime":"2024-04-02T09:05:51.3345351+00:00","Properties":[{"Key":{"Id":"NUnit.Seed","Label":"Seed","Category":"","Description":"","Attributes":0,"ValueType":"System.String"},"Value":"1419134971"}]},{"TestCase":{"Id":"a86d2b1a-5709-20c1-3be5-83f87a70199a","FullyQualifiedName":"HoneyZoneMvc.Tests.ProductServiceTests.AddProductAsync_Successfully_Test","DisplayName":"AddProductAsync_Successfully_Test","ExecutorUri":"executor://NUnit3TestExecutor","Source":"C:\\Users\\ekrem\\Documents\\GitHub\\HoneyZoneMvc\\Honey-Zone\\HoneyZoneMvc.Tests\\bin\\Debug\\net6.0\\fine-code-coverage\\build-output\\HoneyZoneMvc.Tests.dll","CodeFilePath":null,"LineNumber":0,"Properties":[{"Key":{"Id":"NUnit.Seed","Label":"Seed","Category":"","Description":"","Attributes":0,"ValueType":"System.String"},"Value":"1928204578"}]},"Attachments":[],"Outcome":1,"ErrorMessage":null,"ErrorStackTrace":null,"DisplayName":"AddProductAsync_Successfully_Test","Messages":[],"ComputerName":"DESKTOP-JGRNGUF","Duration":"00:00:00.0448440","StartTime":"2024-04-02T09:05:51.5809875+00:00","EndTime":"2024-04-02T09:05:51.6258322+00:00","Properties":[{"Key":{"Id":"NUnit.Seed","Label":"Seed","Category":"","Description":"","Attributes":0,"ValueType":"System.String"},"Value":"1928204578"}]},{"TestCase":{"Id":"1ee06e86-782c-b43b-6ae2-36fcd1880d79","FullyQualifiedName":"HoneyZoneMvc.Tests.ProductServiceTests.AddProductAsync_ThrowsException_WhenNull","DisplayName":"AddProductAsync_ThrowsException_WhenNull","ExecutorUri":"executor://NUnit3TestExecutor","Source":"C:\\Users\\ekrem\\Documents\\GitHub\\HoneyZoneMvc\\Honey-Zone\\HoneyZoneMvc.Tests\\bin\\Debug\\net6.0\\fine-code-coverage\\build-output\\HoneyZoneMvc.Tests.dll","CodeFilePath":null,"LineNumber":0,"Properties":[{"Key":{"Id":"NUnit.Seed","Label":"Seed","Category":"","Description":"","Attributes":0,"ValueType":"System.String"},"Value":"1942825423"}]},"Attachments":[],"Outcome":1,"ErrorMessage":null,"ErrorStackTrace":null,"DisplayName":"AddProductAsync_ThrowsException_WhenNull","Messages":[],"ComputerName":"DESKTOP-JGRNGUF","Duration":"00:00:00.0015910","StartTime":"2024-04-02T09:05:51.6258566+00:00","EndTime":"2024-04-02T09:05:51.6274474+00:00","Properties":[{"Key":{"Id":"NUnit.Seed","Label":"Seed","Category":"","Description":"","Attributes":0,"ValueType":"System.String"},"Value":"1942825423"}]},{"TestCase":{"Id":"42f3e2cb-7068-a40e-f053-ce2e242e8ff2","FullyQualifiedName":"HoneyZoneMvc.Tests.ProductServiceTests.AllAsync_ReturnsAllProducts","DisplayName":"AllAsync_ReturnsAllProducts","ExecutorUri":"executor://NUnit3TestExecutor","Source":"C:\\Users\\ekrem\\Documents\\GitHub\\HoneyZoneMvc\\Honey-Zone\\HoneyZoneMvc.Tests\\bin\\Debug\\net6.0\\fine-code-coverage\\build-output\\HoneyZoneMvc.Tests.dll","CodeFilePath":null,"LineNumber":0,"Properties":[{"Key":{"Id":"NUnit.Seed","Label":"Seed","Category":"","Description":"","Attributes":0,"ValueType":"System.String"},"Value":"368162814"}]},"Attachments":[],"Outcome":1,"ErrorMessage":null,"ErrorStackTrace":null,"DisplayName":"AllAsync_ReturnsAllProducts","Messages":[],"ComputerName":"DESKTOP-JGRNGUF","Duration":"00:00:00.0211000","StartTime":"2024-04-02T09:05:51.6274674+00:00","EndTime":"2024-04-02T09:05:51.6485674+00:00","Properties":[{"Key":{"Id":"NUnit.Seed","Label":"Seed","Category":"","Description":"","Attributes":0,"ValueType":"System.String"},"Value":"368162814"}]},{"TestCase":{"Id":"de846065-5f09-0e8b-f6f8-921d472462c3","FullyQualifiedName":"HoneyZoneMvc.Tests.ProductServiceTests.AllAsyncSorting_WorksCorrectly","DisplayName":"AllAsyncSorting_WorksCorrectly","ExecutorUri":"executor://NUnit3TestExecutor","Source":"C:\\Users\\ekrem\\Documents\\GitHub\\HoneyZoneMvc\\Honey-Zone\\HoneyZoneMvc.Tests\\bin\\Debug\\net6.0\\fine-code-coverage\\build-output\\HoneyZoneMvc.Tests.dll","CodeFilePath":null,"LineNumber":0,"Properties":[{"Key":{"Id":"NUnit.Seed","Label":"Seed","Category":"","Description":"","Attributes":0,"ValueType":"System.String"},"Value":"2079328179"}]},"Attachments":[],"Outcome":1,"ErrorMessage":null,"ErrorStackTrace":null,"DisplayName":"AllAsyncSorting_WorksCorrectly","Messages":[],"ComputerName":"DESKTOP-JGRNGUF","Duration":"00:00:00.0231180","StartTime":"2024-04-02T09:05:51.6485957+00:00","EndTime":"2024-04-02T09:05:51.6717129+00:00","Properties":[{"Key":{"Id":"NUnit.Seed","Label":"Seed","Category":"","Description":"","Attributes":0,"ValueType":"System.String"},"Value":"2079328179"}]},{"TestCase":{"Id":"9c92449d-d4a4-bd40-a172-22878354ad72","FullyQualifiedName":"HoneyZoneMvc.Tests.ProductServiceTests.DecreaseQuantityAsync_WorksCorrectly","DisplayName":"DecreaseQuantityAsync_WorksCorrectly","ExecutorUri":"executor://NUnit3TestExecutor","Source":"C:\\Users\\ekrem\\Documents\\GitHub\\HoneyZoneMvc\\Honey-Zone\\HoneyZoneMvc.Tests\\bin\\Debug\\net6.0\\fine-code-coverage\\build-output\\HoneyZoneMvc.Tests.dll","CodeFilePath":null,"LineNumber":0,"Properties":[{"Key":{"Id":"NUnit.Seed","Label":"Seed","Category":"","Description":"","Attributes":0,"ValueType":"System.String"},"Value":"41059680"}]},"Attachments":[],"Outcome":1,"ErrorMessage":null,"ErrorStackTrace":null,"DisplayName":"DecreaseQuantityAsync_WorksCorrectly","Messages":[],"ComputerName":"DESKTOP-JGRNGUF","Duration":"00:00:00.0155770","StartTime":"2024-04-02T09:05:51.6717402+00:00","EndTime":"2024-04-02T09:05:51.6873171+00:00","Properties":[{"Key":{"Id":"NUnit.Seed","Label":"Seed","Category":"","Description":"","Attributes":0,"ValueType":"System.String"},"Value":"41059680"}]}],"TestRunStatistics":{"ExecutedTests":18,"Stats":{"Passed":18}},"ActiveTests":[{"Id":"b48b5ae4-cdb4-0f2d-ef2e-631494b73934","FullyQualifiedName":"HoneyZoneMvc.Tests.ProductServiceTests.DeleteAsync_DoesntDeleteProductsInActiveOrders","DisplayName":"DeleteAsync_DoesntDeleteProductsInActiveOrders","ExecutorUri":"executor://NUnit3TestExecutor","Source":"C:\\Users\\ekrem\\Documents\\GitHub\\HoneyZoneMvc\\Honey-Zone\\HoneyZoneMvc.Tests\\bin\\Debug\\net6.0\\fine-code-coverage\\build-output\\HoneyZoneMvc.Tests.dll","CodeFilePath":null,"LineNumber":0,"Properties":[{"Key":{"Id":"NUnit.Seed","Label":"Seed","Category":"","Description":"","Attributes":0,"ValueType":"System.String"},"Value":"1611416535"}]}]}}
TpTrace Verbose: 0 : 2676, 11, 2024/04/02, 12:05:51.694, 795649515663, vstest.console.dll, TestRunRequest:SendTestRunStatsChange: Starting.
TpTrace Verbose: 0 : 2676, 11, 2024/04/02, 12:05:51.694, 795649516510, vstest.console.dll, InProgress is DeleteAsync_DoesntDeleteProductsInActiveOrders
TpTrace Verbose: 0 : 2676, 11, 2024/04/02, 12:05:51.694, 795649517156, vstest.console.dll, MulticastDelegateUtilities.SafeInvoke: TestRun.RunStatsChanged: Invoking callbacks was skipped because there are no subscribers.
TpTrace Information: 0 : 2676, 11, 2024/04/02, 12:05:51.695, 795649517457, vstest.console.dll, TestRunRequest:SendTestRunStatsChange: Completed.
TpTrace Verbose: 0 : 2676, 11, 2024/04/02, 12:05:51.695, 795649517799, vstest.console.dll, MulticastDelegateUtilities.SafeInvoke: LengthPrefixCommunicationChannel: MessageReceived: Invoking callback 1/1 for Microsoft.VisualStudio.TestPlatform.CommunicationUtilities.TestRequestSender+<>c__DisplayClass34_0., took 3 ms.
TpTrace Verbose: 0 : 2676, 4, 2024/04/02, 12:05:51.695, 795649518042, vstest.console.dll, MulticastDelegateUtilities.SafeInvoke: InternalTestLoggerEvents.SendTestResult: Invoking callback 1/1 for Microsoft.VisualStudio.TestPlatform.CommandLine.Internal.ConsoleLogger., took 0 ms.
TpTrace Verbose: 0 : 2676, 11, 2024/04/02, 12:05:51.695, 795649518131, vstest.console.dll, TcpClientExtensions.MessageLoopAsync: Polling on remoteEndPoint: 127.0.0.1:56120 localEndPoint: 127.0.0.1:56119 after 569 ms
TpTrace Verbose: 0 : 2676, 4, 2024/04/02, 12:05:51.695, 795649519664, vstest.console.dll, MulticastDelegateUtilities.SafeInvoke: InternalTestLoggerEvents.SendTestResult: Invoking callback 1/1 for Microsoft.VisualStudio.TestPlatform.CommandLine.Internal.ConsoleLogger., took 0 ms.
TpTrace Verbose: 0 : 2676, 4, 2024/04/02, 12:05:51.695, 795649520242, vstest.console.dll, MulticastDelegateUtilities.SafeInvoke: InternalTestLoggerEvents.SendTestResult: Invoking callback 1/1 for Microsoft.VisualStudio.TestPlatform.CommandLine.Internal.ConsoleLogger., took 0 ms.
TpTrace Verbose: 0 : 2676, 4, 2024/04/02, 12:05:51.695, 795649520719, vstest.console.dll, MulticastDelegateUtilities.SafeInvoke: InternalTestLoggerEvents.SendTestResult: Invoking callback 1/1 for Microsoft.VisualStudio.TestPlatform.CommandLine.Internal.ConsoleLogger., took 0 ms.
TpTrace Verbose: 0 : 2676, 4, 2024/04/02, 12:05:51.695, 795649521247, vstest.console.dll, MulticastDelegateUtilities.SafeInvoke: InternalTestLoggerEvents.SendTestResult: Invoking callback 1/1 for Microsoft.VisualStudio.TestPlatform.CommandLine.Internal.ConsoleLogger., took 0 ms.
TpTrace Verbose: 0 : 2676, 4, 2024/04/02, 12:05:51.695, 795649521724, vstest.console.dll, MulticastDelegateUtilities.SafeInvoke: InternalTestLoggerEvents.SendTestResult: Invoking callback 1/1 for Microsoft.VisualStudio.TestPlatform.CommandLine.Internal.ConsoleLogger., took 0 ms.
TpTrace Verbose: 0 : 2676, 4, 2024/04/02, 12:05:51.695, 795649522178, vstest.console.dll, MulticastDelegateUtilities.SafeInvoke: InternalTestLoggerEvents.SendTestResult: Invoking callback 1/1 for Microsoft.VisualStudio.TestPlatform.CommandLine.Internal.ConsoleLogger., took 0 ms.
TpTrace Verbose: 0 : 2676, 4, 2024/04/02, 12:05:51.695, 795649522701, vstest.console.dll, MulticastDelegateUtilities.SafeInvoke: InternalTestLoggerEvents.SendTestResult: Invoking callback 1/1 for Microsoft.VisualStudio.TestPlatform.CommandLine.Internal.ConsoleLogger., took 0 ms.
TpTrace Verbose: 0 : 2676, 4, 2024/04/02, 12:05:51.695, 795649523178, vstest.console.dll, MulticastDelegateUtilities.SafeInvoke: InternalTestLoggerEvents.SendTestResult: Invoking callback 1/1 for Microsoft.VisualStudio.TestPlatform.CommandLine.Internal.ConsoleLogger., took 0 ms.
TpTrace Verbose: 0 : 2676, 11, 2024/04/02, 12:05:51.804, 795650609654, vstest.console.dll, TcpClientExtensions.MessageLoopAsync: NotifyDataAvailable remoteEndPoint: 127.0.0.1:56120 localEndPoint: 127.0.0.1:56119
TpTrace Verbose: 0 : 2676, 11, 2024/04/02, 12:05:51.804, 795650612694, vstest.console.dll, TestRequestSender.OnExecutionMessageReceived: Received message: {"Version":7,"MessageType":"TestExecution.StatsChange","Payload":{"NewTestResults":[{"TestCase":{"Id":"b48b5ae4-cdb4-0f2d-ef2e-631494b73934","FullyQualifiedName":"HoneyZoneMvc.Tests.ProductServiceTests.DeleteAsync_DoesntDeleteProductsInActiveOrders","DisplayName":"DeleteAsync_DoesntDeleteProductsInActiveOrders","ExecutorUri":"executor://NUnit3TestExecutor","Source":"C:\\Users\\ekrem\\Documents\\GitHub\\HoneyZoneMvc\\Honey-Zone\\HoneyZoneMvc.Tests\\bin\\Debug\\net6.0\\fine-code-coverage\\build-output\\HoneyZoneMvc.Tests.dll","CodeFilePath":null,"LineNumber":0,"Properties":[{"Key":{"Id":"NUnit.Seed","Label":"Seed","Category":"","Description":"","Attributes":0,"ValueType":"System.String"},"Value":"1611416535"}]},"Attachments":[],"Outcome":1,"ErrorMessage":null,"ErrorStackTrace":null,"DisplayName":"DeleteAsync_DoesntDeleteProductsInActiveOrders","Messages":[],"ComputerName":"DESKTOP-JGRNGUF","Duration":"00:00:00.0471220","StartTime":"2024-04-02T09:05:51.6873395+00:00","EndTime":"2024-04-02T09:05:51.7344608+00:00","Properties":[{"Key":{"Id":"NUnit.Seed","Label":"Seed","Category":"","Description":"","Attributes":0,"ValueType":"System.String"},"Value":"1611416535"}]},{"TestCase":{"Id":"556f188e-0889-5055-38c2-1e1fd0a6a592","FullyQualifiedName":"HoneyZoneMvc.Tests.ProductServiceTests.DeleteAsync_ThrowsException","DisplayName":"DeleteAsync_ThrowsException","ExecutorUri":"executor://NUnit3TestExecutor","Source":"C:\\Users\\ekrem\\Documents\\GitHub\\HoneyZoneMvc\\Honey-Zone\\HoneyZoneMvc.Tests\\bin\\Debug\\net6.0\\fine-code-coverage\\build-output\\HoneyZoneMvc.Tests.dll","CodeFilePath":null,"LineNumber":0,"Properties":[{"Key":{"Id":"NUnit.Seed","Label":"Seed","Category":"","Description":"","Attributes":0,"ValueType":"System.String"},"Value":"374303904"}]},"Attachments":[],"Outcome":1,"ErrorMessage":null,"ErrorStackTrace":null,"DisplayName":"DeleteAsync_ThrowsException","Messages":[],"ComputerName":"DESKTOP-JGRNGUF","Duration":"00:00:00.0016780","StartTime":"2024-04-02T09:05:51.7344855+00:00","EndTime":"2024-04-02T09:05:51.7361631+00:00","Properties":[{"Key":{"Id":"NUnit.Seed","Label":"Seed","Category":"","Description":"","Attributes":0,"ValueType":"System.String"},"Value":"374303904"}]},{"TestCase":{"Id":"e8da8d42-9a53-c24b-15d9-3d9086a5bed1","FullyQualifiedName":"HoneyZoneMvc.Tests.ProductServiceTests.DeleteAsync_WorksCorrectly","DisplayName":"DeleteAsync_WorksCorrectly","ExecutorUri":"executor://NUnit3TestExecutor","Source":"C:\\Users\\ekrem\\Documents\\GitHub\\HoneyZoneMvc\\Honey-Zone\\HoneyZoneMvc.Tests\\bin\\Debug\\net6.0\\fine-code-coverage\\build-output\\HoneyZoneMvc.Tests.dll","CodeFilePath":null,"LineNumber":0,"Properties":[{"Key":{"Id":"NUnit.Seed","Label":"Seed","Category":"","Description":"","Attributes":0,"ValueType":"System.String"},"Value":"526001770"}]},"Attachments":[],"Outcome":1,"ErrorMessage":null,"ErrorStackTrace":null,"DisplayName":"DeleteAsync_WorksCorrectly","Messages":[],"ComputerName":"DESKTOP-JGRNGUF","Duration":"00:00:00.0134540","StartTime":"2024-04-02T09:05:51.736183+00:00","EndTime":"2024-04-02T09:05:51.7496364+00:00","Properties":[{"Key":{"Id":"NUnit.Seed","Label":"Seed","Category":"","Description":"","Attributes":0,"ValueType":"System.String"},"Value":"526001770"}]},{"TestCase":{"Id":"a7f84577-e990-6bd9-deb0-f9fed3105947","FullyQualifiedName":"HoneyZoneMvc.Tests.ProductServiceTests.GetBestSellersAsync_WorksCorrectly","DisplayName":"GetBestSellersAsync_WorksCorrectly","ExecutorUri":"executor://NUnit3TestExecutor","Source":"C:\\Users\\ekrem\\Documents\\GitHub\\HoneyZoneMvc\\Honey-Zone\\HoneyZoneMvc.Tests\\bin\\Debug\\net6.0\\fine-code-coverage\\build-output\\HoneyZoneMvc.Tests.dll","CodeFilePath":null,"LineNumber":0,"Properties":[{"Key":{"Id":"NUnit.Seed","Label":"Seed","Category":"","Description":"","Attributes":0,"ValueType":"System.String"},"Value":"1978512926"}]},"Attachments":[],"Outcome":1,"ErrorMessage":null,"ErrorStackTrace":null,"DisplayName":"GetBestSellersAsync_WorksCorrectly","Messages":[],"ComputerName":"DESKTOP-JGRNGUF","Duration":"00:00:00.0105010","StartTime":"2024-04-02T09:05:51.7496609+00:00","EndTime":"2024-04-02T09:05:51.7601614+00:00","Properties":[{"Key":{"Id":"NUnit.Seed","Label":"Seed","Category":"","Description":"","Attributes":0,"ValueType":"System.String"},"Value":"1978512926"}]},{"TestCase":{"Id":"2ce8fe01-745b-85e6-969c-9428f3147f0a","FullyQualifiedName":"HoneyZoneMvc.Tests.ProductServiceTests.GetByCategoryId_WorksCorrectly","DisplayName":"GetByCategoryId_WorksCorrectly","ExecutorUri":"executor://NUnit3TestExecutor","Source":"C:\\Users\\ekrem\\Documents\\GitHub\\HoneyZoneMvc\\Honey-Zone\\HoneyZoneMvc.Tests\\bin\\Debug\\net6.0\\fine-code-coverage\\build-output\\HoneyZoneMvc.Tests.dll","CodeFilePath":null,"LineNumber":0,"Properties":[{"Key":{"Id":"NUnit.Seed","Label":"Seed","Category":"","Description":"","Attributes":0,"ValueType":"System.String"},"Value":"2064820421"}]},"Attachments":[],"Outcome":1,"ErrorMessage":null,"ErrorStackTrace":null,"DisplayName":"GetByCategoryId_WorksCorrectly","Messages":[],"ComputerName":"DESKTOP-JGRNGUF","Duration":"00:00:00.0160770","StartTime":"2024-04-02T09:05:51.7601859+00:00","EndTime":"2024-04-02T09:05:51.7762623+00:00","Properties":[{"Key":{"Id":"NUnit.Seed","Label":"Seed","Category":"","Description":"","Attributes":0,"ValueType":"System.String"},"Value":"2064820421"}]},{"TestCase":{"Id":"e1f2e20d-8cd4-fb82-8785-d1351c982c34","FullyQualifiedName":"HoneyZoneMvc.Tests.ProductServiceTests.GetByCategoryNameAsync_ThrowsException","DisplayName":"GetByCategoryNameAsync_ThrowsException","ExecutorUri":"executor://NUnit3TestExecutor","Source":"C:\\Users\\ekrem\\Documents\\GitHub\\HoneyZoneMvc\\Honey-Zone\\HoneyZoneMvc.Tests\\bin\\Debug\\net6.0\\fine-code-coverage\\build-output\\HoneyZoneMvc.Tests.dll","CodeFilePath":null,"LineNumber":0,"Properties":[{"Key":{"Id":"NUnit.Seed","Label":"Seed","Category":"","Description":"","Attributes":0,"ValueType":"System.String"},"Value":"1508842831"}]},"Attachments":[],"Outcome":1,"ErrorMessage":null,"ErrorStackTrace":null,"DisplayName":"GetByCategoryNameAsync_ThrowsException","Messages":[],"ComputerName":"DESKTOP-JGRNGUF","Duration":"00:00:00.0015590","StartTime":"2024-04-02T09:05:51.7762899+00:00","EndTime":"2024-04-02T09:05:51.7778489+00:00","Properties":[{"Key":{"Id":"NUnit.Seed","Label":"Seed","Category":"","Description":"","Attributes":0,"ValueType":"System.String"},"Value":"1508842831"}]},{"TestCase":{"Id":"80fb6656-887d-c9c8-c2aa-bdf09000265b","FullyQualifiedName":"HoneyZoneMvc.Tests.ProductServiceTests.GetByCategoryNameAsync_WorksCorrectly","DisplayName":"GetByCategoryNameAsync_WorksCorrectly","ExecutorUri":"executor://NUnit3TestExecutor","Source":"C:\\Users\\ekrem\\Documents\\GitHub\\HoneyZoneMvc\\Honey-Zone\\HoneyZoneMvc.Tests\\bin\\Debug\\net6.0\\fine-code-coverage\\build-output\\HoneyZoneMvc.Tests.dll","CodeFilePath":null,"LineNumber":0,"Properties":[{"Key":{"Id":"NUnit.Seed","Label":"Seed","Category":"","Description":"","Attributes":0,"ValueType":"System.String"},"Value":"39512999"}]},"Attachments":[],"Outcome":1,"ErrorMessage":null,"ErrorStackTrace":null,"DisplayName":"GetByCategoryNameAsync_WorksCorrectly","Messages":[],"ComputerName":"DESKTOP-JGRNGUF","Duration":"00:00:00.0021280","StartTime":"2024-04-02T09:05:51.7778684+00:00","EndTime":"2024-04-02T09:05:51.7799959+00:00","Properties":[{"Key":{"Id":"NUnit.Seed","Label":"Seed","Category":"","Description":"","Attributes":0,"ValueType":"System.String"},"Value":"39512999"}]},{"TestCase":{"Id":"dca43021-f06f-45c9-5378-5d965cd60124","FullyQualifiedName":"HoneyZoneMvc.Tests.ProductServiceTests.GetById_ThrowsException","DisplayName":"GetById_ThrowsException","ExecutorUri":"executor://NUnit3TestExecutor","Source":"C:\\Users\\ekrem\\Documents\\GitHub\\HoneyZoneMvc\\Honey-Zone\\HoneyZoneMvc.Tests\\bin\\Debug\\net6.0\\fine-code-coverage\\build-output\\HoneyZoneMvc.Tests.dll","CodeFilePath":null,"LineNumber":0,"Properties":[{"Key":{"Id":"NUnit.Seed","Label":"Seed","Category":"","Description":"","Attributes":0,"ValueType":"System.String"},"Value":"1408315594"}]},"Attachments":[],"Outcome":1,"ErrorMessage":null,"ErrorStackTrace":null,"DisplayName":"GetById_ThrowsException","Messages":[],"ComputerName":"DESKTOP-JGRNGUF","Duration":"00:00:00.0024300","StartTime":"2024-04-02T09:05:51.7800161+00:00","EndTime":"2024-04-02T09:05:51.7824458+00:00","Properties":[{"Key":{"Id":"NUnit.Seed","Label":"Seed","Category":"","Description":"","Attributes":0,"ValueType":"System.String"},"Value":"1408315594"}]},{"TestCase":{"Id":"d7642f8d-8fd7-2588-1080-8374cb4a0b29","FullyQualifiedName":"HoneyZoneMvc.Tests.ProductServiceTests.GetById_WorksCorrectly","DisplayName":"GetById_WorksCorrectly","ExecutorUri":"executor://NUnit3TestExecutor","Source":"C:\\Users\\ekrem\\Documents\\GitHub\\HoneyZoneMvc\\Honey-Zone\\HoneyZoneMvc.Tests\\bin\\Debug\\net6.0\\fine-code-coverage\\build-output\\HoneyZoneMvc.Tests.dll","CodeFilePath":null,"LineNumber":0,"Properties":[{"Key":{"Id":"NUnit.Seed","Label":"Seed","Category":"","Description":"","Attributes":0,"ValueType":"System.String"},"Value":"888159152"}]},"Attachments":[],"Outcome":1,"ErrorMessage":null,"ErrorStackTrace":null,"DisplayName":"GetById_WorksCorrectly","Messages":[],"ComputerName":"DESKTOP-JGRNGUF","Duration":"00:00:00.0192380","StartTime":"2024-04-02T09:05:51.7824647+00:00","EndTime":"2024-04-02T09:05:51.8017022+00:00","Properties":[{"Key":{"Id":"NUnit.Seed","Label":"Seed","Category":"","Description":"","Attributes":0,"ValueType":"System.String"},"Value":"888159152"}]}],"TestRunStatistics":{"ExecutedTests":27,"Stats":{"Passed":27}},"ActiveTests":[{"Id":"f28b2645-c8d5-237d-148a-f203727bedce","FullyQualifiedName":"HoneyZoneMvc.Tests.ProductServiceTests.IncreaseTotalOrdersAsync_ThrowsException","DisplayName":"IncreaseTotalOrdersAsync_ThrowsException","ExecutorUri":"executor://NUnit3TestExecutor","Source":"C:\\Users\\ekrem\\Documents\\GitHub\\HoneyZoneMvc\\Honey-Zone\\HoneyZoneMvc.Tests\\bin\\Debug\\net6.0\\fine-code-coverage\\build-output\\HoneyZoneMvc.Tests.dll","CodeFilePath":null,"LineNumber":0,"Properties":[{"Key":{"Id":"NUnit.Seed","Label":"Seed","Category":"","Description":"","Attributes":0,"ValueType":"System.String"},"Value":"398696110"}]}]}}
TpTrace Verbose: 0 : 2676, 11, 2024/04/02, 12:05:51.806, 795650633798, vstest.console.dll, TestRunRequest:SendTestRunStatsChange: Starting.
TpTrace Verbose: 0 : 2676, 11, 2024/04/02, 12:05:51.806, 795650634631, vstest.console.dll, InProgress is IncreaseTotalOrdersAsync_ThrowsException
TpTrace Verbose: 0 : 2676, 11, 2024/04/02, 12:05:51.806, 795650635172, vstest.console.dll, MulticastDelegateUtilities.SafeInvoke: TestRun.RunStatsChanged: Invoking callbacks was skipped because there are no subscribers.
TpTrace Information: 0 : 2676, 11, 2024/04/02, 12:05:51.806, 795650635512, vstest.console.dll, TestRunRequest:SendTestRunStatsChange: Completed.
TpTrace Verbose: 0 : 2676, 4, 2024/04/02, 12:05:51.806, 795650635728, vstest.console.dll, MulticastDelegateUtilities.SafeInvoke: InternalTestLoggerEvents.SendTestResult: Invoking callback 1/1 for Microsoft.VisualStudio.TestPlatform.CommandLine.Internal.ConsoleLogger., took 0 ms.
TpTrace Verbose: 0 : 2676, 11, 2024/04/02, 12:05:51.806, 795650635931, vstest.console.dll, MulticastDelegateUtilities.SafeInvoke: LengthPrefixCommunicationChannel: MessageReceived: Invoking callback 1/1 for Microsoft.VisualStudio.TestPlatform.CommunicationUtilities.TestRequestSender+<>c__DisplayClass34_0., took 2 ms.
TpTrace Verbose: 0 : 2676, 4, 2024/04/02, 12:05:51.806, 795650636766, vstest.console.dll, MulticastDelegateUtilities.SafeInvoke: InternalTestLoggerEvents.SendTestResult: Invoking callback 1/1 for Microsoft.VisualStudio.TestPlatform.CommandLine.Internal.ConsoleLogger., took 0 ms.
TpTrace Verbose: 0 : 2676, 11, 2024/04/02, 12:05:51.806, 795650636786, vstest.console.dll, TcpClientExtensions.MessageLoopAsync: Polling on remoteEndPoint: 127.0.0.1:56120 localEndPoint: 127.0.0.1:56119 after 111 ms
TpTrace Verbose: 0 : 2676, 4, 2024/04/02, 12:05:51.807, 795650637582, vstest.console.dll, MulticastDelegateUtilities.SafeInvoke: InternalTestLoggerEvents.SendTestResult: Invoking callback 1/1 for Microsoft.VisualStudio.TestPlatform.CommandLine.Internal.ConsoleLogger., took 0 ms.
TpTrace Verbose: 0 : 2676, 4, 2024/04/02, 12:05:51.807, 795650638208, vstest.console.dll, MulticastDelegateUtilities.SafeInvoke: InternalTestLoggerEvents.SendTestResult: Invoking callback 1/1 for Microsoft.VisualStudio.TestPlatform.CommandLine.Internal.ConsoleLogger., took 0 ms.
TpTrace Verbose: 0 : 2676, 4, 2024/04/02, 12:05:51.807, 795650638734, vstest.console.dll, MulticastDelegateUtilities.SafeInvoke: InternalTestLoggerEvents.SendTestResult: Invoking callback 1/1 for Microsoft.VisualStudio.TestPlatform.CommandLine.Internal.ConsoleLogger., took 0 ms.
TpTrace Verbose: 0 : 2676, 4, 2024/04/02, 12:05:51.807, 795650639354, vstest.console.dll, MulticastDelegateUtilities.SafeInvoke: InternalTestLoggerEvents.SendTestResult: Invoking callback 1/1 for Microsoft.VisualStudio.TestPlatform.CommandLine.Internal.ConsoleLogger., took 0 ms.
TpTrace Verbose: 0 : 2676, 4, 2024/04/02, 12:05:51.807, 795650639753, vstest.console.dll, MulticastDelegateUtilities.SafeInvoke: InternalTestLoggerEvents.SendTestResult: Invoking callback 1/1 for Microsoft.VisualStudio.TestPlatform.CommandLine.Internal.ConsoleLogger., took 0 ms.
TpTrace Verbose: 0 : 2676, 4, 2024/04/02, 12:05:51.808, 795650649456, vstest.console.dll, MulticastDelegateUtilities.SafeInvoke: InternalTestLoggerEvents.SendTestResult: Invoking callback 1/1 for Microsoft.VisualStudio.TestPlatform.CommandLine.Internal.ConsoleLogger., took 0 ms.
TpTrace Verbose: 0 : 2676, 4, 2024/04/02, 12:05:51.808, 795650650485, vstest.console.dll, MulticastDelegateUtilities.SafeInvoke: InternalTestLoggerEvents.SendTestResult: Invoking callback 1/1 for Microsoft.VisualStudio.TestPlatform.CommandLine.Internal.ConsoleLogger., took 0 ms.
TpTrace Verbose: 0 : 2676, 11, 2024/04/02, 12:05:51.856, 795651131823, vstest.console.dll, TcpClientExtensions.MessageLoopAsync: NotifyDataAvailable remoteEndPoint: 127.0.0.1:56120 localEndPoint: 127.0.0.1:56119
TpTrace Verbose: 0 : 2676, 11, 2024/04/02, 12:05:51.856, 795651134238, vstest.console.dll, TestRequestSender.OnExecutionMessageReceived: Received message: {"Version":7,"MessageType":"TestExecution.StatsChange","Payload":{"NewTestResults":[{"TestCase":{"Id":"f28b2645-c8d5-237d-148a-f203727bedce","FullyQualifiedName":"HoneyZoneMvc.Tests.ProductServiceTests.IncreaseTotalOrdersAsync_ThrowsException","DisplayName":"IncreaseTotalOrdersAsync_ThrowsException","ExecutorUri":"executor://NUnit3TestExecutor","Source":"C:\\Users\\ekrem\\Documents\\GitHub\\HoneyZoneMvc\\Honey-Zone\\HoneyZoneMvc.Tests\\bin\\Debug\\net6.0\\fine-code-coverage\\build-output\\HoneyZoneMvc.Tests.dll","CodeFilePath":null,"LineNumber":0,"Properties":[{"Key":{"Id":"NUnit.Seed","Label":"Seed","Category":"","Description":"","Attributes":0,"ValueType":"System.String"},"Value":"398696110"}]},"Attachments":[],"Outcome":1,"ErrorMessage":null,"ErrorStackTrace":null,"DisplayName":"IncreaseTotalOrdersAsync_ThrowsException","Messages":[],"ComputerName":"DESKTOP-JGRNGUF","Duration":"00:00:00.0090070","StartTime":"2024-04-02T09:05:51.8017268+00:00","EndTime":"2024-04-02T09:05:51.8107334+00:00","Properties":[{"Key":{"Id":"NUnit.Seed","Label":"Seed","Category":"","Description":"","Attributes":0,"ValueType":"System.String"},"Value":"398696110"}]},{"TestCase":{"Id":"e0d36af4-d3a3-0136-e316-df37b57fe021","FullyQualifiedName":"HoneyZoneMvc.Tests.ProductServiceTests.IncreaseTotalOrdersAsync_WorksCorrectly","DisplayName":"IncreaseTotalOrdersAsync_WorksCorrectly","ExecutorUri":"executor://NUnit3TestExecutor","Source":"C:\\Users\\ekrem\\Documents\\GitHub\\HoneyZoneMvc\\Honey-Zone\\HoneyZoneMvc.Tests\\bin\\Debug\\net6.0\\fine-code-coverage\\build-output\\HoneyZoneMvc.Tests.dll","CodeFilePath":null,"LineNumber":0,"Properties":[{"Key":{"Id":"NUnit.Seed","Label":"Seed","Category":"","Description":"","Attributes":0,"ValueType":"System.String"},"Value":"586493120"}]},"Attachments":[],"Outcome":1,"ErrorMessage":null,"ErrorStackTrace":null,"DisplayName":"IncreaseTotalOrdersAsync_WorksCorrectly","Messages":[],"ComputerName":"DESKTOP-JGRNGUF","Duration":"00:00:00.0019010","StartTime":"2024-04-02T09:05:51.810755+00:00","EndTime":"2024-04-02T09:05:51.8126554+00:00","Properties":[{"Key":{"Id":"NUnit.Seed","Label":"Seed","Category":"","Description":"","Attributes":0,"ValueType":"System.String"},"Value":"586493120"}]},{"TestCase":{"Id":"4af82028-ad37-d6e8-c63b-6a3b9c46dce8","FullyQualifiedName":"HoneyZoneMvc.Tests.ProductServiceTests.RemoveDiscountAsync_ThrowsException","DisplayName":"RemoveDiscountAsync_ThrowsException","ExecutorUri":"executor://NUnit3TestExecutor","Source":"C:\\Users\\ekrem\\Documents\\GitHub\\HoneyZoneMvc\\Honey-Zone\\HoneyZoneMvc.Tests\\bin\\Debug\\net6.0\\fine-code-coverage\\build-output\\HoneyZoneMvc.Tests.dll","CodeFilePath":null,"LineNumber":0,"Properties":[{"Key":{"Id":"NUnit.Seed","Label":"Seed","Category":"","Description":"","Attributes":0,"ValueType":"System.String"},"Value":"176129494"}]},"Attachments":[],"Outcome":1,"ErrorMessage":null,"ErrorStackTrace":null,"DisplayName":"RemoveDiscountAsync_ThrowsException","Messages":[],"ComputerName":"DESKTOP-JGRNGUF","Duration":"00:00:00.0028480","StartTime":"2024-04-02T09:05:51.8126744+00:00","EndTime":"2024-04-02T09:05:51.8155219+00:00","Properties":[{"Key":{"Id":"NUnit.Seed","Label":"Seed","Category":"","Description":"","Attributes":0,"ValueType":"System.String"},"Value":"176129494"}]},{"TestCase":{"Id":"1c9dbcd9-a3c2-f618-0082-a900718660e1","FullyQualifiedName":"HoneyZoneMvc.Tests.ProductServiceTests.RemoveDiscountAsync_WorksCorrectly","DisplayName":"RemoveDiscountAsync_WorksCorrectly","ExecutorUri":"executor://NUnit3TestExecutor","Source":"C:\\Users\\ekrem\\Documents\\GitHub\\HoneyZoneMvc\\Honey-Zone\\HoneyZoneMvc.Tests\\bin\\Debug\\net6.0\\fine-code-coverage\\build-output\\HoneyZoneMvc.Tests.dll","CodeFilePath":null,"LineNumber":0,"Properties":[{"Key":{"Id":"NUnit.Seed","Label":"Seed","Category":"","Description":"","Attributes":0,"ValueType":"System.String"},"Value":"133955262"}]},"Attachments":[],"Outcome":1,"ErrorMessage":null,"ErrorStackTrace":null,"DisplayName":"RemoveDiscountAsync_WorksCorrectly","Messages":[],"ComputerName":"DESKTOP-JGRNGUF","Duration":"00:00:00.0020330","StartTime":"2024-04-02T09:05:51.8155434+00:00","EndTime":"2024-04-02T09:05:51.8175756+00:00","Properties":[{"Key":{"Id":"NUnit.Seed","Label":"Seed","Category":"","Description":"","Attributes":0,"ValueType":"System.String"},"Value":"133955262"}]},{"TestCase":{"Id":"f96f2666-94fe-ed41-8b9f-a66392f49679","FullyQualifiedName":"HoneyZoneMvc.Tests.ProductServiceTests.SearchAsync_WorksCorrectly","DisplayName":"SearchAsync_WorksCorrectly","ExecutorUri":"executor://NUnit3TestExecutor","Source":"C:\\Users\\ekrem\\Documents\\GitHub\\HoneyZoneMvc\\Honey-Zone\\HoneyZoneMvc.Tests\\bin\\Debug\\net6.0\\fine-code-coverage\\build-output\\HoneyZoneMvc.Tests.dll","CodeFilePath":null,"LineNumber":0,"Properties":[{"Key":{"Id":"NUnit.Seed","Label":"Seed","Category":"","Description":"","Attributes":0,"ValueType":"System.String"},"Value":"1823408242"}]},"Attachments":[],"Outcome":1,"ErrorMessage":null,"ErrorStackTrace":null,"DisplayName":"SearchAsync_WorksCorrectly","Messages":[],"ComputerName":"DESKTOP-JGRNGUF","Duration":"00:00:00.0105609","StartTime":"2024-04-02T09:05:51.8175977+00:00","EndTime":"2024-04-02T09:05:51.8281588+00:00","Properties":[{"Key":{"Id":"NUnit.Seed","Label":"Seed","Category":"","Description":"","Attributes":0,"ValueType":"System.String"},"Value":"1823408242"}]},{"TestCase":{"Id":"e7a8f9e8-1f5b-5b3f-5e5a-850829696267","FullyQualifiedName":"HoneyZoneMvc.Tests.ProductServiceTests.SetDiscountAsync_ThrowsException","DisplayName":"SetDiscountAsync_ThrowsException","ExecutorUri":"executor://NUnit3TestExecutor","Source":"C:\\Users\\ekrem\\Documents\\GitHub\\HoneyZoneMvc\\Honey-Zone\\HoneyZoneMvc.Tests\\bin\\Debug\\net6.0\\fine-code-coverage\\build-output\\HoneyZoneMvc.Tests.dll","CodeFilePath":null,"LineNumber":0,"Properties":[{"Key":{"Id":"NUnit.Seed","Label":"Seed","Category":"","Description":"","Attributes":0,"ValueType":"System.String"},"Value":"1586326972"}]},"Attachments":[],"Outcome":1,"ErrorMessage":null,"ErrorStackTrace":null,"DisplayName":"SetDiscountAsync_ThrowsException","Messages":[],"ComputerName":"DESKTOP-JGRNGUF","Duration":"00:00:00.0085600","StartTime":"2024-04-02T09:05:51.8281845+00:00","EndTime":"2024-04-02T09:05:51.8367437+00:00","Properties":[{"Key":{"Id":"NUnit.Seed","Label":"Seed","Category":"","Description":"","Attributes":0,"ValueType":"System.String"},"Value":"1586326972"}]},{"TestCase":{"Id":"dfcb884c-18a6-edcb-5c31-300e7c10b4cc","FullyQualifiedName":"HoneyZoneMvc.Tests.ProductServiceTests.SetDiscountAsync_WorksCorrectly","DisplayName":"SetDiscountAsync_WorksCorrectly","ExecutorUri":"executor://NUnit3TestExecutor","Source":"C:\\Users\\ekrem\\Documents\\GitHub\\HoneyZoneMvc\\Honey-Zone\\HoneyZoneMvc.Tests\\bin\\Debug\\net6.0\\fine-code-coverage\\build-output\\HoneyZoneMvc.Tests.dll","CodeFilePath":null,"LineNumber":0,"Properties":[{"Key":{"Id":"NUnit.Seed","Label":"Seed","Category":"","Description":"","Attributes":0,"ValueType":"System.String"},"Value":"1246125290"}]},"Attachments":[],"Outcome":1,"ErrorMessage":null,"ErrorStackTrace":null,"DisplayName":"SetDiscountAsync_WorksCorrectly","Messages":[],"ComputerName":"DESKTOP-JGRNGUF","Duration":"00:00:00.0023999","StartTime":"2024-04-02T09:05:51.8367663+00:00","EndTime":"2024-04-02T09:05:51.8391658+00:00","Properties":[{"Key":{"Id":"NUnit.Seed","Label":"Seed","Category":"","Description":"","Attributes":0,"ValueType":"System.String"},"Value":"1246125290"}]},{"TestCase":{"Id":"03859abf-0b8b-7051-c75d-0ee69d99d2b8","FullyQualifiedName":"HoneyZoneMvc.Tests.ProductServiceTests.SetDiscountByCategoryAsync_ThrowsException","DisplayName":"SetDiscountByCategoryAsync_ThrowsException","ExecutorUri":"executor://NUnit3TestExecutor","Source":"C:\\Users\\ekrem\\Documents\\GitHub\\HoneyZoneMvc\\Honey-Zone\\HoneyZoneMvc.Tests\\bin\\Debug\\net6.0\\fine-code-coverage\\build-output\\HoneyZoneMvc.Tests.dll","CodeFilePath":null,"LineNumber":0,"Properties":[{"Key":{"Id":"NUnit.Seed","Label":"Seed","Category":"","Description":"","Attributes":0,"ValueType":"System.String"},"Value":"91192481"}]},"Attachments":[],"Outcome":1,"ErrorMessage":null,"ErrorStackTrace":null,"DisplayName":"SetDiscountByCategoryAsync_ThrowsException","Messages":[],"ComputerName":"DESKTOP-JGRNGUF","Duration":"00:00:00.0023149","StartTime":"2024-04-02T09:05:51.8391889+00:00","EndTime":"2024-04-02T09:05:51.8415039+00:00","Properties":[{"Key":{"Id":"NUnit.Seed","Label":"Seed","Category":"","Description":"","Attributes":0,"ValueType":"System.String"},"Value":"91192481"}]},{"TestCase":{"Id":"4b83b677-d8a8-4c78-c781-18a5111b35f9","FullyQualifiedName":"HoneyZoneMvc.Tests.ProductServiceTests.SetDiscountByCategoryAsync_WorksCorrectly","DisplayName":"SetDiscountByCategoryAsync_WorksCorrectly","ExecutorUri":"executor://NUnit3TestExecutor","Source":"C:\\Users\\ekrem\\Documents\\GitHub\\HoneyZoneMvc\\Honey-Zone\\HoneyZoneMvc.Tests\\bin\\Debug\\net6.0\\fine-code-coverage\\build-output\\HoneyZoneMvc.Tests.dll","CodeFilePath":null,"LineNumber":0,"Properties":[{"Key":{"Id":"NUnit.Seed","Label":"Seed","Category":"","Description":"","Attributes":0,"ValueType":"System.String"},"Value":"1822245260"}]},"Attachments":[],"Outcome":1,"ErrorMessage":null,"ErrorStackTrace":null,"DisplayName":"SetDiscountByCategoryAsync_WorksCorrectly","Messages":[],"ComputerName":"DESKTOP-JGRNGUF","Duration":"00:00:00.0128040","StartTime":"2024-04-02T09:05:51.8415216+00:00","EndTime":"2024-04-02T09:05:51.8543256+00:00","Properties":[{"Key":{"Id":"NUnit.Seed","Label":"Seed","Category":"","Description":"","Attributes":0,"ValueType":"System.String"},"Value":"1822245260"}]}],"TestRunStatistics":{"ExecutedTests":36,"Stats":{"Passed":36}},"ActiveTests":[{"Id":"4877a602-f42b-722f-48e1-36254de6e7b8","FullyQualifiedName":"HoneyZoneMvc.Tests.ProductServiceTests.UpdateAsync_WorksCorrectly","DisplayName":"UpdateAsync_WorksCorrectly","ExecutorUri":"executor://NUnit3TestExecutor","Source":"C:\\Users\\ekrem\\Documents\\GitHub\\HoneyZoneMvc\\Honey-Zone\\HoneyZoneMvc.Tests\\bin\\Debug\\net6.0\\fine-code-coverage\\build-output\\HoneyZoneMvc.Tests.dll","CodeFilePath":null,"LineNumber":0,"Properties":[{"Key":{"Id":"NUnit.Seed","Label":"Seed","Category":"","Description":"","Attributes":0,"ValueType":"System.String"},"Value":"1935334763"}]}]}}
TpTrace Verbose: 0 : 2676, 11, 2024/04/02, 12:05:51.861, 795651182574, vstest.console.dll, TestRunRequest:SendTestRunStatsChange: Starting.
TpTrace Verbose: 0 : 2676, 11, 2024/04/02, 12:05:51.861, 795651183197, vstest.console.dll, InProgress is UpdateAsync_WorksCorrectly
TpTrace Verbose: 0 : 2676, 11, 2024/04/02, 12:05:51.861, 795651183618, vstest.console.dll, MulticastDelegateUtilities.SafeInvoke: TestRun.RunStatsChanged: Invoking callbacks was skipped because there are no subscribers.
TpTrace Information: 0 : 2676, 11, 2024/04/02, 12:05:51.861, 795651183862, vstest.console.dll, TestRunRequest:SendTestRunStatsChange: Completed.
TpTrace Verbose: 0 : 2676, 11, 2024/04/02, 12:05:51.861, 795651184161, vstest.console.dll, MulticastDelegateUtilities.SafeInvoke: LengthPrefixCommunicationChannel: MessageReceived: Invoking callback 1/1 for Microsoft.VisualStudio.TestPlatform.CommunicationUtilities.TestRequestSender+<>c__DisplayClass34_0., took 5 ms.
TpTrace Verbose: 0 : 2676, 4, 2024/04/02, 12:05:51.861, 795651184171, vstest.console.dll, MulticastDelegateUtilities.SafeInvoke: InternalTestLoggerEvents.SendTestResult: Invoking callback 1/1 for Microsoft.VisualStudio.TestPlatform.CommandLine.Internal.ConsoleLogger., took 0 ms.
TpTrace Verbose: 0 : 2676, 11, 2024/04/02, 12:05:51.861, 795651184468, vstest.console.dll, TcpClientExtensions.MessageLoopAsync: Polling on remoteEndPoint: 127.0.0.1:56120 localEndPoint: 127.0.0.1:56119 after 54 ms
TpTrace Verbose: 0 : 2676, 4, 2024/04/02, 12:05:51.861, 795651185038, vstest.console.dll, MulticastDelegateUtilities.SafeInvoke: InternalTestLoggerEvents.SendTestResult: Invoking callback 1/1 for Microsoft.VisualStudio.TestPlatform.CommandLine.Internal.ConsoleLogger., took 0 ms.
TpTrace Verbose: 0 : 2676, 4, 2024/04/02, 12:05:51.861, 795651185538, vstest.console.dll, MulticastDelegateUtilities.SafeInvoke: InternalTestLoggerEvents.SendTestResult: Invoking callback 1/1 for Microsoft.VisualStudio.TestPlatform.CommandLine.Internal.ConsoleLogger., took 0 ms.
TpTrace Verbose: 0 : 2676, 4, 2024/04/02, 12:05:51.861, 795651185918, vstest.console.dll, MulticastDelegateUtilities.SafeInvoke: InternalTestLoggerEvents.SendTestResult: Invoking callback 1/1 for Microsoft.VisualStudio.TestPlatform.CommandLine.Internal.ConsoleLogger., took 0 ms.
TpTrace Verbose: 0 : 2676, 4, 2024/04/02, 12:05:51.861, 795651186296, vstest.console.dll, MulticastDelegateUtilities.SafeInvoke: InternalTestLoggerEvents.SendTestResult: Invoking callback 1/1 for Microsoft.VisualStudio.TestPlatform.CommandLine.Internal.ConsoleLogger., took 0 ms.
TpTrace Verbose: 0 : 2676, 4, 2024/04/02, 12:05:51.861, 795651186670, vstest.console.dll, MulticastDelegateUtilities.SafeInvoke: InternalTestLoggerEvents.SendTestResult: Invoking callback 1/1 for Microsoft.VisualStudio.TestPlatform.CommandLine.Internal.ConsoleLogger., took 0 ms.
TpTrace Verbose: 0 : 2676, 4, 2024/04/02, 12:05:51.861, 795651187034, vstest.console.dll, MulticastDelegateUtilities.SafeInvoke: InternalTestLoggerEvents.SendTestResult: Invoking callback 1/1 for Microsoft.VisualStudio.TestPlatform.CommandLine.Internal.ConsoleLogger., took 0 ms.
TpTrace Verbose: 0 : 2676, 4, 2024/04/02, 12:05:51.862, 795651187414, vstest.console.dll, MulticastDelegateUtilities.SafeInvoke: InternalTestLoggerEvents.SendTestResult: Invoking callback 1/1 for Microsoft.VisualStudio.TestPlatform.CommandLine.Internal.ConsoleLogger., took 0 ms.
TpTrace Verbose: 0 : 2676, 4, 2024/04/02, 12:05:51.862, 795651187806, vstest.console.dll, MulticastDelegateUtilities.SafeInvoke: InternalTestLoggerEvents.SendTestResult: Invoking callback 1/1 for Microsoft.VisualStudio.TestPlatform.CommandLine.Internal.ConsoleLogger., took 0 ms.
TpTrace Verbose: 0 : 2676, 11, 2024/04/02, 12:05:51.888, 795651456842, vstest.console.dll, TcpClientExtensions.MessageLoopAsync: NotifyDataAvailable remoteEndPoint: 127.0.0.1:56120 localEndPoint: 127.0.0.1:56119
TpTrace Verbose: 0 : 2676, 11, 2024/04/02, 12:05:51.889, 795651458169, vstest.console.dll, TestRequestSender.OnExecutionMessageReceived: Received message: {"Version":7,"MessageType":"TestSession.Message","Payload":{"MessageLevel":0,"Message":"NUnit Adapter 4.4.0.0: Test execution complete"}}
TpTrace Verbose: 0 : 2676, 11, 2024/04/02, 12:05:51.889, 795651459236, vstest.console.dll, TestRunRequest:SendTestRunMessage: Starting.
TpTrace Verbose: 0 : 2676, 11, 2024/04/02, 12:05:51.889, 795651459948, vstest.console.dll, MulticastDelegateUtilities.SafeInvoke: TestRun.LogMessages: Invoking callback 1/1 for Microsoft.VisualStudio.TestPlatform.CommandLine.TestRunResultAggregator., took 0 ms.
TpTrace Verbose: 0 : 2676, 4, 2024/04/02, 12:05:51.889, 795651460115, vstest.console.dll, MulticastDelegateUtilities.SafeInvoke: InternalTestLoggerEvents.SendTestRunMessage: Invoking callback 1/1 for Microsoft.VisualStudio.TestPlatform.CommandLine.Internal.ConsoleLogger., took 0 ms.
TpTrace Information: 0 : 2676, 11, 2024/04/02, 12:05:51.889, 795651460368, vstest.console.dll, TestRunRequest:SendTestRunMessage: Completed.
TpTrace Verbose: 0 : 2676, 11, 2024/04/02, 12:05:51.889, 795651461306, vstest.console.dll, MulticastDelegateUtilities.SafeInvoke: LengthPrefixCommunicationChannel: MessageReceived: Invoking callback 1/1 for Microsoft.VisualStudio.TestPlatform.CommunicationUtilities.TestRequestSender+<>c__DisplayClass34_0., took 0 ms.
TpTrace Verbose: 0 : 2676, 11, 2024/04/02, 12:05:51.889, 795651461739, vstest.console.dll, TcpClientExtensions.MessageLoopAsync: Polling on remoteEndPoint: 127.0.0.1:56120 localEndPoint: 127.0.0.1:56119 after 27 ms
TpTrace Verbose: 0 : 2676, 11, 2024/04/02, 12:05:51.906, 795651632975, vstest.console.dll, TcpClientExtensions.MessageLoopAsync: NotifyDataAvailable remoteEndPoint: 127.0.0.1:56120 localEndPoint: 127.0.0.1:56119
TpTrace Verbose: 0 : 2676, 11, 2024/04/02, 12:05:51.906, 795651634578, vstest.console.dll, TestRequestSender.OnExecutionMessageReceived: Received message: {"Version":7,"MessageType":"TestExecution.Completed","Payload":{"TestRunCompleteArgs":{"TestRunStatistics":{"ExecutedTests":37,"Stats":{"Passed":37}},"IsCanceled":false,"IsAborted":false,"Error":null,"AttachmentSets":[],"InvokedDataCollectors":[],"ElapsedTimeInRunningTests":"00:00:02.6043201","Metrics":{},"DiscoveredExtensions":{"TestDiscoverers":["NUnit.VisualStudio.TestAdapter.NUnit3TestDiscoverer, NUnit3.TestAdapter, Version=4.4.0.0, Culture=neutral, PublicKeyToken=4cb40d35494691ac"],"TestExecutors":["executor://NUnit3TestExecutor"],"TestExecutors2":[],"TestSettingsProviders":[]}},"LastRunTests":{"NewTestResults":[{"TestCase":{"Id":"4877a602-f42b-722f-48e1-36254de6e7b8","FullyQualifiedName":"HoneyZoneMvc.Tests.ProductServiceTests.UpdateAsync_WorksCorrectly","DisplayName":"UpdateAsync_WorksCorrectly","ExecutorUri":"executor://NUnit3TestExecutor","Source":"C:\\Users\\ekrem\\Documents\\GitHub\\HoneyZoneMvc\\Honey-Zone\\HoneyZoneMvc.Tests\\bin\\Debug\\net6.0\\fine-code-coverage\\build-output\\HoneyZoneMvc.Tests.dll","CodeFilePath":null,"LineNumber":0,"Properties":[{"Key":{"Id":"NUnit.Seed","Label":"Seed","Category":"","Description":"","Attributes":0,"ValueType":"System.String"},"Value":"1935334763"}]},"Attachments":[],"Outcome":1,"ErrorMessage":null,"ErrorStackTrace":null,"DisplayName":"UpdateAsync_WorksCorrectly","Messages":[],"ComputerName":"DESKTOP-JGRNGUF","Duration":"00:00:00.0197920","StartTime":"2024-04-02T09:05:51.8543491+00:00","EndTime":"2024-04-02T09:05:51.8741403+00:00","Properties":[{"Key":{"Id":"NUnit.Seed","Label":"Seed","Category":"","Description":"","Attributes":0,"ValueType":"System.String"},"Value":"1935334763"}]}],"TestRunStatistics":{"ExecutedTests":37,"Stats":{"Passed":37}},"ActiveTests":[]},"RunAttachments":[],"ExecutorUris":["executor://nunit3testexecutor/"]}}
TpTrace Verbose: 0 : 2676, 11, 2024/04/02, 12:05:51.906, 795651635501, vstest.console.dll, TestRequestSender.EndSession: Sending end session.
TpTrace Verbose: 0 : 2676, 11, 2024/04/02, 12:05:51.906, 795651637043, vstest.console.dll, ProxyOperationManager.Close: waiting for test host to exit for 100 ms
TpTrace Verbose: 0 : 2676, 7, 2024/04/02, 12:05:51.931, 795651885878, vstest.console.dll, TestHostManagerCallbacks.ctor: Experimental forwarding output is disabled.
TpTrace Warning: 0 : 2676, 7, 2024/04/02, 12:05:51.931, 795651886852, vstest.console.dll, TestHostManagerCallbacks.ErrorReceivedCallback Test host standard error line: 
TpTrace Verbose: 0 : 2676, 7, 2024/04/02, 12:05:51.939, 795651962965, vstest.console.dll, TestHostProvider.ExitCallBack: Host exited starting callback.
TpTrace Information: 0 : 2676, 7, 2024/04/02, 12:05:51.939, 795651964140, vstest.console.dll, TestHostManagerCallbacks.ExitCallBack: Testhost processId: 11352 exited with exitcode: 0 error: ''
TpTrace Verbose: 0 : 2676, 7, 2024/04/02, 12:05:51.939, 795651964493, vstest.console.dll, DotnetTestHostManager.OnHostExited: invoking OnHostExited callback
TpTrace Verbose: 0 : 2676, 7, 2024/04/02, 12:05:51.939, 795651964906, vstest.console.dll, CrossPlatEngine.TestHostManagerHostExited: calling on client process exit callback.
TpTrace Information: 0 : 2676, 7, 2024/04/02, 12:05:51.939, 795651965353, vstest.console.dll, TestRequestSender.OnClientProcessExit: Test host process exited. Standard error: 
TpTrace Information: 0 : 2676, 7, 2024/04/02, 12:05:51.939, 795651965694, vstest.console.dll, SocketServer.Stop: Stop server endPoint: 127.0.0.1:56119
TpTrace Information: 0 : 2676, 11, 2024/04/02, 12:05:51.939, 795651965645, vstest.console.dll, SocketServer.Stop: Stop server endPoint: 127.0.0.1:56119
TpTrace Information: 0 : 2676, 7, 2024/04/02, 12:05:51.939, 795651965983, vstest.console.dll, SocketServer.Stop: Cancellation requested. Stopping message loop.
TpTrace Information: 0 : 2676, 11, 2024/04/02, 12:05:51.939, 795651966558, vstest.console.dll, SocketServer.Stop: Cancellation requested. Stopping message loop.
TpTrace Information: 0 : 2676, 11, 2024/04/02, 12:05:51.939, 795651967326, vstest.console.dll, Closing the connection
TpTrace Verbose: 0 : 2676, 7, 2024/04/02, 12:05:51.940, 795651967419, vstest.console.dll, MulticastDelegateUtilities.SafeInvoke: HostProviderEvents.OnHostExited: Invoking callback 1/1 for Microsoft.VisualStudio.TestPlatform.CrossPlatEngine.Client.ProxyOperationManager., took 0 ms.
TpTrace Verbose: 0 : 2676, 11, 2024/04/02, 12:05:51.940, 795651969447, vstest.console.dll, ProxyDataCollectionManager.InvokeDataCollectionServiceAction: Starting.
TpTrace Information: 0 : 2676, 11, 2024/04/02, 12:05:51.940, 795651969972, vstest.console.dll, ProxyDataCollectionManager.AfterTestRunEnd: Get attachment set and invoked data collectors processId: 10104 port: 56116
TpTrace Verbose: 0 : 2676, 11, 2024/04/02, 12:05:51.940, 795651970479, vstest.console.dll, DataCollectionRequestSender.SendAfterTestRunStartAndGetResult: Send AfterTestRunEnd message with isCancelled: False
TpTrace Verbose: 0 : 2676, 11, 2024/04/02, 12:05:51.946, 795652035088, vstest.console.dll, DataCollectionRequestSender.SendAfterTestRunStartAndGetResult: Received message: (DataCollection.AfterTestRunEndResult) -> {"MessageType":"DataCollection.AfterTestRunEndResult","Payload":{"AttachmentSets":[],"InvokedDataCollectors":[{"Uri":"datacollector://Microsoft/TestPlatform/Extensions/Blame/v1","FriendlyName":"Blame","AssemblyQualifiedName":"Microsoft.TestPlatform.Extensions.BlameDataCollector.BlameCollector, Microsoft.TestPlatform.Extensions.BlameDataCollector, Version=15.0.0.0, Culture=neutral, PublicKeyToken=b03f5f7f11d50a3a","FilePath":"C:\\Program Files\\dotnet\\sdk\\8.0.200\\Extensions\\Microsoft.TestPlatform.Extensions.BlameDataCollector.dll","HasAttachmentProcessor":false}],"Metrics":{}}}
TpTrace Warning: 0 : 2676, 10, 2024/04/02, 12:05:51.950, 795652074670, vstest.console.dll, DataCollectionLauncher.ErrorReceivedCallback datacollector standard error line: 
TpTrace Information: 0 : 2676, 11, 2024/04/02, 12:05:51.951, 795652079455, vstest.console.dll, ProxyDataCollectionManager.InvokeDataCollectionServiceAction: Completed.
TpTrace Information: 0 : 2676, 10, 2024/04/02, 12:05:51.956, 795652130569, vstest.console.dll, DataCollectionLauncher.ExitCallBack: Data collector exited with exitcode: 0 error: ''
TpTrace Verbose: 0 : 2676, 11, 2024/04/02, 12:05:51.976, 795652330075, vstest.console.dll, TestRunRequest:SendTestRunStatsChange: Starting.
TpTrace Verbose: 0 : 2676, 11, 2024/04/02, 12:05:51.976, 795652331004, vstest.console.dll, MulticastDelegateUtilities.SafeInvoke: TestRun.RunStatsChanged: Invoking callbacks was skipped because there are no subscribers.
TpTrace Information: 0 : 2676, 11, 2024/04/02, 12:05:51.976, 795652331283, vstest.console.dll, TestRunRequest:SendTestRunStatsChange: Completed.
TpTrace Verbose: 0 : 2676, 4, 2024/04/02, 12:05:51.976, 795652331615, vstest.console.dll, MulticastDelegateUtilities.SafeInvoke: InternalTestLoggerEvents.SendTestResult: Invoking callback 1/1 for Microsoft.VisualStudio.TestPlatform.CommandLine.Internal.ConsoleLogger., took 0 ms.
TpTrace Verbose: 0 : 2676, 11, 2024/04/02, 12:05:51.976, 795652333969, vstest.console.dll, ParallelProxyExecutionManager: HandlePartialRunComplete: Total workloads = 1, Total started clients = 1 Total completed clients = 1, Run complete = True, Run canceled: False.
TpTrace Verbose: 0 : 2676, 11, 2024/04/02, 12:05:51.976, 795652334302, vstest.console.dll, ParallelProxyExecutionManager: HandlePartialRunComplete: All runs completed stopping all managers.
TpTrace Verbose: 0 : 2676, 11, 2024/04/02, 12:05:51.976, 795652334636, vstest.console.dll, ParallelOperationManager.StopAllManagers: Stopping all managers.
TpTrace Verbose: 0 : 2676, 11, 2024/04/02, 12:05:51.976, 795652334920, vstest.console.dll, ParallelOperationManager.ClearSlots: Clearing all slots. Slots should accept more work: False
TpTrace Verbose: 0 : 2676, 11, 2024/04/02, 12:05:51.976, 795652335314, vstest.console.dll, ParallelOperationManager.SetOccupiedSlotCount: Setting slot counts AvailableSlotCount = 3, OccupiedSlotCount = 0.
TpTrace Verbose: 0 : 2676, 11, 2024/04/02, 12:05:51.976, 795652335776, vstest.console.dll, Occupied slots:

TpTrace Verbose: 0 : 2676, 4, 2024/04/02, 12:05:51.982, 795652396128, vstest.console.dll, MulticastDelegateUtilities.SafeInvoke: InternalTestLoggerEvents.SendTestRunComplete: Invoking callback 1/2 for Microsoft.TestPlatform.Extensions.BlameDataCollector.BlameLogger., took 0 ms.
TpTrace Verbose: 0 : 2676, 4, 2024/04/02, 12:05:51.989, 795652458663, vstest.console.dll, MulticastDelegateUtilities.SafeInvoke: InternalTestLoggerEvents.SendTestRunComplete: Invoking callback 2/2 for Microsoft.VisualStudio.TestPlatform.CommandLine.Internal.ConsoleLogger., took 6 ms.
TpTrace Verbose: 0 : 2676, 11, 2024/04/02, 12:05:51.989, 795652461676, vstest.console.dll, TestRunRequest:TestRunComplete: Starting. IsAborted:False IsCanceled:False.
TpTrace Verbose: 0 : 2676, 11, 2024/04/02, 12:05:51.989, 795652463383, vstest.console.dll, ParallelOperationManager.DoActionOnAllManagers: Calling an action on all managers.
TpTrace Verbose: 0 : 2676, 11, 2024/04/02, 12:05:51.990, 795652473533, vstest.console.dll, TestLoggerManager.HandleTestRunComplete: Ignoring as the object is disposed.
TpTrace Verbose: 0 : 2676, 11, 2024/04/02, 12:05:51.990, 795652475779, vstest.console.dll, MulticastDelegateUtilities.SafeInvoke: TestRun.TestRunComplete: Invoking callback 1/2 for Microsoft.VisualStudio.TestPlatform.CommandLine.TestRunResultAggregator., took 0 ms.
TpTrace Verbose: 0 : 2676, 11, 2024/04/02, 12:05:51.990, 795652477022, vstest.console.dll, MulticastDelegateUtilities.SafeInvoke: TestRun.TestRunComplete: Invoking callback 2/2 for Microsoft.VisualStudio.TestPlatform.CommandLine.Processors.RunTestsArgumentExecutor+TestRunRequestEventsRegistrar., took 0 ms.
TpTrace Information: 0 : 2676, 11, 2024/04/02, 12:05:51.991, 795652478143, vstest.console.dll, TestRunRequest:TestRunComplete: Completed.
TpTrace Verbose: 0 : 2676, 1, 2024/04/02, 12:05:51.991, 795652478247, vstest.console.dll, TestRunRequest.Dispose: Starting.
TpTrace Verbose: 0 : 2676, 11, 2024/04/02, 12:05:51.991, 795652478600, vstest.console.dll, TestRequestSender.SetOperationComplete: Setting operation complete.
TpTrace Information: 0 : 2676, 1, 2024/04/02, 12:05:51.991, 795652479203, vstest.console.dll, TestRunRequest.Dispose: Completed.
TpTrace Information: 0 : 2676, 11, 2024/04/02, 12:05:51.991, 795652479442, vstest.console.dll, SocketServer.Stop: Stop server endPoint: 127.0.0.1:56119
TpTrace Information: 0 : 2676, 1, 2024/04/02, 12:05:51.991, 795652479945, vstest.console.dll, TestRequestManager.RunTests: run tests completed.
TpTrace Information: 0 : 2676, 11, 2024/04/02, 12:05:51.991, 795652480129, vstest.console.dll, SocketServer.Stop: Cancellation requested. Stopping message loop.
TpTrace Verbose: 0 : 2676, 11, 2024/04/02, 12:05:51.991, 795652480827, vstest.console.dll, MulticastDelegateUtilities.SafeInvoke: LengthPrefixCommunicationChannel: MessageReceived: Invoking callback 1/1 for Microsoft.VisualStudio.TestPlatform.CommunicationUtilities.TestRequestSender+<>c__DisplayClass34_0., took 84 ms.
TpTrace Information: 0 : 2676, 1, 2024/04/02, 12:05:51.991, 795652481091, vstest.console.dll, RunTestsArgumentProcessor:Execute: Test run is completed.
TpTrace Information: 0 : 2676, 11, 2024/04/02, 12:05:51.991, 795652481271, vstest.console.dll, SocketServer.PrivateStop: Stopping server endPoint: 127.0.0.1:56119 error: 
TpTrace Verbose: 0 : 2676, 1, 2024/04/02, 12:05:51.991, 795652483574, vstest.console.dll, Executor.Execute: Exiting with exit code of 0
TpTrace Verbose: 0 : 2676, 11, 2024/04/02, 12:05:51.991, 795652485361, vstest.console.dll, LengthPrefixCommunicationChannel.Dispose: Dispose reader and writer.
TpTrace Information: 0 : 2676, 11, 2024/04/02, 12:05:51.991, 795652486136, vstest.console.dll, SocketServer.Stop: Raise disconnected event endPoint: 127.0.0.1:56119 error: 
TpTrace Verbose: 0 : 2676, 11, 2024/04/02, 12:05:51.991, 795652487007, vstest.console.dll, TestRequestSender: OnTestRunAbort: Operation is already complete. Skip error message.
