<?xml version="1.0" encoding="utf-8"?>
<coverage line-rate="0.7315" branch-rate="0.5268999999999999" version="1.9" timestamp="1712048752" lines-covered="1286" lines-valid="1758" branches-covered="88" branches-valid="167">
  <sources>
    <source>C:\Users\ekrem\</source>
  </sources>
  <packages>
    <package name="HoneyZoneMvc.BusinessLogic" line-rate="0.5434" branch-rate="0.5302" complexity="387">
      <classes>
        <class name="HoneyZoneMvc.BusinessLogic.ViewModels.AdminViewModel" filename="Documents\GitHub\HoneyZoneMvc\Honey-Zone\HoneyZoneMvc.BusinessLogic\ViewModels\AdminViewModel.cs" line-rate="0" branch-rate="1" complexity="5">
          <methods>
            <method name="get_Products" signature="()" line-rate="0" branch-rate="1" complexity="1">
              <lines>
                <line number="10" hits="0" branch="False" />
              </lines>
            </method>
            <method name="get_Orders" signature="()" line-rate="0" branch-rate="1" complexity="1">
              <lines>
                <line number="11" hits="0" branch="False" />
              </lines>
            </method>
            <method name="get_Categories" signature="()" line-rate="0" branch-rate="1" complexity="1">
              <lines>
                <line number="12" hits="0" branch="False" />
              </lines>
            </method>
            <method name="get_Users" signature="()" line-rate="0" branch-rate="1" complexity="1">
              <lines>
                <line number="13" hits="0" branch="False" />
              </lines>
            </method>
            <method name="get_DiscountByCategoryViewModel" signature="()" line-rate="0" branch-rate="1" complexity="1">
              <lines>
                <line number="14" hits="0" branch="False" />
              </lines>
            </method>
          </methods>
          <lines>
            <line number="10" hits="0" branch="False" />
            <line number="11" hits="0" branch="False" />
            <line number="12" hits="0" branch="False" />
            <line number="13" hits="0" branch="False" />
            <line number="14" hits="0" branch="False" />
          </lines>
        </class>
        <class name="HoneyZoneMvc.BusinessLogic.ViewModels.ShopViewModel" filename="Documents\GitHub\HoneyZoneMvc\Honey-Zone\HoneyZoneMvc.BusinessLogic\ViewModels\ShopViewModel.cs" line-rate="0" branch-rate="1" complexity="2">
          <methods>
            <method name="get_Products" signature="()" line-rate="0" branch-rate="1" complexity="1">
              <lines>
                <line number="8" hits="0" branch="False" />
              </lines>
            </method>
            <method name="get_Categories" signature="()" line-rate="0" branch-rate="1" complexity="1">
              <lines>
                <line number="9" hits="0" branch="False" />
              </lines>
            </method>
          </methods>
          <lines>
            <line number="8" hits="0" branch="False" />
            <line number="9" hits="0" branch="False" />
          </lines>
        </class>
        <class name="HoneyZoneMvc.BusinessLogic.ViewModels.User.AllUsersQueryModel" filename="Documents\GitHub\HoneyZoneMvc\Honey-Zone\HoneyZoneMvc.BusinessLogic\ViewModels\User\AllUsersQueryModel.cs" line-rate="0" branch-rate="1" complexity="7">
          <methods>
            <method name="get_UsersPerPage" signature="()" line-rate="0" branch-rate="1" complexity="1">
              <lines>
                <line number="5" hits="0" branch="False" />
              </lines>
            </method>
            <method name="get_Role" signature="()" line-rate="0" branch-rate="1" complexity="1">
              <lines>
                <line number="7" hits="0" branch="False" />
              </lines>
            </method>
            <method name="get_SearchTerm" signature="()" line-rate="0" branch-rate="1" complexity="1">
              <lines>
                <line number="9" hits="0" branch="False" />
              </lines>
            </method>
            <method name="get_CurrentPage" signature="()" line-rate="0" branch-rate="1" complexity="1">
              <lines>
                <line number="11" hits="0" branch="False" />
              </lines>
            </method>
            <method name="get_TotalUsers" signature="()" line-rate="0" branch-rate="1" complexity="1">
              <lines>
                <line number="13" hits="0" branch="False" />
              </lines>
            </method>
            <method name="get_Roles" signature="()" line-rate="0" branch-rate="1" complexity="1">
              <lines>
                <line number="15" hits="0" branch="False" />
              </lines>
            </method>
            <method name="get_Users" signature="()" line-rate="0" branch-rate="1" complexity="1">
              <lines>
                <line number="17" hits="0" branch="False" />
              </lines>
            </method>
          </methods>
          <lines>
            <line number="5" hits="0" branch="False" />
            <line number="7" hits="0" branch="False" />
            <line number="9" hits="0" branch="False" />
            <line number="11" hits="0" branch="False" />
            <line number="13" hits="0" branch="False" />
            <line number="15" hits="0" branch="False" />
            <line number="17" hits="0" branch="False" />
          </lines>
        </class>
        <class name="HoneyZoneMvc.BusinessLogic.ViewModels.User.LoginViewModel" filename="Documents\GitHub\HoneyZoneMvc\Honey-Zone\HoneyZoneMvc.BusinessLogic\ViewModels\User\LoginViewModel.cs" line-rate="0" branch-rate="1" complexity="3">
          <methods>
            <method name="get_Email" signature="()" line-rate="0" branch-rate="1" complexity="1">
              <lines>
                <line number="12" hits="0" branch="False" />
              </lines>
            </method>
            <method name="get_Password" signature="()" line-rate="0" branch-rate="1" complexity="1">
              <lines>
                <line number="17" hits="0" branch="False" />
              </lines>
            </method>
            <method name="get_RememberMe" signature="()" line-rate="0" branch-rate="1" complexity="1">
              <lines>
                <line number="20" hits="0" branch="False" />
              </lines>
            </method>
          </methods>
          <lines>
            <line number="12" hits="0" branch="False" />
            <line number="17" hits="0" branch="False" />
            <line number="20" hits="0" branch="False" />
          </lines>
        </class>
        <class name="HoneyZoneMvc.BusinessLogic.ViewModels.User.RegisterViewModel" filename="Documents\GitHub\HoneyZoneMvc\Honey-Zone\HoneyZoneMvc.BusinessLogic\ViewModels\User\RegisterViewModel.cs" line-rate="0" branch-rate="1" complexity="5">
          <methods>
            <method name="get_FirstName" signature="()" line-rate="0" branch-rate="1" complexity="1">
              <lines>
                <line number="11" hits="0" branch="False" />
              </lines>
            </method>
            <method name="get_LastName" signature="()" line-rate="0" branch-rate="1" complexity="1">
              <lines>
                <line number="15" hits="0" branch="False" />
              </lines>
            </method>
            <method name="get_Email" signature="()" line-rate="0" branch-rate="1" complexity="1">
              <lines>
                <line number="19" hits="0" branch="False" />
              </lines>
            </method>
            <method name="get_Password" signature="()" line-rate="0" branch-rate="1" complexity="1">
              <lines>
                <line number="24" hits="0" branch="False" />
              </lines>
            </method>
            <method name="get_ConfirmPassword" signature="()" line-rate="0" branch-rate="1" complexity="1">
              <lines>
                <line number="29" hits="0" branch="False" />
              </lines>
            </method>
          </methods>
          <lines>
            <line number="11" hits="0" branch="False" />
            <line number="15" hits="0" branch="False" />
            <line number="19" hits="0" branch="False" />
            <line number="24" hits="0" branch="False" />
            <line number="29" hits="0" branch="False" />
          </lines>
        </class>
        <class name="HoneyZoneMvc.BusinessLogic.ViewModels.User.UserViewModel" filename="Documents\GitHub\HoneyZoneMvc\Honey-Zone\HoneyZoneMvc.BusinessLogic\ViewModels\User\UsersViewModel.cs" line-rate="0" branch-rate="1" complexity="5">
          <methods>
            <method name="get_Id" signature="()" line-rate="0" branch-rate="1" complexity="1">
              <lines>
                <line number="6" hits="0" branch="False" />
              </lines>
            </method>
            <method name="get_FirstName" signature="()" line-rate="0" branch-rate="1" complexity="1">
              <lines>
                <line number="7" hits="0" branch="False" />
              </lines>
            </method>
            <method name="get_LastName" signature="()" line-rate="0" branch-rate="1" complexity="1">
              <lines>
                <line number="8" hits="0" branch="False" />
              </lines>
            </method>
            <method name="get_Email" signature="()" line-rate="0" branch-rate="1" complexity="1">
              <lines>
                <line number="9" hits="0" branch="False" />
              </lines>
            </method>
            <method name="get_Roles" signature="()" line-rate="0" branch-rate="1" complexity="1">
              <lines>
                <line number="10" hits="0" branch="False" />
              </lines>
            </method>
          </methods>
          <lines>
            <line number="6" hits="0" branch="False" />
            <line number="7" hits="0" branch="False" />
            <line number="8" hits="0" branch="False" />
            <line number="9" hits="0" branch="False" />
            <line number="10" hits="0" branch="False" />
          </lines>
        </class>
        <class name="HoneyZoneMvc.BusinessLogic.ViewModels.Status.StatusViewModel" filename="Documents\GitHub\HoneyZoneMvc\Honey-Zone\HoneyZoneMvc.BusinessLogic\ViewModels\Status\StatusViewModel.cs" line-rate="0" branch-rate="1" complexity="2">
          <methods>
            <method name="get_Id" signature="()" line-rate="0" branch-rate="1" complexity="1">
              <lines>
                <line number="5" hits="0" branch="False" />
              </lines>
            </method>
            <method name="get_Name" signature="()" line-rate="0" branch-rate="1" complexity="1">
              <lines>
                <line number="6" hits="0" branch="False" />
              </lines>
            </method>
          </methods>
          <lines>
            <line number="5" hits="0" branch="False" />
            <line number="6" hits="0" branch="False" />
          </lines>
        </class>
        <class name="HoneyZoneMvc.BusinessLogic.ViewModels.Statistics.CategoryStatisticsViewModel" filename="Documents\GitHub\HoneyZoneMvc\Honey-Zone\HoneyZoneMvc.BusinessLogic\ViewModels\Statistics\CategoryStatisticsViewModel.cs" line-rate="0" branch-rate="1" complexity="2">
          <methods>
            <method name="get_Categories" signature="()" line-rate="0" branch-rate="1" complexity="1">
              <lines>
                <line number="7" hits="0" branch="False" />
              </lines>
            </method>
            <method name="get_ProductsSoldInCategory" signature="()" line-rate="0" branch-rate="1" complexity="1">
              <lines>
                <line number="8" hits="0" branch="False" />
              </lines>
            </method>
          </methods>
          <lines>
            <line number="7" hits="0" branch="False" />
            <line number="8" hits="0" branch="False" />
          </lines>
        </class>
        <class name="HoneyZoneMvc.BusinessLogic.ViewModels.Statistics.StatisticsViewModel" filename="Documents\GitHub\HoneyZoneMvc\Honey-Zone\HoneyZoneMvc.BusinessLogic\ViewModels\Statistics\StatisticsViewModel.cs" line-rate="0" branch-rate="1" complexity="2">
          <methods>
            <method name="get_CategoryStatistic" signature="()" line-rate="0" branch-rate="1" complexity="1">
              <lines>
                <line number="5" hits="0" branch="False" />
              </lines>
            </method>
            <method name="get_StockStatistic" signature="()" line-rate="0" branch-rate="1" complexity="1">
              <lines>
                <line number="6" hits="0" branch="False" />
              </lines>
            </method>
          </methods>
          <lines>
            <line number="5" hits="0" branch="False" />
            <line number="6" hits="0" branch="False" />
          </lines>
        </class>
        <class name="HoneyZoneMvc.BusinessLogic.ViewModels.Statistics.StockStatisticsViewModel" filename="Documents\GitHub\HoneyZoneMvc\Honey-Zone\HoneyZoneMvc.BusinessLogic\ViewModels\Statistics\StockStatisticsViewModel.cs" line-rate="0" branch-rate="1" complexity="1">
          <methods>
            <method name="get_ProductsInStockPair" signature="()" line-rate="0" branch-rate="1" complexity="1">
              <lines>
                <line number="11" hits="0" branch="False" />
              </lines>
            </method>
          </methods>
          <lines>
            <line number="11" hits="0" branch="False" />
          </lines>
        </class>
        <class name="HoneyZoneMvc.BusinessLogic.ViewModels.Product.AllProductsQueryModel" filename="Documents\GitHub\HoneyZoneMvc\Honey-Zone\HoneyZoneMvc.BusinessLogic\ViewModels\Product\AllProductsQueryModel.cs" line-rate="0.875" branch-rate="1" complexity="8">
          <methods>
            <method name="get_ProductsPerPage" signature="()" line-rate="1" branch-rate="1" complexity="1">
              <lines>
                <line number="7" hits="4" branch="False" />
              </lines>
            </method>
            <method name="get_Category" signature="()" line-rate="1" branch-rate="1" complexity="1">
              <lines>
                <line number="9" hits="4" branch="False" />
              </lines>
            </method>
            <method name="get_SearchTerm" signature="()" line-rate="1" branch-rate="1" complexity="1">
              <lines>
                <line number="11" hits="4" branch="False" />
              </lines>
            </method>
            <method name="get_SortBy" signature="()" line-rate="0" branch-rate="1" complexity="1">
              <lines>
                <line number="13" hits="0" branch="False" />
              </lines>
            </method>
            <method name="get_CurrentPage" signature="()" line-rate="1" branch-rate="1" complexity="1">
              <lines>
                <line number="15" hits="4" branch="False" />
              </lines>
            </method>
            <method name="get_TotalProductsCount" signature="()" line-rate="1" branch-rate="1" complexity="1">
              <lines>
                <line number="17" hits="4" branch="False" />
              </lines>
            </method>
            <method name="get_Categories" signature="()" line-rate="1" branch-rate="1" complexity="1">
              <lines>
                <line number="19" hits="8" branch="False" />
              </lines>
            </method>
            <method name="get_Products" signature="()" line-rate="1" branch-rate="1" complexity="1">
              <lines>
                <line number="21" hits="16" branch="False" />
              </lines>
            </method>
          </methods>
          <lines>
            <line number="7" hits="4" branch="False" />
            <line number="9" hits="4" branch="False" />
            <line number="11" hits="4" branch="False" />
            <line number="13" hits="0" branch="False" />
            <line number="15" hits="4" branch="False" />
            <line number="17" hits="4" branch="False" />
            <line number="19" hits="8" branch="False" />
            <line number="21" hits="16" branch="False" />
          </lines>
        </class>
        <class name="HoneyZoneMvc.BusinessLogic.ViewModels.Product.ProductAddViewModel" filename="Documents\GitHub\HoneyZoneMvc\Honey-Zone\HoneyZoneMvc.BusinessLogic\ViewModels\Product\ProductAddViewModel.cs" line-rate="1" branch-rate="1" complexity="9">
          <methods>
            <method name="get_Name" signature="()" line-rate="1" branch-rate="1" complexity="1">
              <lines>
                <line number="14" hits="3" branch="False" />
              </lines>
            </method>
            <method name="get_CategoryId" signature="()" line-rate="1" branch-rate="1" complexity="1">
              <lines>
                <line number="18" hits="3" branch="False" />
              </lines>
            </method>
            <method name="get_Price" signature="()" line-rate="1" branch-rate="1" complexity="1">
              <lines>
                <line number="22" hits="2" branch="False" />
              </lines>
            </method>
            <method name="get_Description" signature="()" line-rate="1" branch-rate="1" complexity="1">
              <lines>
                <line number="26" hits="3" branch="False" />
              </lines>
            </method>
            <method name="get_QuantityInStock" signature="()" line-rate="1" branch-rate="1" complexity="1">
              <lines>
                <line number="31" hits="2" branch="False" />
              </lines>
            </method>
            <method name="get_ProductAmount" signature="()" line-rate="1" branch-rate="1" complexity="1">
              <lines>
                <line number="36" hits="3" branch="False" />
              </lines>
            </method>
            <method name="get_MainImage" signature="()" line-rate="1" branch-rate="1" complexity="1">
              <lines>
                <line number="39" hits="3" branch="False" />
              </lines>
            </method>
            <method name="get_Images" signature="()" line-rate="1" branch-rate="1" complexity="1">
              <lines>
                <line number="42" hits="3" branch="False" />
              </lines>
            </method>
            <method name="get_Categories" signature="()" line-rate="1" branch-rate="1" complexity="1">
              <lines>
                <line number="44" hits="1" branch="False" />
              </lines>
            </method>
          </methods>
          <lines>
            <line number="14" hits="3" branch="False" />
            <line number="18" hits="3" branch="False" />
            <line number="22" hits="2" branch="False" />
            <line number="26" hits="3" branch="False" />
            <line number="31" hits="2" branch="False" />
            <line number="36" hits="3" branch="False" />
            <line number="39" hits="3" branch="False" />
            <line number="42" hits="3" branch="False" />
            <line number="44" hits="1" branch="False" />
          </lines>
        </class>
        <class name="HoneyZoneMvc.BusinessLogic.ViewModels.Product.ProductAdminViewModel" filename="Documents\GitHub\HoneyZoneMvc\Honey-Zone\HoneyZoneMvc.BusinessLogic\ViewModels\Product\ProductAdminViewModel.cs" line-rate="1" branch-rate="1" complexity="12">
          <methods>
            <method name="get_Id" signature="()" line-rate="1" branch-rate="1" complexity="1">
              <lines>
                <line number="5" hits="68" branch="False" />
              </lines>
            </method>
            <method name="get_Name" signature="()" line-rate="1" branch-rate="1" complexity="1">
              <lines>
                <line number="7" hits="161" branch="False" />
              </lines>
            </method>
            <method name="get_CategoryId" signature="()" line-rate="1" branch-rate="1" complexity="1">
              <lines>
                <line number="9" hits="136" branch="False" />
              </lines>
            </method>
            <method name="get_Price" signature="()" line-rate="1" branch-rate="1" complexity="1">
              <lines>
                <line number="11" hits="70" branch="False" />
              </lines>
            </method>
            <method name="get_IsDiscounted" signature="()" line-rate="1" branch-rate="1" complexity="1">
              <lines>
                <line number="13" hits="68" branch="False" />
              </lines>
            </method>
            <method name="get_Discount" signature="()" line-rate="1" branch-rate="1" complexity="1">
              <lines>
                <line number="15" hits="68" branch="False" />
              </lines>
            </method>
            <method name="get_Description" signature="()" line-rate="1" branch-rate="1" complexity="1">
              <lines>
                <line number="17" hits="136" branch="False" />
              </lines>
            </method>
            <method name="get_TimesOrdered" signature="()" line-rate="1" branch-rate="1" complexity="1">
              <lines>
                <line number="19" hits="70" branch="False" />
              </lines>
            </method>
            <method name="get_QuantityInStock" signature="()" line-rate="1" branch-rate="1" complexity="1">
              <lines>
                <line number="21" hits="68" branch="False" />
              </lines>
            </method>
            <method name="get_ProductAmount" signature="()" line-rate="1" branch-rate="1" complexity="1">
              <lines>
                <line number="23" hits="136" branch="False" />
              </lines>
            </method>
            <method name="get_MainImageName" signature="()" line-rate="1" branch-rate="1" complexity="1">
              <lines>
                <line number="25" hits="136" branch="False" />
              </lines>
            </method>
            <method name="get_Images" signature="()" line-rate="1" branch-rate="1" complexity="1">
              <lines>
                <line number="27" hits="136" branch="False" />
              </lines>
            </method>
          </methods>
          <lines>
            <line number="5" hits="68" branch="False" />
            <line number="7" hits="161" branch="False" />
            <line number="9" hits="136" branch="False" />
            <line number="11" hits="70" branch="False" />
            <line number="13" hits="68" branch="False" />
            <line number="15" hits="68" branch="False" />
            <line number="17" hits="136" branch="False" />
            <line number="19" hits="70" branch="False" />
            <line number="21" hits="68" branch="False" />
            <line number="23" hits="136" branch="False" />
            <line number="25" hits="136" branch="False" />
            <line number="27" hits="136" branch="False" />
          </lines>
        </class>
        <class name="HoneyZoneMvc.BusinessLogic.ViewModels.Product.ProductCartViewModel" filename="Documents\GitHub\HoneyZoneMvc\Honey-Zone\HoneyZoneMvc.BusinessLogic\ViewModels\Product\ProductCartViewModel.cs" line-rate="0" branch-rate="1" complexity="8">
          <methods>
            <method name="get_Id" signature="()" line-rate="0" branch-rate="1" complexity="1">
              <lines>
                <line number="5" hits="0" branch="False" />
              </lines>
            </method>
            <method name="get_Name" signature="()" line-rate="0" branch-rate="1" complexity="1">
              <lines>
                <line number="6" hits="0" branch="False" />
              </lines>
            </method>
            <method name="get_Price" signature="()" line-rate="0" branch-rate="1" complexity="1">
              <lines>
                <line number="7" hits="0" branch="False" />
              </lines>
            </method>
            <method name="get_IsDiscounted" signature="()" line-rate="0" branch-rate="1" complexity="1">
              <lines>
                <line number="8" hits="0" branch="False" />
              </lines>
            </method>
            <method name="get_Discount" signature="()" line-rate="0" branch-rate="1" complexity="1">
              <lines>
                <line number="9" hits="0" branch="False" />
              </lines>
            </method>
            <method name="get_MainImageName" signature="()" line-rate="0" branch-rate="1" complexity="1">
              <lines>
                <line number="10" hits="0" branch="False" />
              </lines>
            </method>
            <method name="get_ProductAmount" signature="()" line-rate="0" branch-rate="1" complexity="1">
              <lines>
                <line number="11" hits="0" branch="False" />
              </lines>
            </method>
            <method name="get_Quantity" signature="()" line-rate="0" branch-rate="1" complexity="1">
              <lines>
                <line number="12" hits="0" branch="False" />
              </lines>
            </method>
          </methods>
          <lines>
            <line number="5" hits="0" branch="False" />
            <line number="6" hits="0" branch="False" />
            <line number="7" hits="0" branch="False" />
            <line number="8" hits="0" branch="False" />
            <line number="9" hits="0" branch="False" />
            <line number="10" hits="0" branch="False" />
            <line number="11" hits="0" branch="False" />
            <line number="12" hits="0" branch="False" />
          </lines>
        </class>
        <class name="HoneyZoneMvc.BusinessLogic.ViewModels.Product.ProductDiscountViewModel" filename="Documents\GitHub\HoneyZoneMvc\Honey-Zone\HoneyZoneMvc.BusinessLogic\ViewModels\Product\ProductDiscountViewModel.cs" line-rate="1" branch-rate="1" complexity="2">
          <methods>
            <method name="get_Id" signature="()" line-rate="1" branch-rate="1" complexity="1">
              <lines>
                <line number="10" hits="7" branch="False" />
              </lines>
            </method>
            <method name="get_Discount" signature="()" line-rate="1" branch-rate="1" complexity="1">
              <lines>
                <line number="12" hits="3" branch="False" />
              </lines>
            </method>
          </methods>
          <lines>
            <line number="10" hits="7" branch="False" />
            <line number="12" hits="3" branch="False" />
          </lines>
        </class>
        <class name="HoneyZoneMvc.BusinessLogic.ViewModels.Product.ProductEditViewModel" filename="Documents\GitHub\HoneyZoneMvc\Honey-Zone\HoneyZoneMvc.BusinessLogic\ViewModels\Product\ProductEditViewModel.cs" line-rate="1" branch-rate="1" complexity="8">
          <methods>
            <method name="get_Id" signature="()" line-rate="1" branch-rate="1" complexity="1">
              <lines>
                <line number="11" hits="3" branch="False" />
              </lines>
            </method>
            <method name="get_Name" signature="()" line-rate="1" branch-rate="1" complexity="1">
              <lines>
                <line number="15" hits="3" branch="False" />
              </lines>
            </method>
            <method name="get_CategoryId" signature="()" line-rate="1" branch-rate="1" complexity="1">
              <lines>
                <line number="19" hits="3" branch="False" />
              </lines>
            </method>
            <method name="get_Price" signature="()" line-rate="1" branch-rate="1" complexity="1">
              <lines>
                <line number="23" hits="2" branch="False" />
              </lines>
            </method>
            <method name="get_Description" signature="()" line-rate="1" branch-rate="1" complexity="1">
              <lines>
                <line number="27" hits="3" branch="False" />
              </lines>
            </method>
            <method name="get_QuantityInStock" signature="()" line-rate="1" branch-rate="1" complexity="1">
              <lines>
                <line number="32" hits="2" branch="False" />
              </lines>
            </method>
            <method name="get_ProductAmount" signature="()" line-rate="1" branch-rate="1" complexity="1">
              <lines>
                <line number="37" hits="3" branch="False" />
              </lines>
            </method>
            <method name="get_Categories" signature="()" line-rate="1" branch-rate="1" complexity="1">
              <lines>
                <line number="40" hits="1" branch="False" />
              </lines>
            </method>
          </methods>
          <lines>
            <line number="11" hits="3" branch="False" />
            <line number="15" hits="3" branch="False" />
            <line number="19" hits="3" branch="False" />
            <line number="23" hits="2" branch="False" />
            <line number="27" hits="3" branch="False" />
            <line number="32" hits="2" branch="False" />
            <line number="37" hits="3" branch="False" />
            <line number="40" hits="1" branch="False" />
          </lines>
        </class>
        <class name="HoneyZoneMvc.BusinessLogic.ViewModels.Product.ProductOrderedAdminViewModel" filename="Documents\GitHub\HoneyZoneMvc\Honey-Zone\HoneyZoneMvc.BusinessLogic\ViewModels\Product\ProductOrderedAdminViewModel.cs" line-rate="1" branch-rate="1" complexity="5">
          <methods>
            <method name="get_Id" signature="()" line-rate="1" branch-rate="1" complexity="1">
              <lines>
                <line number="5" hits="2" branch="False" />
              </lines>
            </method>
            <method name="get_Name" signature="()" line-rate="1" branch-rate="1" complexity="1">
              <lines>
                <line number="6" hits="2" branch="False" />
              </lines>
            </method>
            <method name="get_Price" signature="()" line-rate="1" branch-rate="1" complexity="1">
              <lines>
                <line number="7" hits="2" branch="False" />
              </lines>
            </method>
            <method name="get_Quantity" signature="()" line-rate="1" branch-rate="1" complexity="1">
              <lines>
                <line number="8" hits="2" branch="False" />
              </lines>
            </method>
            <method name="get_ProductAmount" signature="()" line-rate="1" branch-rate="1" complexity="1">
              <lines>
                <line number="9" hits="1" branch="False" />
              </lines>
            </method>
          </methods>
          <lines>
            <line number="5" hits="2" branch="False" />
            <line number="6" hits="2" branch="False" />
            <line number="7" hits="2" branch="False" />
            <line number="8" hits="2" branch="False" />
            <line number="9" hits="1" branch="False" />
          </lines>
        </class>
        <class name="HoneyZoneMvc.BusinessLogic.ViewModels.Product.ProductShopCardViewModel" filename="Documents\GitHub\HoneyZoneMvc\Honey-Zone\HoneyZoneMvc.BusinessLogic\ViewModels\Product\ProductShopCardViewModel.cs" line-rate="0.75" branch-rate="1" complexity="8">
          <methods>
            <method name="get_Id" signature="()" line-rate="1" branch-rate="1" complexity="1">
              <lines>
                <line number="5" hits="14" branch="False" />
              </lines>
            </method>
            <method name="get_Name" signature="()" line-rate="1" branch-rate="1" complexity="1">
              <lines>
                <line number="6" hits="16" branch="False" />
              </lines>
            </method>
            <method name="get_Price" signature="()" line-rate="1" branch-rate="1" complexity="1">
              <lines>
                <line number="7" hits="7" branch="False" />
              </lines>
            </method>
            <method name="get_MainImageName" signature="()" line-rate="1" branch-rate="1" complexity="1">
              <lines>
                <line number="8" hits="14" branch="False" />
              </lines>
            </method>
            <method name="get_IsAvailable" signature="()" line-rate="0" branch-rate="1" complexity="1">
              <lines>
                <line number="9" hits="0" branch="False" />
              </lines>
            </method>
            <method name="get_IsDiscounted" signature="()" line-rate="1" branch-rate="1" complexity="1">
              <lines>
                <line number="10" hits="7" branch="False" />
              </lines>
            </method>
            <method name="get_QuantityInStock" signature="()" line-rate="0" branch-rate="1" complexity="1">
              <lines>
                <line number="11" hits="0" branch="False" />
              </lines>
            </method>
            <method name="get_Discount" signature="()" line-rate="1" branch-rate="1" complexity="1">
              <lines>
                <line number="12" hits="7" branch="False" />
              </lines>
            </method>
          </methods>
          <lines>
            <line number="5" hits="14" branch="False" />
            <line number="6" hits="16" branch="False" />
            <line number="7" hits="7" branch="False" />
            <line number="8" hits="14" branch="False" />
            <line number="9" hits="0" branch="False" />
            <line number="10" hits="7" branch="False" />
            <line number="11" hits="0" branch="False" />
            <line number="12" hits="7" branch="False" />
          </lines>
        </class>
        <class name="HoneyZoneMvc.BusinessLogic.ViewModels.Product.ProductShopDetailsViewModel" filename="Documents\GitHub\HoneyZoneMvc\Honey-Zone\HoneyZoneMvc.BusinessLogic\ViewModels\Product\ProductShopDetailsViewModel.cs" line-rate="0" branch-rate="1" complexity="10">
          <methods>
            <method name="get_Id" signature="()" line-rate="0" branch-rate="1" complexity="1">
              <lines>
                <line number="5" hits="0" branch="False" />
              </lines>
            </method>
            <method name="get_Name" signature="()" line-rate="0" branch-rate="1" complexity="1">
              <lines>
                <line number="7" hits="0" branch="False" />
              </lines>
            </method>
            <method name="get_Price" signature="()" line-rate="0" branch-rate="1" complexity="1">
              <lines>
                <line number="9" hits="0" branch="False" />
              </lines>
            </method>
            <method name="get_IsDiscounted" signature="()" line-rate="0" branch-rate="1" complexity="1">
              <lines>
                <line number="11" hits="0" branch="False" />
              </lines>
            </method>
            <method name="get_Discount" signature="()" line-rate="0" branch-rate="1" complexity="1">
              <lines>
                <line number="13" hits="0" branch="False" />
              </lines>
            </method>
            <method name="get_Description" signature="()" line-rate="0" branch-rate="1" complexity="1">
              <lines>
                <line number="15" hits="0" branch="False" />
              </lines>
            </method>
            <method name="get_QuantityInStock" signature="()" line-rate="0" branch-rate="1" complexity="1">
              <lines>
                <line number="17" hits="0" branch="False" />
              </lines>
            </method>
            <method name="get_MainImageName" signature="()" line-rate="0" branch-rate="1" complexity="1">
              <lines>
                <line number="19" hits="0" branch="False" />
              </lines>
            </method>
            <method name="get_MainImageUrl" signature="()" line-rate="0" branch-rate="1" complexity="1">
              <lines>
                <line number="21" hits="0" branch="False" />
              </lines>
            </method>
            <method name="get_ImagesNames" signature="()" line-rate="0" branch-rate="1" complexity="1">
              <lines>
                <line number="23" hits="0" branch="False" />
              </lines>
            </method>
          </methods>
          <lines>
            <line number="5" hits="0" branch="False" />
            <line number="7" hits="0" branch="False" />
            <line number="9" hits="0" branch="False" />
            <line number="11" hits="0" branch="False" />
            <line number="13" hits="0" branch="False" />
            <line number="15" hits="0" branch="False" />
            <line number="17" hits="0" branch="False" />
            <line number="19" hits="0" branch="False" />
            <line number="21" hits="0" branch="False" />
            <line number="23" hits="0" branch="False" />
          </lines>
        </class>
        <class name="HoneyZoneMvc.BusinessLogic.ViewModels.Product.ProductsOrderedUserViewModel" filename="Documents\GitHub\HoneyZoneMvc\Honey-Zone\HoneyZoneMvc.BusinessLogic\ViewModels\Product\ProductsOrderedUserViewModel.cs" line-rate="0" branch-rate="1" complexity="6">
          <methods>
            <method name="get_IsDiscounted" signature="()" line-rate="0" branch-rate="1" complexity="1">
              <lines>
                <line number="5" hits="0" branch="False" />
              </lines>
            </method>
            <method name="get_DiscountedPrice" signature="()" line-rate="0" branch-rate="1" complexity="1">
              <lines>
                <line number="6" hits="0" branch="False" />
              </lines>
            </method>
            <method name="get_Name" signature="()" line-rate="0" branch-rate="1" complexity="1">
              <lines>
                <line number="7" hits="0" branch="False" />
              </lines>
            </method>
            <method name="get_Price" signature="()" line-rate="0" branch-rate="1" complexity="1">
              <lines>
                <line number="8" hits="0" branch="False" />
              </lines>
            </method>
            <method name="get_Quantity" signature="()" line-rate="0" branch-rate="1" complexity="1">
              <lines>
                <line number="9" hits="0" branch="False" />
              </lines>
            </method>
            <method name="get_ProductAmount" signature="()" line-rate="0" branch-rate="1" complexity="1">
              <lines>
                <line number="10" hits="0" branch="False" />
              </lines>
            </method>
          </methods>
          <lines>
            <line number="5" hits="0" branch="False" />
            <line number="6" hits="0" branch="False" />
            <line number="7" hits="0" branch="False" />
            <line number="8" hits="0" branch="False" />
            <line number="9" hits="0" branch="False" />
            <line number="10" hits="0" branch="False" />
          </lines>
        </class>
        <class name="HoneyZoneMvc.BusinessLogic.ViewModels.Order.AllOrdersQueryModel" filename="Documents\GitHub\HoneyZoneMvc\Honey-Zone\HoneyZoneMvc.BusinessLogic\ViewModels\Order\AllOrdersQueryModel.cs" line-rate="0.9" branch-rate="1" complexity="10">
          <methods>
            <method name="get_OrdersPerPage" signature="()" line-rate="1" branch-rate="1" complexity="1">
              <lines>
                <line number="8" hits="6" branch="False" />
              </lines>
            </method>
            <method name="get_Day" signature="()" line-rate="1" branch-rate="1" complexity="1">
              <lines>
                <line number="10" hits="6" branch="False" />
              </lines>
            </method>
            <method name="get_Month" signature="()" line-rate="1" branch-rate="1" complexity="1">
              <lines>
                <line number="12" hits="6" branch="False" />
              </lines>
            </method>
            <method name="get_Year" signature="()" line-rate="1" branch-rate="1" complexity="1">
              <lines>
                <line number="14" hits="6" branch="False" />
              </lines>
            </method>
            <method name="get_SearchTerm" signature="()" line-rate="1" branch-rate="1" complexity="1">
              <lines>
                <line number="16" hits="6" branch="False" />
              </lines>
            </method>
            <method name="get_SortBy" signature="()" line-rate="0" branch-rate="1" complexity="1">
              <lines>
                <line number="18" hits="0" branch="False" />
              </lines>
            </method>
            <method name="get_CurrentPage" signature="()" line-rate="1" branch-rate="1" complexity="1">
              <lines>
                <line number="20" hits="6" branch="False" />
              </lines>
            </method>
            <method name="get_TotalOrdersCount" signature="()" line-rate="1" branch-rate="1" complexity="1">
              <lines>
                <line number="22" hits="6" branch="False" />
              </lines>
            </method>
            <method name="get_Deliveries" signature="()" line-rate="1" branch-rate="1" complexity="1">
              <lines>
                <line number="24" hits="6" branch="False" />
              </lines>
            </method>
            <method name="get_Orders" signature="()" line-rate="1" branch-rate="1" complexity="1">
              <lines>
                <line number="26" hits="20" branch="False" />
              </lines>
            </method>
          </methods>
          <lines>
            <line number="8" hits="6" branch="False" />
            <line number="10" hits="6" branch="False" />
            <line number="12" hits="6" branch="False" />
            <line number="14" hits="6" branch="False" />
            <line number="16" hits="6" branch="False" />
            <line number="18" hits="0" branch="False" />
            <line number="20" hits="6" branch="False" />
            <line number="22" hits="6" branch="False" />
            <line number="24" hits="6" branch="False" />
            <line number="26" hits="20" branch="False" />
          </lines>
        </class>
        <class name="HoneyZoneMvc.BusinessLogic.ViewModels.Order.ChangeOrderStatusViewModel" filename="Documents\GitHub\HoneyZoneMvc\Honey-Zone\HoneyZoneMvc.BusinessLogic\ViewModels\Order\ChangeOrderStatusViewModel.cs" line-rate="1" branch-rate="1" complexity="4">
          <methods>
            <method name="get_Id" signature="()" line-rate="1" branch-rate="1" complexity="1">
              <lines>
                <line number="7" hits="13" branch="False" />
              </lines>
            </method>
            <method name="get_CurrentStatus" signature="()" line-rate="1" branch-rate="1" complexity="1">
              <lines>
                <line number="8" hits="5" branch="False" />
              </lines>
            </method>
            <method name="get_Statuses" signature="()" line-rate="1" branch-rate="1" complexity="1">
              <lines>
                <line number="9" hits="5" branch="False" />
              </lines>
            </method>
            <method name="get_StatusId" signature="()" line-rate="1" branch-rate="1" complexity="1">
              <lines>
                <line number="10" hits="8" branch="False" />
              </lines>
            </method>
          </methods>
          <lines>
            <line number="7" hits="13" branch="False" />
            <line number="8" hits="5" branch="False" />
            <line number="9" hits="5" branch="False" />
            <line number="10" hits="8" branch="False" />
          </lines>
        </class>
        <class name="HoneyZoneMvc.BusinessLogic.ViewModels.Order.OrderAddViewModel" filename="Documents\GitHub\HoneyZoneMvc\Honey-Zone\HoneyZoneMvc.BusinessLogic\ViewModels\Order\OrderAddViewModel.cs" line-rate="0.8571" branch-rate="1" complexity="7">
          <methods>
            <method name="get_TotalSum" signature="()" line-rate="1" branch-rate="1" complexity="1">
              <lines>
                <line number="7" hits="2" branch="False" />
              </lines>
            </method>
            <method name="get_DeliveryMethodId" signature="()" line-rate="1" branch-rate="1" complexity="1">
              <lines>
                <line number="9" hits="2" branch="False" />
              </lines>
            </method>
            <method name="get_ClientId" signature="()" line-rate="1" branch-rate="1" complexity="1">
              <lines>
                <line number="11" hits="4" branch="False" />
              </lines>
            </method>
            <method name="get_OrderDate" signature="()" line-rate="1" branch-rate="1" complexity="1">
              <lines>
                <line number="13" hits="2" branch="False" />
              </lines>
            </method>
            <method name="get_OrderDetailId" signature="()" line-rate="0" branch-rate="1" complexity="1">
              <lines>
                <line number="15" hits="0" branch="False" />
              </lines>
            </method>
            <method name="get_OrderDetail" signature="()" line-rate="1" branch-rate="1" complexity="1">
              <lines>
                <line number="17" hits="9" branch="False" />
              </lines>
            </method>
            <method name="get_OrderProducts" signature="()" line-rate="1" branch-rate="1" complexity="1">
              <lines>
                <line number="19" hits="4" branch="False" />
              </lines>
            </method>
          </methods>
          <lines>
            <line number="7" hits="2" branch="False" />
            <line number="9" hits="2" branch="False" />
            <line number="11" hits="4" branch="False" />
            <line number="13" hits="2" branch="False" />
            <line number="15" hits="0" branch="False" />
            <line number="17" hits="9" branch="False" />
            <line number="19" hits="4" branch="False" />
          </lines>
        </class>
        <class name="HoneyZoneMvc.BusinessLogic.ViewModels.Order.OrderAdminViewModel" filename="Documents\GitHub\HoneyZoneMvc\Honey-Zone\HoneyZoneMvc.BusinessLogic\ViewModels\Order\OrderAdminViewModel.cs" line-rate="1" branch-rate="1" complexity="9">
          <methods>
            <method name="get_Id" signature="()" line-rate="1" branch-rate="1" complexity="1">
              <lines>
                <line number="5" hits="16" branch="False" />
              </lines>
            </method>
            <method name="get_TotalSum" signature="()" line-rate="1" branch-rate="1" complexity="1">
              <lines>
                <line number="7" hits="19" branch="False" />
              </lines>
            </method>
            <method name="get_DeliveryMethod" signature="()" line-rate="1" branch-rate="1" complexity="1">
              <lines>
                <line number="9" hits="16" branch="False" />
              </lines>
            </method>
            <method name="get_ClientName" signature="()" line-rate="1" branch-rate="1" complexity="1">
              <lines>
                <line number="11" hits="16" branch="False" />
              </lines>
            </method>
            <method name="get_OrderDate" signature="()" line-rate="1" branch-rate="1" complexity="1">
              <lines>
                <line number="13" hits="16" branch="False" />
              </lines>
            </method>
            <method name="get_Address" signature="()" line-rate="1" branch-rate="1" complexity="1">
              <lines>
                <line number="14" hits="16" branch="False" />
              </lines>
            </method>
            <method name="get_PhoneNumber" signature="()" line-rate="1" branch-rate="1" complexity="1">
              <lines>
                <line number="15" hits="16" branch="False" />
              </lines>
            </method>
            <method name="get_ExpectedDelivery" signature="()" line-rate="1" branch-rate="1" complexity="1">
              <lines>
                <line number="17" hits="16" branch="False" />
              </lines>
            </method>
            <method name="get_State" signature="()" line-rate="1" branch-rate="1" complexity="1">
              <lines>
                <line number="19" hits="16" branch="False" />
              </lines>
            </method>
          </methods>
          <lines>
            <line number="5" hits="16" branch="False" />
            <line number="7" hits="19" branch="False" />
            <line number="9" hits="16" branch="False" />
            <line number="11" hits="16" branch="False" />
            <line number="13" hits="16" branch="False" />
            <line number="14" hits="16" branch="False" />
            <line number="15" hits="16" branch="False" />
            <line number="17" hits="16" branch="False" />
            <line number="19" hits="16" branch="False" />
          </lines>
        </class>
        <class name="HoneyZoneMvc.BusinessLogic.ViewModels.Order.OrderDetailViewModel" filename="Documents\GitHub\HoneyZoneMvc\Honey-Zone\HoneyZoneMvc.BusinessLogic\ViewModels\Order\OrderDetailViewModel.cs" line-rate="1" branch-rate="1" complexity="10">
          <methods>
            <method name="get_FirstName" signature="()" line-rate="1" branch-rate="1" complexity="1">
              <lines>
                <line number="14" hits="3" branch="False" />
              </lines>
            </method>
            <method name="get_LastName" signature="()" line-rate="1" branch-rate="1" complexity="1">
              <lines>
                <line number="19" hits="3" branch="False" />
              </lines>
            </method>
            <method name="get_PhoneNumber" signature="()" line-rate="1" branch-rate="1" complexity="1">
              <lines>
                <line number="25" hits="3" branch="False" />
              </lines>
            </method>
            <method name="get_Email" signature="()" line-rate="1" branch-rate="1" complexity="1">
              <lines>
                <line number="30" hits="3" branch="False" />
              </lines>
            </method>
            <method name="get_City" signature="()" line-rate="1" branch-rate="1" complexity="1">
              <lines>
                <line number="35" hits="3" branch="False" />
              </lines>
            </method>
            <method name="get_ZipCode" signature="()" line-rate="1" branch-rate="1" complexity="1">
              <lines>
                <line number="40" hits="3" branch="False" />
              </lines>
            </method>
            <method name="get_Address" signature="()" line-rate="1" branch-rate="1" complexity="1">
              <lines>
                <line number="45" hits="3" branch="False" />
              </lines>
            </method>
            <method name="get_DeliveryMethodId" signature="()" line-rate="1" branch-rate="1" complexity="1">
              <lines>
                <line number="48" hits="1" branch="False" />
              </lines>
            </method>
            <method name="get_DeliveryMethods" signature="()" line-rate="1" branch-rate="1" complexity="1">
              <lines>
                <line number="50" hits="1" branch="False" />
              </lines>
            </method>
            <method name="get_TotalSum" signature="()" line-rate="1" branch-rate="1" complexity="1">
              <lines>
                <line number="51" hits="1" branch="False" />
              </lines>
            </method>
          </methods>
          <lines>
            <line number="14" hits="3" branch="False" />
            <line number="19" hits="3" branch="False" />
            <line number="25" hits="3" branch="False" />
            <line number="30" hits="3" branch="False" />
            <line number="35" hits="3" branch="False" />
            <line number="40" hits="3" branch="False" />
            <line number="45" hits="3" branch="False" />
            <line number="48" hits="1" branch="False" />
            <line number="50" hits="1" branch="False" />
            <line number="51" hits="1" branch="False" />
          </lines>
        </class>
        <class name="HoneyZoneMvc.BusinessLogic.ViewModels.Order.OrderViewModel" filename="Documents\GitHub\HoneyZoneMvc\Honey-Zone\HoneyZoneMvc.BusinessLogic\ViewModels\Order\OrderInfoViewModel.cs" line-rate="1" branch-rate="1" complexity="10">
          <methods>
            <method name="get_Id" signature="()" line-rate="1" branch-rate="1" complexity="1">
              <lines>
                <line number="7" hits="6" branch="False" />
              </lines>
            </method>
            <method name="get_TotalSum" signature="()" line-rate="1" branch-rate="1" complexity="1">
              <lines>
                <line number="9" hits="6" branch="False" />
              </lines>
            </method>
            <method name="get_DeliveryMethod" signature="()" line-rate="1" branch-rate="1" complexity="1">
              <lines>
                <line number="11" hits="6" branch="False" />
              </lines>
            </method>
            <method name="get_ClientName" signature="()" line-rate="1" branch-rate="1" complexity="1">
              <lines>
                <line number="13" hits="6" branch="False" />
              </lines>
            </method>
            <method name="get_OrderDate" signature="()" line-rate="1" branch-rate="1" complexity="1">
              <lines>
                <line number="15" hits="6" branch="False" />
              </lines>
            </method>
            <method name="get_Address" signature="()" line-rate="1" branch-rate="1" complexity="1">
              <lines>
                <line number="16" hits="6" branch="False" />
              </lines>
            </method>
            <method name="get_PhoneNumber" signature="()" line-rate="1" branch-rate="1" complexity="1">
              <lines>
                <line number="17" hits="7" branch="False" />
              </lines>
            </method>
            <method name="get_ExpectedDelivery" signature="()" line-rate="1" branch-rate="1" complexity="1">
              <lines>
                <line number="19" hits="6" branch="False" />
              </lines>
            </method>
            <method name="get_State" signature="()" line-rate="1" branch-rate="1" complexity="1">
              <lines>
                <line number="21" hits="6" branch="False" />
              </lines>
            </method>
            <method name="get_Products" signature="()" line-rate="1" branch-rate="1" complexity="1">
              <lines>
                <line number="23" hits="5" branch="False" />
              </lines>
            </method>
          </methods>
          <lines>
            <line number="7" hits="6" branch="False" />
            <line number="9" hits="6" branch="False" />
            <line number="11" hits="6" branch="False" />
            <line number="13" hits="6" branch="False" />
            <line number="15" hits="6" branch="False" />
            <line number="16" hits="6" branch="False" />
            <line number="17" hits="7" branch="False" />
            <line number="19" hits="6" branch="False" />
            <line number="21" hits="6" branch="False" />
            <line number="23" hits="5" branch="False" />
          </lines>
        </class>
        <class name="HoneyZoneMvc.BusinessLogic.ViewModels.Order.OrdersFromUserViewModel" filename="Documents\GitHub\HoneyZoneMvc\Honey-Zone\HoneyZoneMvc.BusinessLogic\ViewModels\Order\OrdersFromUserViewModel.cs" line-rate="1" branch-rate="1" complexity="7">
          <methods>
            <method name="get_TotalSum" signature="()" line-rate="1" branch-rate="1" complexity="1">
              <lines>
                <line number="7" hits="2" branch="False" />
              </lines>
            </method>
            <method name="get_DeliveryMethod" signature="()" line-rate="1" branch-rate="1" complexity="1">
              <lines>
                <line number="8" hits="2" branch="False" />
              </lines>
            </method>
            <method name="get_OrderDate" signature="()" line-rate="1" branch-rate="1" complexity="1">
              <lines>
                <line number="9" hits="2" branch="False" />
              </lines>
            </method>
            <method name="get_ExpectedDelivery" signature="()" line-rate="1" branch-rate="1" complexity="1">
              <lines>
                <line number="10" hits="2" branch="False" />
              </lines>
            </method>
            <method name="get_State" signature="()" line-rate="1" branch-rate="1" complexity="1">
              <lines>
                <line number="11" hits="2" branch="False" />
              </lines>
            </method>
            <method name="get_Address" signature="()" line-rate="1" branch-rate="1" complexity="1">
              <lines>
                <line number="12" hits="2" branch="False" />
              </lines>
            </method>
            <method name="get_Products" signature="()" line-rate="1" branch-rate="1" complexity="1">
              <lines>
                <line number="13" hits="2" branch="False" />
              </lines>
            </method>
          </methods>
          <lines>
            <line number="7" hits="2" branch="False" />
            <line number="8" hits="2" branch="False" />
            <line number="9" hits="2" branch="False" />
            <line number="10" hits="2" branch="False" />
            <line number="11" hits="2" branch="False" />
            <line number="12" hits="2" branch="False" />
            <line number="13" hits="2" branch="False" />
          </lines>
        </class>
        <class name="HoneyZoneMvc.BusinessLogic.ViewModels.Image.ImageViewModel" filename="Documents\GitHub\HoneyZoneMvc\Honey-Zone\HoneyZoneMvc.BusinessLogic\ViewModels\Image\ImageViewModel.cs" line-rate="0" branch-rate="1" complexity="3">
          <methods>
            <method name="get_Id" signature="()" line-rate="0" branch-rate="1" complexity="1">
              <lines>
                <line number="9" hits="0" branch="False" />
              </lines>
            </method>
            <method name="get_Name" signature="()" line-rate="0" branch-rate="1" complexity="1">
              <lines>
                <line number="11" hits="0" branch="False" />
              </lines>
            </method>
            <method name="get_imageFile" signature="()" line-rate="0" branch-rate="1" complexity="1">
              <lines>
                <line number="12" hits="0" branch="False" />
              </lines>
            </method>
          </methods>
          <lines>
            <line number="9" hits="0" branch="False" />
            <line number="11" hits="0" branch="False" />
            <line number="12" hits="0" branch="False" />
          </lines>
        </class>
        <class name="HoneyZoneMvc.BusinessLogic.ViewModels.Errors.ErrorViewModel" filename="Documents\GitHub\HoneyZoneMvc\Honey-Zone\HoneyZoneMvc.BusinessLogic\ViewModels\Errors\ErrorViewModel.cs" line-rate="0" branch-rate="1" complexity="4">
          <methods>
            <method name="get_RequestId" signature="()" line-rate="0" branch-rate="1" complexity="1">
              <lines>
                <line number="5" hits="0" branch="False" />
              </lines>
            </method>
            <method name="get_Message" signature="()" line-rate="0" branch-rate="1" complexity="1">
              <lines>
                <line number="6" hits="0" branch="False" />
              </lines>
            </method>
            <method name="get_StackTrace" signature="()" line-rate="0" branch-rate="1" complexity="1">
              <lines>
                <line number="7" hits="0" branch="False" />
              </lines>
            </method>
            <method name="get_Source" signature="()" line-rate="0" branch-rate="1" complexity="1">
              <lines>
                <line number="8" hits="0" branch="False" />
              </lines>
            </method>
          </methods>
          <lines>
            <line number="5" hits="0" branch="False" />
            <line number="6" hits="0" branch="False" />
            <line number="7" hits="0" branch="False" />
            <line number="8" hits="0" branch="False" />
          </lines>
        </class>
        <class name="HoneyZoneMvc.BusinessLogic.ViewModels.Delivery.DeliveryMethodViewModel" filename="Documents\GitHub\HoneyZoneMvc\Honey-Zone\HoneyZoneMvc.BusinessLogic\ViewModels\Delivery\DeliveryMethodViewModel.cs" line-rate="0" branch-rate="1" complexity="2">
          <methods>
            <method name="get_Id" signature="()" line-rate="0" branch-rate="1" complexity="1">
              <lines>
                <line number="5" hits="0" branch="False" />
              </lines>
            </method>
            <method name="get_Name" signature="()" line-rate="0" branch-rate="1" complexity="1">
              <lines>
                <line number="6" hits="0" branch="False" />
              </lines>
            </method>
          </methods>
          <lines>
            <line number="5" hits="0" branch="False" />
            <line number="6" hits="0" branch="False" />
          </lines>
        </class>
        <class name="HoneyZoneMvc.BusinessLogic.ViewModels.CategoryViewModels.CategoryAddViewModel" filename="Documents\GitHub\HoneyZoneMvc\Honey-Zone\HoneyZoneMvc.BusinessLogic\ViewModels\Category\CategoryAddViewModel.cs" line-rate="0" branch-rate="1" complexity="1">
          <methods>
            <method name="get_Name" signature="()" line-rate="0" branch-rate="1" complexity="1">
              <lines>
                <line number="11" hits="0" branch="False" />
              </lines>
            </method>
          </methods>
          <lines>
            <line number="11" hits="0" branch="False" />
          </lines>
        </class>
        <class name="HoneyZoneMvc.BusinessLogic.ViewModels.CategoryViewModels.CategoryViewModel" filename="Documents\GitHub\HoneyZoneMvc\Honey-Zone\HoneyZoneMvc.BusinessLogic\ViewModels\Category\CategoryViewModel.cs" line-rate="0" branch-rate="1" complexity="2">
          <methods>
            <method name="get_Id" signature="()" line-rate="0" branch-rate="1" complexity="1">
              <lines>
                <line number="5" hits="0" branch="False" />
              </lines>
            </method>
            <method name="get_Name" signature="()" line-rate="0" branch-rate="1" complexity="1">
              <lines>
                <line number="6" hits="0" branch="False" />
              </lines>
            </method>
          </methods>
          <lines>
            <line number="5" hits="0" branch="False" />
            <line number="6" hits="0" branch="False" />
          </lines>
        </class>
        <class name="HoneyZoneMvc.BusinessLogic.ViewModels.CategoryViewModels.DiscountByCategoryViewModel" filename="Documents\GitHub\HoneyZoneMvc\Honey-Zone\HoneyZoneMvc.BusinessLogic\ViewModels\Category\DiscountByCategoryViewModel.cs" line-rate="0" branch-rate="1" complexity="3">
          <methods>
            <method name="get_CategoryId" signature="()" line-rate="0" branch-rate="1" complexity="1">
              <lines>
                <line number="8" hits="0" branch="False" />
              </lines>
            </method>
            <method name="get_Categories" signature="()" line-rate="0" branch-rate="1" complexity="1">
              <lines>
                <line number="10" hits="0" branch="False" />
              </lines>
            </method>
            <method name="get_Discount" signature="()" line-rate="0" branch-rate="1" complexity="1">
              <lines>
                <line number="13" hits="0" branch="False" />
              </lines>
            </method>
          </methods>
          <lines>
            <line number="8" hits="0" branch="False" />
            <line number="10" hits="0" branch="False" />
            <line number="13" hits="0" branch="False" />
          </lines>
        </class>
        <class name="HoneyZoneMvc.BusinessLogic.ViewModels.CartProduct.CartProductViewModel" filename="Documents\GitHub\HoneyZoneMvc\Honey-Zone\HoneyZoneMvc.BusinessLogic\ViewModels\CartProduct\CartProductViewModel.cs" line-rate="0" branch-rate="1" complexity="3">
          <methods>
            <method name="get_ProductId" signature="()" line-rate="0" branch-rate="1" complexity="1">
              <lines>
                <line number="5" hits="0" branch="False" />
              </lines>
            </method>
            <method name="get_BuyerId" signature="()" line-rate="0" branch-rate="1" complexity="1">
              <lines>
                <line number="6" hits="0" branch="False" />
              </lines>
            </method>
            <method name="get_Quantity" signature="()" line-rate="0" branch-rate="1" complexity="1">
              <lines>
                <line number="7" hits="0" branch="False" />
              </lines>
            </method>
          </methods>
          <lines>
            <line number="5" hits="0" branch="False" />
            <line number="6" hits="0" branch="False" />
            <line number="7" hits="0" branch="False" />
          </lines>
        </class>
        <class name="HoneyZoneMvc.BusinessLogic.ViewModels.CartProduct.PostProductCartViewModel" filename="Documents\GitHub\HoneyZoneMvc\Honey-Zone\HoneyZoneMvc.BusinessLogic\ViewModels\CartProduct\PostProductCartViewModel.cs" line-rate="0" branch-rate="1" complexity="2">
          <methods>
            <method name="get_ProductId" signature="()" line-rate="0" branch-rate="1" complexity="1">
              <lines>
                <line number="5" hits="0" branch="False" />
              </lines>
            </method>
            <method name="get_Quantity" signature="()" line-rate="0" branch-rate="1" complexity="1">
              <lines>
                <line number="6" hits="0" branch="False" />
              </lines>
            </method>
          </methods>
          <lines>
            <line number="5" hits="0" branch="False" />
            <line number="6" hits="0" branch="False" />
          </lines>
        </class>
        <class name="HoneyZoneMvc.BusinessLogic.Services.CartProductService" filename="Documents\GitHub\HoneyZoneMvc\Honey-Zone\HoneyZoneMvc.BusinessLogic\Services\CartProductService.cs" line-rate="0" branch-rate="1" complexity="1">
          <methods>
            <method name=".ctor" signature="(HoneyZoneMvc.BusinessLogic.Contracts.ServiceContracts.IProductService)" line-rate="0" branch-rate="1" complexity="1">
              <lines>
                <line number="12" hits="0" branch="False" />
                <line number="13" hits="0" branch="False" />
                <line number="14" hits="0" branch="False" />
                <line number="15" hits="0" branch="False" />
              </lines>
            </method>
          </methods>
          <lines>
            <line number="12" hits="0" branch="False" />
            <line number="13" hits="0" branch="False" />
            <line number="14" hits="0" branch="False" />
            <line number="15" hits="0" branch="False" />
          </lines>
        </class>
        <class name="HoneyZoneMvc.BusinessLogic.Services.CartProductService/&lt;&gt;c__DisplayClass3_0" filename="Documents\GitHub\HoneyZoneMvc\Honey-Zone\HoneyZoneMvc.BusinessLogic\Services\CartProductService.cs" line-rate="0" branch-rate="1" complexity="1">
          <methods>
            <method name="&lt;AddCartAsync&gt;b__0" signature="(HoneyZoneMvc.BusinessLogic.ViewModels.CartProduct.PostProductCartViewModel)" line-rate="0" branch-rate="1" complexity="1">
              <lines>
                <line number="56" hits="0" branch="False" />
              </lines>
            </method>
          </methods>
          <lines>
            <line number="56" hits="0" branch="False" />
          </lines>
        </class>
        <class name="HoneyZoneMvc.BusinessLogic.Services.CartProductService/&lt;&gt;c__DisplayClass4_0" filename="Documents\GitHub\HoneyZoneMvc\Honey-Zone\HoneyZoneMvc.BusinessLogic\Services\CartProductService.cs" line-rate="0" branch-rate="1" complexity="2">
          <methods>
            <method name="&lt;RemoveProductFromCartAsync&gt;b__1" signature="(HoneyZoneMvc.BusinessLogic.ViewModels.CartProduct.PostProductCartViewModel)" line-rate="0" branch-rate="1" complexity="1">
              <lines>
                <line number="85" hits="0" branch="False" />
              </lines>
            </method>
            <method name="&lt;RemoveProductFromCartAsync&gt;b__0" signature="(HoneyZoneMvc.BusinessLogic.ViewModels.CartProduct.PostProductCartViewModel)" line-rate="0" branch-rate="1" complexity="1">
              <lines>
                <line number="89" hits="0" branch="False" />
              </lines>
            </method>
          </methods>
          <lines>
            <line number="85" hits="0" branch="False" />
            <line number="89" hits="0" branch="False" />
          </lines>
        </class>
        <class name="HoneyZoneMvc.BusinessLogic.Services.CartProductService/&lt;&gt;c__DisplayClass5_0" filename="Documents\GitHub\HoneyZoneMvc\Honey-Zone\HoneyZoneMvc.BusinessLogic\Services\CartProductService.cs" line-rate="0" branch-rate="1" complexity="1">
          <methods>
            <method name="&lt;UpdateCartAsync&gt;b__0" signature="(HoneyZoneMvc.BusinessLogic.ViewModels.CartProduct.PostProductCartViewModel)" line-rate="0" branch-rate="1" complexity="1">
              <lines>
                <line number="116" hits="0" branch="False" />
              </lines>
            </method>
          </methods>
          <lines>
            <line number="116" hits="0" branch="False" />
          </lines>
        </class>
        <class name="HoneyZoneMvc.BusinessLogic.Services.CartProductService/&lt;&gt;c__DisplayClass6_0" filename="Documents\GitHub\HoneyZoneMvc\Honey-Zone\HoneyZoneMvc.BusinessLogic\Services\CartProductService.cs" line-rate="0" branch-rate="0" complexity="3">
          <methods>
            <method name="&lt;CartSumAsync&gt;b__0" signature="(HoneyZoneMvc.BusinessLogic.ViewModels.Product.ProductAdminViewModel)" line-rate="0" branch-rate="1" complexity="1">
              <lines>
                <line number="140" hits="0" branch="False" />
              </lines>
            </method>
            <method name="&lt;CartSumAsync&gt;b__1" signature="(HoneyZoneMvc.BusinessLogic.ViewModels.Product.ProductAdminViewModel)" line-rate="0" branch-rate="0" complexity="2">
              <lines>
                <line number="142" hits="0" branch="False" />
                <line number="143" hits="0" branch="True" condition-coverage="0% (0/2)">
                  <conditions>
                    <condition number="27" type="jump" coverage="0%" />
                  </conditions>
                </line>
                <line number="144" hits="0" branch="False" />
                <line number="145" hits="0" branch="False" />
                <line number="146" hits="0" branch="False" />
                <line number="147" hits="0" branch="False" />
                <line number="149" hits="0" branch="False" />
              </lines>
            </method>
          </methods>
          <lines>
            <line number="140" hits="0" branch="False" />
            <line number="142" hits="0" branch="False" />
            <line number="143" hits="0" branch="True" condition-coverage="0% (0/2)">
              <conditions>
                <condition number="27" type="jump" coverage="0%" />
              </conditions>
            </line>
            <line number="144" hits="0" branch="False" />
            <line number="145" hits="0" branch="False" />
            <line number="146" hits="0" branch="False" />
            <line number="147" hits="0" branch="False" />
            <line number="149" hits="0" branch="False" />
          </lines>
        </class>
        <class name="HoneyZoneMvc.BusinessLogic.Services.CartProductService/&lt;AddCartAsync&gt;d__3" filename="Documents\GitHub\HoneyZoneMvc\Honey-Zone\HoneyZoneMvc.BusinessLogic\Services\CartProductService.cs" line-rate="0" branch-rate="0" complexity="2">
          <methods>
            <method name="MoveNext" signature="()" line-rate="0" branch-rate="0" complexity="2">
              <lines>
                <line number="43" hits="0" branch="False" />
                <line number="45" hits="0" branch="False" />
                <line number="46" hits="0" branch="False" />
                <line number="47" hits="0" branch="False" />
                <line number="48" hits="0" branch="False" />
                <line number="49" hits="0" branch="False" />
                <line number="50" hits="0" branch="False" />
                <line number="54" hits="0" branch="False" />
                <line number="55" hits="0" branch="False" />
                <line number="58" hits="0" branch="True" condition-coverage="0% (0/2)">
                  <conditions>
                    <condition number="369" type="jump" coverage="0%" />
                  </conditions>
                </line>
                <line number="59" hits="0" branch="False" />
                <line number="60" hits="0" branch="False" />
                <line number="61" hits="0" branch="False" />
                <line number="63" hits="0" branch="False" />
                <line number="64" hits="0" branch="False" />
                <line number="65" hits="0" branch="False" />
                <line number="67" hits="0" branch="False" />
                <line number="68" hits="0" branch="False" />
                <line number="69" hits="0" branch="False" />
                <line number="70" hits="0" branch="False" />
                <line number="71" hits="0" branch="False" />
                <line number="73" hits="0" branch="False" />
              </lines>
            </method>
          </methods>
          <lines>
            <line number="43" hits="0" branch="False" />
            <line number="45" hits="0" branch="False" />
            <line number="46" hits="0" branch="False" />
            <line number="47" hits="0" branch="False" />
            <line number="48" hits="0" branch="False" />
            <line number="49" hits="0" branch="False" />
            <line number="50" hits="0" branch="False" />
            <line number="54" hits="0" branch="False" />
            <line number="55" hits="0" branch="False" />
            <line number="58" hits="0" branch="True" condition-coverage="0% (0/2)">
              <conditions>
                <condition number="369" type="jump" coverage="0%" />
              </conditions>
            </line>
            <line number="59" hits="0" branch="False" />
            <line number="60" hits="0" branch="False" />
            <line number="61" hits="0" branch="False" />
            <line number="63" hits="0" branch="False" />
            <line number="64" hits="0" branch="False" />
            <line number="65" hits="0" branch="False" />
            <line number="67" hits="0" branch="False" />
            <line number="68" hits="0" branch="False" />
            <line number="69" hits="0" branch="False" />
            <line number="70" hits="0" branch="False" />
            <line number="71" hits="0" branch="False" />
            <line number="73" hits="0" branch="False" />
          </lines>
        </class>
        <class name="HoneyZoneMvc.BusinessLogic.Services.CartProductService/&lt;CartSumAsync&gt;d__6" filename="Documents\GitHub\HoneyZoneMvc\Honey-Zone\HoneyZoneMvc.BusinessLogic\Services\CartProductService.cs" line-rate="0" branch-rate="0" complexity="2">
          <methods>
            <method name="MoveNext" signature="()" line-rate="0" branch-rate="0" complexity="2">
              <lines>
                <line number="133" hits="0" branch="False" />
                <line number="134" hits="0" branch="False" />
                <line number="135" hits="0" branch="True" condition-coverage="0% (0/2)">
                  <conditions>
                    <condition number="196" type="jump" coverage="0%" />
                  </conditions>
                </line>
                <line number="136" hits="0" branch="False" />
                <line number="137" hits="0" branch="False" />
                <line number="139" hits="0" branch="False" />
                <line number="141" hits="0" branch="False" />
                <line number="148" hits="0" branch="False" />
                <line number="150" hits="0" branch="False" />
                <line number="151" hits="0" branch="False" />
                <line number="152" hits="0" branch="False" />
              </lines>
            </method>
          </methods>
          <lines>
            <line number="133" hits="0" branch="False" />
            <line number="134" hits="0" branch="False" />
            <line number="135" hits="0" branch="True" condition-coverage="0% (0/2)">
              <conditions>
                <condition number="196" type="jump" coverage="0%" />
              </conditions>
            </line>
            <line number="136" hits="0" branch="False" />
            <line number="137" hits="0" branch="False" />
            <line number="139" hits="0" branch="False" />
            <line number="141" hits="0" branch="False" />
            <line number="148" hits="0" branch="False" />
            <line number="150" hits="0" branch="False" />
            <line number="151" hits="0" branch="False" />
            <line number="152" hits="0" branch="False" />
          </lines>
        </class>
        <class name="HoneyZoneMvc.BusinessLogic.Services.CartProductService/&lt;DeleteAsync&gt;d__2" filename="Documents\GitHub\HoneyZoneMvc\Honey-Zone\HoneyZoneMvc.BusinessLogic\Services\CartProductService.cs" line-rate="0" branch-rate="0" complexity="2">
          <methods>
            <method name="MoveNext" signature="()" line-rate="0" branch-rate="0" complexity="2">
              <lines>
                <line number="23" hits="0" branch="False" />
                <line number="24" hits="0" branch="True" condition-coverage="0% (0/2)">
                  <conditions>
                    <condition number="41" type="jump" coverage="0%" />
                  </conditions>
                </line>
                <line number="25" hits="0" branch="False" />
                <line number="26" hits="0" branch="False" />
                <line number="27" hits="0" branch="False" />
                <line number="29" hits="0" branch="False" />
                <line number="30" hits="0" branch="False" />
                <line number="32" hits="0" branch="False" />
              </lines>
            </method>
          </methods>
          <lines>
            <line number="23" hits="0" branch="False" />
            <line number="24" hits="0" branch="True" condition-coverage="0% (0/2)">
              <conditions>
                <condition number="41" type="jump" coverage="0%" />
              </conditions>
            </line>
            <line number="25" hits="0" branch="False" />
            <line number="26" hits="0" branch="False" />
            <line number="27" hits="0" branch="False" />
            <line number="29" hits="0" branch="False" />
            <line number="30" hits="0" branch="False" />
            <line number="32" hits="0" branch="False" />
          </lines>
        </class>
        <class name="HoneyZoneMvc.BusinessLogic.Services.CartProductService/&lt;ProductsFromCartAsync&gt;d__7" filename="Documents\GitHub\HoneyZoneMvc\Honey-Zone\HoneyZoneMvc.BusinessLogic\Services\CartProductService.cs" line-rate="0" branch-rate="0" complexity="2">
          <methods>
            <method name="MoveNext" signature="()" line-rate="0" branch-rate="0" complexity="2">
              <lines>
[...]
                <line number="276" hits="1" branch="False" />
              </lines>
            </method>
          </methods>
          <lines>
            <line number="272" hits="1" branch="False" />
            <line number="273" hits="1" branch="False" />
            <line number="274" hits="1" branch="False" />
            <line number="275" hits="1" branch="False" />
            <line number="276" hits="1" branch="False" />
          </lines>
        </class>
        <class name="HoneyZoneMvc.Tests.ProductServiceTests/&lt;DeleteAsync_DoesntDeleteProductsInActiveOrders&gt;d__21" filename="Documents\GitHub\HoneyZoneMvc\Honey-Zone\HoneyZoneMvc.Tests\ProductServiceTests.cs" line-rate="1" branch-rate="1" complexity="1">
          <methods>
            <method name="MoveNext" signature="()" line-rate="1" branch-rate="1" complexity="1">
              <lines>
                <line number="181" hits="1" branch="False" />
                <line number="182" hits="1" branch="False" />
                <line number="183" hits="1" branch="False" />
                <line number="184" hits="1" branch="False" />
                <line number="185" hits="1" branch="False" />
                <line number="186" hits="1" branch="False" />
                <line number="187" hits="1" branch="False" />
                <line number="188" hits="1" branch="False" />
                <line number="189" hits="1" branch="False" />
                <line number="190" hits="1" branch="False" />
                <line number="191" hits="1" branch="False" />
                <line number="192" hits="1" branch="False" />
                <line number="193" hits="1" branch="False" />
                <line number="194" hits="1" branch="False" />
                <line number="195" hits="1" branch="False" />
                <line number="196" hits="1" branch="False" />
                <line number="197" hits="1" branch="False" />
                <line number="198" hits="1" branch="False" />
                <line number="199" hits="1" branch="False" />
                <line number="200" hits="1" branch="False" />
                <line number="201" hits="1" branch="False" />
                <line number="202" hits="1" branch="False" />
                <line number="203" hits="1" branch="False" />
                <line number="204" hits="1" branch="False" />
                <line number="205" hits="1" branch="False" />
                <line number="206" hits="1" branch="False" />
                <line number="207" hits="1" branch="False" />
                <line number="208" hits="1" branch="False" />
                <line number="209" hits="1" branch="False" />
                <line number="210" hits="1" branch="False" />
                <line number="212" hits="1" branch="False" />
              </lines>
            </method>
          </methods>
          <lines>
            <line number="181" hits="1" branch="False" />
            <line number="182" hits="1" branch="False" />
            <line number="183" hits="1" branch="False" />
            <line number="184" hits="1" branch="False" />
            <line number="185" hits="1" branch="False" />
            <line number="186" hits="1" branch="False" />
            <line number="187" hits="1" branch="False" />
            <line number="188" hits="1" branch="False" />
            <line number="189" hits="1" branch="False" />
            <line number="190" hits="1" branch="False" />
            <line number="191" hits="1" branch="False" />
            <line number="192" hits="1" branch="False" />
            <line number="193" hits="1" branch="False" />
            <line number="194" hits="1" branch="False" />
            <line number="195" hits="1" branch="False" />
            <line number="196" hits="1" branch="False" />
            <line number="197" hits="1" branch="False" />
            <line number="198" hits="1" branch="False" />
            <line number="199" hits="1" branch="False" />
            <line number="200" hits="1" branch="False" />
            <line number="201" hits="1" branch="False" />
            <line number="202" hits="1" branch="False" />
            <line number="203" hits="1" branch="False" />
            <line number="204" hits="1" branch="False" />
            <line number="205" hits="1" branch="False" />
            <line number="206" hits="1" branch="False" />
            <line number="207" hits="1" branch="False" />
            <line number="208" hits="1" branch="False" />
            <line number="209" hits="1" branch="False" />
            <line number="210" hits="1" branch="False" />
            <line number="212" hits="1" branch="False" />
          </lines>
        </class>
        <class name="HoneyZoneMvc.Tests.ProductServiceTests/&lt;DeleteAsync_WorksCorrectly&gt;d__20" filename="Documents\GitHub\HoneyZoneMvc\Honey-Zone\HoneyZoneMvc.Tests\ProductServiceTests.cs" line-rate="1" branch-rate="1" complexity="1">
          <methods>
            <method name="MoveNext" signature="()" line-rate="1" branch-rate="1" complexity="1">
              <lines>
                <line number="173" hits="1" branch="False" />
                <line number="174" hits="1" branch="False" />
                <line number="175" hits="1" branch="False" />
                <line number="176" hits="1" branch="False" />
                <line number="178" hits="1" branch="False" />
              </lines>
            </method>
          </methods>
          <lines>
            <line number="173" hits="1" branch="False" />
            <line number="174" hits="1" branch="False" />
            <line number="175" hits="1" branch="False" />
            <line number="176" hits="1" branch="False" />
            <line number="178" hits="1" branch="False" />
          </lines>
        </class>
        <class name="HoneyZoneMvc.Tests.ProductServiceTests/&lt;GetBestSellersAsync_WorksCorrectly&gt;d__18" filename="Documents\GitHub\HoneyZoneMvc\Honey-Zone\HoneyZoneMvc.Tests\ProductServiceTests.cs" line-rate="1" branch-rate="0.5" complexity="2">
          <methods>
            <method name="MoveNext" signature="()" line-rate="1" branch-rate="0.5" complexity="2">
              <lines>
                <line number="149" hits="1" branch="False" />
                <line number="150" hits="1" branch="False" />
                <line number="151" hits="1" branch="True" condition-coverage="50% (1/2)">
                  <conditions>
                    <condition number="171" type="jump" coverage="50%" />
                  </conditions>
                </line>
                <line number="152" hits="1" branch="False" />
              </lines>
            </method>
          </methods>
          <lines>
            <line number="149" hits="1" branch="False" />
            <line number="150" hits="1" branch="False" />
            <line number="151" hits="1" branch="True" condition-coverage="50% (1/2)">
              <conditions>
                <condition number="171" type="jump" coverage="50%" />
              </conditions>
            </line>
            <line number="152" hits="1" branch="False" />
          </lines>
        </class>
        <class name="HoneyZoneMvc.Tests.ProductServiceTests/&lt;GetByCategoryId_WorksCorrectly&gt;d__15" filename="Documents\GitHub\HoneyZoneMvc\Honey-Zone\HoneyZoneMvc.Tests\ProductServiceTests.cs" line-rate="1" branch-rate="1" complexity="1">
          <methods>
            <method name="MoveNext" signature="()" line-rate="1" branch-rate="1" complexity="1">
              <lines>
                <line number="129" hits="1" branch="False" />
                <line number="130" hits="1" branch="False" />
                <line number="131" hits="1" branch="False" />
                <line number="132" hits="1" branch="False" />
                <line number="133" hits="1" branch="False" />
                <line number="134" hits="1" branch="False" />
              </lines>
            </method>
          </methods>
          <lines>
            <line number="129" hits="1" branch="False" />
            <line number="130" hits="1" branch="False" />
            <line number="131" hits="1" branch="False" />
            <line number="132" hits="1" branch="False" />
            <line number="133" hits="1" branch="False" />
            <line number="134" hits="1" branch="False" />
          </lines>
        </class>
        <class name="HoneyZoneMvc.Tests.ProductServiceTests/&lt;GetByCategoryNameAsync_WorksCorrectly&gt;d__13" filename="Documents\GitHub\HoneyZoneMvc\Honey-Zone\HoneyZoneMvc.Tests\ProductServiceTests.cs" line-rate="1" branch-rate="1" complexity="1">
          <methods>
            <method name="MoveNext" signature="()" line-rate="1" branch-rate="1" complexity="1">
              <lines>
                <line number="114" hits="1" branch="False" />
                <line number="115" hits="1" branch="False" />
                <line number="116" hits="1" branch="False" />
                <line number="117" hits="1" branch="False" />
                <line number="118" hits="1" branch="False" />
                <line number="119" hits="1" branch="False" />
                <line number="120" hits="1" branch="False" />
                <line number="121" hits="1" branch="False" />
              </lines>
            </method>
          </methods>
          <lines>
            <line number="114" hits="1" branch="False" />
            <line number="115" hits="1" branch="False" />
            <line number="116" hits="1" branch="False" />
            <line number="117" hits="1" branch="False" />
            <line number="118" hits="1" branch="False" />
            <line number="119" hits="1" branch="False" />
            <line number="120" hits="1" branch="False" />
            <line number="121" hits="1" branch="False" />
          </lines>
        </class>
        <class name="HoneyZoneMvc.Tests.ProductServiceTests/&lt;GetById_WorksCorrectly&gt;d__16" filename="Documents\GitHub\HoneyZoneMvc\Honey-Zone\HoneyZoneMvc.Tests\ProductServiceTests.cs" line-rate="1" branch-rate="1" complexity="1">
          <methods>
            <method name="MoveNext" signature="()" line-rate="1" branch-rate="1" complexity="1">
              <lines>
                <line number="137" hits="1" branch="False" />
                <line number="138" hits="1" branch="False" />
                <line number="139" hits="1" branch="False" />
                <line number="141" hits="1" branch="False" />
              </lines>
            </method>
          </methods>
          <lines>
            <line number="137" hits="1" branch="False" />
            <line number="138" hits="1" branch="False" />
            <line number="139" hits="1" branch="False" />
            <line number="141" hits="1" branch="False" />
          </lines>
        </class>
        <class name="HoneyZoneMvc.Tests.ProductServiceTests/&lt;IncreaseTotalOrdersAsync_WorksCorrectly&gt;d__30" filename="Documents\GitHub\HoneyZoneMvc\Honey-Zone\HoneyZoneMvc.Tests\ProductServiceTests.cs" line-rate="1" branch-rate="1" complexity="1">
          <methods>
            <method name="MoveNext" signature="()" line-rate="1" branch-rate="1" complexity="1">
              <lines>
                <line number="279" hits="1" branch="False" />
                <line number="280" hits="1" branch="False" />
                <line number="281" hits="1" branch="False" />
                <line number="282" hits="1" branch="False" />
                <line number="283" hits="1" branch="False" />
              </lines>
            </method>
          </methods>
          <lines>
            <line number="279" hits="1" branch="False" />
            <line number="280" hits="1" branch="False" />
            <line number="281" hits="1" branch="False" />
            <line number="282" hits="1" branch="False" />
            <line number="283" hits="1" branch="False" />
          </lines>
        </class>
        <class name="HoneyZoneMvc.Tests.ProductServiceTests/&lt;RemoveDiscountAsync_WorksCorrectly&gt;d__27" filename="Documents\GitHub\HoneyZoneMvc\Honey-Zone\HoneyZoneMvc.Tests\ProductServiceTests.cs" line-rate="1" branch-rate="0.5" complexity="2">
          <methods>
            <method name="MoveNext" signature="()" line-rate="1" branch-rate="0.5" complexity="2">
              <lines>
                <line number="257" hits="1" branch="False" />
                <line number="258" hits="1" branch="False" />
                <line number="259" hits="1" branch="False" />
                <line number="260" hits="1" branch="True" condition-coverage="50% (1/2)">
                  <conditions>
                    <condition number="301" type="jump" coverage="50%" />
                  </conditions>
                </line>
                <line number="262" hits="1" branch="False" />
              </lines>
            </method>
          </methods>
          <lines>
            <line number="257" hits="1" branch="False" />
            <line number="258" hits="1" branch="False" />
            <line number="259" hits="1" branch="False" />
            <line number="260" hits="1" branch="True" condition-coverage="50% (1/2)">
              <conditions>
                <condition number="301" type="jump" coverage="50%" />
              </conditions>
            </line>
            <line number="262" hits="1" branch="False" />
          </lines>
        </class>
        <class name="HoneyZoneMvc.Tests.ProductServiceTests/&lt;SearchAsync_WorksCorrectly&gt;d__32" filename="Documents\GitHub\HoneyZoneMvc\Honey-Zone\HoneyZoneMvc.Tests\ProductServiceTests.cs" line-rate="1" branch-rate="1" complexity="1">
          <methods>
            <method name="MoveNext" signature="()" line-rate="1" branch-rate="1" complexity="1">
              <lines>
                <line number="292" hits="1" branch="False" />
                <line number="293" hits="1" branch="False" />
                <line number="294" hits="1" branch="False" />
                <line number="295" hits="1" branch="False" />
              </lines>
            </method>
          </methods>
          <lines>
            <line number="292" hits="1" branch="False" />
            <line number="293" hits="1" branch="False" />
            <line number="294" hits="1" branch="False" />
            <line number="295" hits="1" branch="False" />
          </lines>
        </class>
        <class name="HoneyZoneMvc.Tests.ProductServiceTests/&lt;SetDiscountAsync_WorksCorrectly&gt;d__23" filename="Documents\GitHub\HoneyZoneMvc\Honey-Zone\HoneyZoneMvc.Tests\ProductServiceTests.cs" line-rate="1" branch-rate="0.5" complexity="2">
          <methods>
            <method name="MoveNext" signature="()" line-rate="1" branch-rate="0.5" complexity="2">
              <lines>
                <line number="220" hits="1" branch="False" />
                <line number="221" hits="1" branch="False" />
                <line number="222" hits="1" branch="False" />
                <line number="223" hits="1" branch="False" />
                <line number="224" hits="1" branch="False" />
                <line number="225" hits="1" branch="False" />
                <line number="227" hits="1" branch="False" />
                <line number="228" hits="1" branch="False" />
                <line number="229" hits="1" branch="True" condition-coverage="50% (1/2)">
                  <conditions>
                    <condition number="341" type="jump" coverage="50%" />
                  </conditions>
                </line>
                <line number="230" hits="1" branch="False" />
              </lines>
            </method>
          </methods>
          <lines>
            <line number="220" hits="1" branch="False" />
            <line number="221" hits="1" branch="False" />
            <line number="222" hits="1" branch="False" />
            <line number="223" hits="1" branch="False" />
            <line number="224" hits="1" branch="False" />
            <line number="225" hits="1" branch="False" />
            <line number="227" hits="1" branch="False" />
            <line number="228" hits="1" branch="False" />
            <line number="229" hits="1" branch="True" condition-coverage="50% (1/2)">
              <conditions>
                <condition number="341" type="jump" coverage="50%" />
              </conditions>
            </line>
            <line number="230" hits="1" branch="False" />
          </lines>
        </class>
        <class name="HoneyZoneMvc.Tests.ProductServiceTests/&lt;SetDiscountByCategoryAsync_WorksCorrectly&gt;d__25" filename="Documents\GitHub\HoneyZoneMvc\Honey-Zone\HoneyZoneMvc.Tests\ProductServiceTests.cs" line-rate="1" branch-rate="1" complexity="1">
          <methods>
            <method name="MoveNext" signature="()" line-rate="1" branch-rate="1" complexity="1">
              <lines>
                <line number="244" hits="1" branch="False" />
                <line number="245" hits="1" branch="False" />
                <line number="246" hits="1" branch="False" />
                <line number="249" hits="1" branch="False" />
              </lines>
            </method>
          </methods>
          <lines>
            <line number="244" hits="1" branch="False" />
            <line number="245" hits="1" branch="False" />
            <line number="246" hits="1" branch="False" />
            <line number="249" hits="1" branch="False" />
          </lines>
        </class>
        <class name="HoneyZoneMvc.Tests.ProductServiceTests/&lt;UpdateAsync_WorksCorrectly&gt;d__19" filename="Documents\GitHub\HoneyZoneMvc\Honey-Zone\HoneyZoneMvc.Tests\ProductServiceTests.cs" line-rate="1" branch-rate="1" complexity="1">
          <methods>
            <method name="MoveNext" signature="()" line-rate="1" branch-rate="1" complexity="1">
              <lines>
                <line number="155" hits="1" branch="False" />
                <line number="156" hits="1" branch="False" />
                <line number="157" hits="1" branch="False" />
                <line number="158" hits="1" branch="False" />
                <line number="159" hits="1" branch="False" />
                <line number="160" hits="1" branch="False" />
                <line number="161" hits="1" branch="False" />
                <line number="162" hits="1" branch="False" />
                <line number="163" hits="1" branch="False" />
                <line number="164" hits="1" branch="False" />
                <line number="165" hits="1" branch="False" />
                <line number="166" hits="1" branch="False" />
                <line number="167" hits="1" branch="False" />
                <line number="168" hits="1" branch="False" />
                <line number="169" hits="1" branch="False" />
                <line number="170" hits="1" branch="False" />
              </lines>
            </method>
          </methods>
          <lines>
            <line number="155" hits="1" branch="False" />
            <line number="156" hits="1" branch="False" />
            <line number="157" hits="1" branch="False" />
            <line number="158" hits="1" branch="False" />
            <line number="159" hits="1" branch="False" />
            <line number="160" hits="1" branch="False" />
            <line number="161" hits="1" branch="False" />
            <line number="162" hits="1" branch="False" />
            <line number="163" hits="1" branch="False" />
            <line number="164" hits="1" branch="False" />
            <line number="165" hits="1" branch="False" />
            <line number="166" hits="1" branch="False" />
            <line number="167" hits="1" branch="False" />
            <line number="168" hits="1" branch="False" />
            <line number="169" hits="1" branch="False" />
            <line number="170" hits="1" branch="False" />
          </lines>
        </class>
      </classes>
    </package>
  </packages>
</coverage>